[0.886s] Invoking command in '/home/gianluca/ros2_ws/src/robethichor': PYTHONPATH=/home/gianluca/ros2_ws/src/build/robethichor/prefix_override:/usr/lib/python3/dist-packages/colcon_core/task/python/colcon_distutils_commands:/home/gianluca/ros2_ws/src/install/robethichor/lib/python3.10/site-packages:${PYTHONPATH} /usr/bin/python3 -W ignore:setup.py install is deprecated setup.py egg_info --egg-base ../build/robethichor build --build-base /home/gianluca/ros2_ws/src/build/robethichor/build install --record /home/gianluca/ros2_ws/src/build/robethichor/install.log --single-version-externally-managed install_data
[1.154s] running egg_info
[1.156s] writing ../build/robethichor/robethichor.egg-info/PKG-INFO
[1.158s] writing dependency_links to ../build/robethichor/robethichor.egg-info/dependency_links.txt
[1.161s] writing entry points to ../build/robethichor/robethichor.egg-info/entry_points.txt
[1.161s] writing requirements to ../build/robethichor/robethichor.egg-info/requires.txt
[1.162s] writing top-level names to ../build/robethichor/robethichor.egg-info/top_level.txt
[1.166s] reading manifest file '../build/robethichor/robethichor.egg-info/SOURCES.txt'
[1.166s] adding license file 'LICENSE'
[1.168s] writing manifest file '../build/robethichor/robethichor.egg-info/SOURCES.txt'
[1.169s] running build
[1.170s] running build_py
[1.171s] copying robethichor/nodes/ethics_manager/ethics_manager_node.py -> /home/gianluca/ros2_ws/src/build/robethichor/build/lib/robethichor/nodes/ethics_manager
[1.172s] running install
[1.173s] running install_lib
[1.177s] copying /home/gianluca/ros2_ws/src/build/robethichor/build/lib/robethichor/nodes/ethics_manager/ethics_manager_node.py -> /home/gianluca/ros2_ws/src/install/robethichor/lib/python3.10/site-packages/robethichor/nodes/ethics_manager
[1.178s] byte-compiling /home/gianluca/ros2_ws/src/install/robethichor/lib/python3.10/site-packages/robethichor/nodes/ethics_manager/ethics_manager_node.py to ethics_manager_node.cpython-310.pyc
[1.179s] running install_data
[1.179s] running install_egg_info
[1.181s] removing '/home/gianluca/ros2_ws/src/install/robethichor/lib/python3.10/site-packages/robethichor-0.0.1-py3.10.egg-info' (and everything under it)
[1.182s] Copying ../build/robethichor/robethichor.egg-info to /home/gianluca/ros2_ws/src/install/robethichor/lib/python3.10/site-packages/robethichor-0.0.1-py3.10.egg-info
[1.183s] running install_scripts
[1.205s] Installing connector_node script to /home/gianluca/ros2_ws/src/install/robethichor/lib/robethichor
[1.205s] Installing context_manager_node script to /home/gianluca/ros2_ws/src/install/robethichor/lib/robethichor
[1.205s] Installing ethics_manager_node script to /home/gianluca/ros2_ws/src/install/robethichor/lib/robethichor
[1.206s] Installing mission_controller_node script to /home/gianluca/ros2_ws/src/install/robethichor/lib/robethichor
[1.206s] Installing negotiation_manager_node script to /home/gianluca/ros2_ws/src/install/robethichor/lib/robethichor
[1.208s] writing list of installed files to '/home/gianluca/ros2_ws/src/build/robethichor/install.log'
[1.228s] Invoked command in '/home/gianluca/ros2_ws/src/robethichor' returned '0': PYTHONPATH=/home/gianluca/ros2_ws/src/build/robethichor/prefix_override:/usr/lib/python3/dist-packages/colcon_core/task/python/colcon_distutils_commands:/home/gianluca/ros2_ws/src/install/robethichor/lib/python3.10/site-packages:${PYTHONPATH} /usr/bin/python3 -W ignore:setup.py install is deprecated setup.py egg_info --egg-base ../build/robethichor build --build-base /home/gianluca/ros2_ws/src/build/robethichor/build install --record /home/gianluca/ros2_ws/src/build/robethichor/install.log --single-version-externally-managed install_data
