[0.827s] Invoking command in '/home/gianluca/ros2_ws/src/robethichor': PYTHONPATH=/home/gianluca/ros2_ws/src/build/robethichor/prefix_override:/usr/lib/python3/dist-packages/colcon_core/task/python/colcon_distutils_commands:/home/gianluca/ros2_ws/src/install/robethichor/lib/python3.10/site-packages:${PYTHONPATH} /usr/bin/python3 -W ignore:setup.py install is deprecated setup.py egg_info --egg-base ../build/robethichor build --build-base /home/gianluca/ros2_ws/src/build/robethichor/build install --record /home/gianluca/ros2_ws/src/build/robethichor/install.log --single-version-externally-managed install_data
[1.132s] running egg_info
[1.134s] writing ../build/robethichor/robethichor.egg-info/PKG-INFO
[1.134s] writing dependency_links to ../build/robethichor/robethichor.egg-info/dependency_links.txt
[1.134s] writing entry points to ../build/robethichor/robethichor.egg-info/entry_points.txt
[1.135s] writing requirements to ../build/robethichor/robethichor.egg-info/requires.txt
[1.135s] writing top-level names to ../build/robethichor/robethichor.egg-info/top_level.txt
[1.138s] reading manifest file '../build/robethichor/robethichor.egg-info/SOURCES.txt'
[1.138s] adding license file 'LICENSE'
[1.138s] writing manifest file '../build/robethichor/robethichor.egg-info/SOURCES.txt'
[1.138s] running build
[1.138s] running build_py
[1.138s] copying robethichor/nodes/ethics_manager/ethics_manager_node.py -> /home/gianluca/ros2_ws/src/build/robethichor/build/lib/robethichor/nodes/ethics_manager
[1.139s] running install
[1.140s] running install_lib
[1.142s] copying /home/gianluca/ros2_ws/src/build/robethichor/build/lib/robethichor/nodes/ethics_manager/ethics_manager_node.py -> /home/gianluca/ros2_ws/src/install/robethichor/lib/python3.10/site-packages/robethichor/nodes/ethics_manager
[1.142s] byte-compiling /home/gianluca/ros2_ws/src/install/robethichor/lib/python3.10/site-packages/robethichor/nodes/ethics_manager/ethics_manager_node.py to ethics_manager_node.cpython-310.pyc
[1.144s] running install_data
[1.144s] running install_egg_info
[1.145s] removing '/home/gianluca/ros2_ws/src/install/robethichor/lib/python3.10/site-packages/robethichor-0.0.1-py3.10.egg-info' (and everything under it)
[1.153s] Copying ../build/robethichor/robethichor.egg-info to /home/gianluca/ros2_ws/src/install/robethichor/lib/python3.10/site-packages/robethichor-0.0.1-py3.10.egg-info
[1.153s] running install_scripts
[1.172s] Installing connector_node script to /home/gianluca/ros2_ws/src/install/robethichor/lib/robethichor
[1.173s] Installing context_manager_node script to /home/gianluca/ros2_ws/src/install/robethichor/lib/robethichor
[1.173s] Installing ethics_manager_node script to /home/gianluca/ros2_ws/src/install/robethichor/lib/robethichor
[1.174s] Installing mission_controller_node script to /home/gianluca/ros2_ws/src/install/robethichor/lib/robethichor
[1.174s] Installing negotiation_manager_node script to /home/gianluca/ros2_ws/src/install/robethichor/lib/robethichor
[1.178s] writing list of installed files to '/home/gianluca/ros2_ws/src/build/robethichor/install.log'
[1.208s] Invoked command in '/home/gianluca/ros2_ws/src/robethichor' returned '0': PYTHONPATH=/home/gianluca/ros2_ws/src/build/robethichor/prefix_override:/usr/lib/python3/dist-packages/colcon_core/task/python/colcon_distutils_commands:/home/gianluca/ros2_ws/src/install/robethichor/lib/python3.10/site-packages:${PYTHONPATH} /usr/bin/python3 -W ignore:setup.py install is deprecated setup.py egg_info --egg-base ../build/robethichor build --build-base /home/gianluca/ros2_ws/src/build/robethichor/build install --record /home/gianluca/ros2_ws/src/build/robethichor/install.log --single-version-externally-managed install_data
