[0.734s] Invoking command in '/home/gianluca/ros2_ws/src/robethichor': PYTHONPATH=/home/gianluca/ros2_ws/src/build/robethichor/prefix_override:/usr/lib/python3/dist-packages/colcon_core/task/python/colcon_distutils_commands:/home/gianluca/ros2_ws/src/install/robethichor/lib/python3.10/site-packages:${PYTHONPATH} /usr/bin/python3 -W ignore:setup.py install is deprecated setup.py egg_info --egg-base ../build/robethichor build --build-base /home/gianluca/ros2_ws/src/build/robethichor/build install --record /home/gianluca/ros2_ws/src/build/robethichor/install.log --single-version-externally-managed install_data
[0.982s] running egg_info
[0.982s] writing ../build/robethichor/robethichor.egg-info/PKG-INFO
[0.982s] writing dependency_links to ../build/robethichor/robethichor.egg-info/dependency_links.txt
[0.985s] writing entry points to ../build/robethichor/robethichor.egg-info/entry_points.txt
[0.985s] writing requirements to ../build/robethichor/robethichor.egg-info/requires.txt
[0.985s] writing top-level names to ../build/robethichor/robethichor.egg-info/top_level.txt
[0.986s] reading manifest file '../build/robethichor/robethichor.egg-info/SOURCES.txt'
[0.987s] adding license file 'LICENSE'
[0.988s] writing manifest file '../build/robethichor/robethichor.egg-info/SOURCES.txt'
[0.991s] running build
[0.991s] running build_py
[0.991s] copying robethichor/nodes/connector/connector_node.py -> /home/gianluca/ros2_ws/src/build/robethichor/build/lib/robethichor/nodes/connector
[0.991s] running install
[0.991s] running install_lib
[0.993s] copying /home/gianluca/ros2_ws/src/build/robethichor/build/lib/robethichor/nodes/connector/connector_node.py -> /home/gianluca/ros2_ws/src/install/robethichor/lib/python3.10/site-packages/robethichor/nodes/connector
[0.994s] byte-compiling /home/gianluca/ros2_ws/src/install/robethichor/lib/python3.10/site-packages/robethichor/nodes/connector/connector_node.py to connector_node.cpython-310.pyc
[0.995s] running install_data
[0.995s] running install_egg_info
[0.998s] removing '/home/gianluca/ros2_ws/src/install/robethichor/lib/python3.10/site-packages/robethichor-0.0.1-py3.10.egg-info' (and everything under it)
[0.998s] Copying ../build/robethichor/robethichor.egg-info to /home/gianluca/ros2_ws/src/install/robethichor/lib/python3.10/site-packages/robethichor-0.0.1-py3.10.egg-info
[1.002s] running install_scripts
[1.023s] Installing connector_node script to /home/gianluca/ros2_ws/src/install/robethichor/lib/robethichor
[1.025s] Installing context_manager_node script to /home/gianluca/ros2_ws/src/install/robethichor/lib/robethichor
[1.025s] Installing ethics_manager_node script to /home/gianluca/ros2_ws/src/install/robethichor/lib/robethichor
[1.025s] Installing mission_controller_node script to /home/gianluca/ros2_ws/src/install/robethichor/lib/robethichor
[1.026s] Installing negotiation_manager_node script to /home/gianluca/ros2_ws/src/install/robethichor/lib/robethichor
[1.026s] writing list of installed files to '/home/gianluca/ros2_ws/src/build/robethichor/install.log'
[1.051s] Invoked command in '/home/gianluca/ros2_ws/src/robethichor' returned '0': PYTHONPATH=/home/gianluca/ros2_ws/src/build/robethichor/prefix_override:/usr/lib/python3/dist-packages/colcon_core/task/python/colcon_distutils_commands:/home/gianluca/ros2_ws/src/install/robethichor/lib/python3.10/site-packages:${PYTHONPATH} /usr/bin/python3 -W ignore:setup.py install is deprecated setup.py egg_info --egg-base ../build/robethichor build --build-base /home/gianluca/ros2_ws/src/build/robethichor/build install --record /home/gianluca/ros2_ws/src/build/robethichor/install.log --single-version-externally-managed install_data
