[0.110s] DEBUG:colcon:Command line arguments: ['/usr/bin/colcon', 'build']
[0.110s] DEBUG:colcon:Parsed command line arguments: Namespace(log_base=None, log_level=None, verb_name='build', build_base='build', install_base='install', merge_install=False, symlink_install=False, test_result_base=None, continue_on_error=False, executor='parallel', parallel_workers=2, event_handlers=None, ignore_user_meta=False, metas=['./colcon.meta'], base_paths=['.'], packages_ignore=None, packages_ignore_regex=None, paths=None, packages_up_to=None, packages_up_to_regex=None, packages_above=None, packages_above_and_dependencies=None, packages_above_depth=None, packages_select_by_dep=None, packages_skip_by_dep=None, packages_skip_up_to=None, packages_select_build_failed=False, packages_skip_build_finished=False, packages_select_test_failures=False, packages_skip_test_passed=False, packages_select=None, packages_skip=None, packages_select_regex=None, packages_skip_regex=None, packages_start=None, packages_end=None, allow_overriding=[], cmake_args=None, cmake_target=None, cmake_target_skip_unavailable=False, cmake_clean_cache=False, cmake_clean_first=False, cmake_force_configure=False, ament_cmake_args=None, catkin_cmake_args=None, catkin_skip_building_tests=False, mixin_files=None, mixin=None, verb_parser=<colcon_mixin.mixin.mixin_argument.MixinArgumentDecorator object at 0x7c42aa042440>, verb_extension=<colcon_core.verb.build.BuildVerb object at 0x7c42aa0415a0>, main=<bound method BuildVerb.main of <colcon_core.verb.build.BuildVerb object at 0x7c42aa0415a0>>, mixin_verb=('build',))
[0.268s] Level 1:colcon.colcon_core.package_discovery:discover_packages(colcon_meta) check parameters
[0.268s] Level 1:colcon.colcon_core.package_discovery:discover_packages(recursive) check parameters
[0.268s] Level 1:colcon.colcon_core.package_discovery:discover_packages(ignore) check parameters
[0.268s] Level 1:colcon.colcon_core.package_discovery:discover_packages(path) check parameters
[0.268s] Level 1:colcon.colcon_core.package_discovery:discover_packages(colcon_meta) discover
[0.268s] Level 1:colcon.colcon_core.package_discovery:discover_packages(recursive) discover
[0.268s] INFO:colcon.colcon_core.package_discovery:Crawling recursively for packages in '/home/gianluca/ros2_ws/src'
[0.268s] Level 1:colcon.colcon_core.package_identification:_identify(.) by extensions ['ignore', 'ignore_ament_install']
[0.268s] Level 1:colcon.colcon_core.package_identification:_identify(.) by extension 'ignore'
[0.268s] Level 1:colcon.colcon_core.package_identification:_identify(.) by extension 'ignore_ament_install'
[0.268s] Level 1:colcon.colcon_core.package_identification:_identify(.) by extensions ['colcon_pkg']
[0.268s] Level 1:colcon.colcon_core.package_identification:_identify(.) by extension 'colcon_pkg'
[0.268s] Level 1:colcon.colcon_core.package_identification:_identify(.) by extensions ['colcon_meta']
[0.268s] Level 1:colcon.colcon_core.package_identification:_identify(.) by extension 'colcon_meta'
[0.268s] Level 1:colcon.colcon_core.package_identification:_identify(.) by extensions ['ros']
[0.268s] Level 1:colcon.colcon_core.package_identification:_identify(.) by extension 'ros'
[0.279s] Level 1:colcon.colcon_core.package_identification:_identify(.) by extensions ['cmake', 'python']
[0.279s] Level 1:colcon.colcon_core.package_identification:_identify(.) by extension 'cmake'
[0.279s] Level 1:colcon.colcon_core.package_identification:_identify(.) by extension 'python'
[0.279s] Level 1:colcon.colcon_core.package_identification:_identify(.) by extensions ['python_setup_py']
[0.279s] Level 1:colcon.colcon_core.package_identification:_identify(.) by extension 'python_setup_py'
[0.279s] Level 1:colcon.colcon_core.package_identification:_identify(build) by extensions ['ignore', 'ignore_ament_install']
[0.279s] Level 1:colcon.colcon_core.package_identification:_identify(build) by extension 'ignore'
[0.279s] Level 1:colcon.colcon_core.package_identification:_identify(build) ignored
[0.280s] Level 1:colcon.colcon_core.package_identification:_identify(install) by extensions ['ignore', 'ignore_ament_install']
[0.280s] Level 1:colcon.colcon_core.package_identification:_identify(install) by extension 'ignore'
[0.280s] Level 1:colcon.colcon_core.package_identification:_identify(install) ignored
[0.280s] Level 1:colcon.colcon_core.package_identification:_identify(log) by extensions ['ignore', 'ignore_ament_install']
[0.280s] Level 1:colcon.colcon_core.package_identification:_identify(log) by extension 'ignore'
[0.280s] Level 1:colcon.colcon_core.package_identification:_identify(log) ignored
[0.280s] Level 1:colcon.colcon_core.package_identification:_identify(robethichor) by extensions ['ignore', 'ignore_ament_install']
[0.280s] Level 1:colcon.colcon_core.package_identification:_identify(robethichor) by extension 'ignore'
[0.280s] Level 1:colcon.colcon_core.package_identification:_identify(robethichor) by extension 'ignore_ament_install'
[0.280s] Level 1:colcon.colcon_core.package_identification:_identify(robethichor) by extensions ['colcon_pkg']
[0.280s] Level 1:colcon.colcon_core.package_identification:_identify(robethichor) by extension 'colcon_pkg'
[0.280s] Level 1:colcon.colcon_core.package_identification:_identify(robethichor) by extensions ['colcon_meta']
[0.280s] Level 1:colcon.colcon_core.package_identification:_identify(robethichor) by extension 'colcon_meta'
[0.280s] Level 1:colcon.colcon_core.package_identification:_identify(robethichor) by extensions ['ros']
[0.280s] Level 1:colcon.colcon_core.package_identification:_identify(robethichor) by extension 'ros'
[0.283s] DEBUG:colcon.colcon_core.package_identification:Package 'robethichor' with type 'ros.ament_python' and name 'robethichor'
[0.283s] Level 1:colcon.colcon_core.package_identification:_identify(robethichor_interfaces) by extensions ['ignore', 'ignore_ament_install']
[0.283s] Level 1:colcon.colcon_core.package_identification:_identify(robethichor_interfaces) by extension 'ignore'
[0.283s] Level 1:colcon.colcon_core.package_identification:_identify(robethichor_interfaces) by extension 'ignore_ament_install'
[0.283s] Level 1:colcon.colcon_core.package_identification:_identify(robethichor_interfaces) by extensions ['colcon_pkg']
[0.283s] Level 1:colcon.colcon_core.package_identification:_identify(robethichor_interfaces) by extension 'colcon_pkg'
[0.284s] Level 1:colcon.colcon_core.package_identification:_identify(robethichor_interfaces) by extensions ['colcon_meta']
[0.284s] Level 1:colcon.colcon_core.package_identification:_identify(robethichor_interfaces) by extension 'colcon_meta'
[0.284s] Level 1:colcon.colcon_core.package_identification:_identify(robethichor_interfaces) by extensions ['ros']
[0.284s] Level 1:colcon.colcon_core.package_identification:_identify(robethichor_interfaces) by extension 'ros'
[0.284s] DEBUG:colcon.colcon_core.package_identification:Package 'robethichor_interfaces' with type 'ros.ament_cmake' and name 'robethichor_interfaces'
[0.285s] Level 1:colcon.colcon_core.package_identification:_identify(run) by extensions ['ignore', 'ignore_ament_install']
[0.285s] Level 1:colcon.colcon_core.package_identification:_identify(run) by extension 'ignore'
[0.285s] Level 1:colcon.colcon_core.package_identification:_identify(run) by extension 'ignore_ament_install'
[0.285s] Level 1:colcon.colcon_core.package_identification:_identify(run) by extensions ['colcon_pkg']
[0.285s] Level 1:colcon.colcon_core.package_identification:_identify(run) by extension 'colcon_pkg'
[0.285s] Level 1:colcon.colcon_core.package_identification:_identify(run) by extensions ['colcon_meta']
[0.285s] Level 1:colcon.colcon_core.package_identification:_identify(run) by extension 'colcon_meta'
[0.285s] Level 1:colcon.colcon_core.package_identification:_identify(run) by extensions ['ros']
[0.285s] Level 1:colcon.colcon_core.package_identification:_identify(run) by extension 'ros'
[0.285s] Level 1:colcon.colcon_core.package_identification:_identify(run) by extensions ['cmake', 'python']
[0.285s] Level 1:colcon.colcon_core.package_identification:_identify(run) by extension 'cmake'
[0.285s] Level 1:colcon.colcon_core.package_identification:_identify(run) by extension 'python'
[0.285s] Level 1:colcon.colcon_core.package_identification:_identify(run) by extensions ['python_setup_py']
[0.285s] Level 1:colcon.colcon_core.package_identification:_identify(run) by extension 'python_setup_py'
[0.285s] Level 1:colcon.colcon_core.package_discovery:discover_packages(recursive) using defaults
[0.285s] Level 1:colcon.colcon_core.package_discovery:discover_packages(ignore) discover
[0.285s] Level 1:colcon.colcon_core.package_discovery:discover_packages(ignore) using defaults
[0.285s] Level 1:colcon.colcon_core.package_discovery:discover_packages(path) discover
[0.285s] Level 1:colcon.colcon_core.package_discovery:discover_packages(path) using defaults
[0.308s] Level 1:colcon.colcon_core.package_discovery:discover_packages(prefix_path) check parameters
[0.308s] Level 1:colcon.colcon_core.package_discovery:discover_packages(prefix_path) discover
[0.309s] DEBUG:colcon.colcon_installed_package_information.package_discovery:Found 2 installed packages in /home/gianluca/ros2_ws/src/install
[0.310s] DEBUG:colcon.colcon_installed_package_information.package_discovery:Found 2 installed packages in /home/gianluca/ros2_ws/install
[0.312s] DEBUG:colcon.colcon_installed_package_information.package_discovery:Found 380 installed packages in /opt/ros/humble
[0.323s] Level 1:colcon.colcon_core.package_discovery:discover_packages(prefix_path) using defaults
[0.366s] Level 5:colcon.colcon_core.verb:set package 'robethichor_interfaces' build argument 'cmake_args' from command line to 'None'
[0.366s] Level 5:colcon.colcon_core.verb:set package 'robethichor_interfaces' build argument 'cmake_target' from command line to 'None'
[0.366s] Level 5:colcon.colcon_core.verb:set package 'robethichor_interfaces' build argument 'cmake_target_skip_unavailable' from command line to 'False'
[0.366s] Level 5:colcon.colcon_core.verb:set package 'robethichor_interfaces' build argument 'cmake_clean_cache' from command line to 'False'
[0.366s] Level 5:colcon.colcon_core.verb:set package 'robethichor_interfaces' build argument 'cmake_clean_first' from command line to 'False'
[0.366s] Level 5:colcon.colcon_core.verb:set package 'robethichor_interfaces' build argument 'cmake_force_configure' from command line to 'False'
[0.366s] Level 5:colcon.colcon_core.verb:set package 'robethichor_interfaces' build argument 'ament_cmake_args' from command line to 'None'
[0.366s] Level 5:colcon.colcon_core.verb:set package 'robethichor_interfaces' build argument 'catkin_cmake_args' from command line to 'None'
[0.366s] Level 5:colcon.colcon_core.verb:set package 'robethichor_interfaces' build argument 'catkin_skip_building_tests' from command line to 'False'
[0.366s] DEBUG:colcon.colcon_core.verb:Building package 'robethichor_interfaces' with the following arguments: {'ament_cmake_args': None, 'build_base': '/home/gianluca/ros2_ws/src/build/robethichor_interfaces', 'catkin_cmake_args': None, 'catkin_skip_building_tests': False, 'cmake_args': None, 'cmake_clean_cache': False, 'cmake_clean_first': False, 'cmake_force_configure': False, 'cmake_target': None, 'cmake_target_skip_unavailable': False, 'install_base': '/home/gianluca/ros2_ws/src/install/robethichor_interfaces', 'merge_install': False, 'path': '/home/gianluca/ros2_ws/src/robethichor_interfaces', 'symlink_install': False, 'test_result_base': None}
[0.367s] Level 5:colcon.colcon_core.verb:set package 'robethichor' build argument 'cmake_args' from command line to 'None'
[0.367s] Level 5:colcon.colcon_core.verb:set package 'robethichor' build argument 'cmake_target' from command line to 'None'
[0.367s] Level 5:colcon.colcon_core.verb:set package 'robethichor' build argument 'cmake_target_skip_unavailable' from command line to 'False'
[0.367s] Level 5:colcon.colcon_core.verb:set package 'robethichor' build argument 'cmake_clean_cache' from command line to 'False'
[0.367s] Level 5:colcon.colcon_core.verb:set package 'robethichor' build argument 'cmake_clean_first' from command line to 'False'
[0.367s] Level 5:colcon.colcon_core.verb:set package 'robethichor' build argument 'cmake_force_configure' from command line to 'False'
[0.367s] Level 5:colcon.colcon_core.verb:set package 'robethichor' build argument 'ament_cmake_args' from command line to 'None'
[0.367s] Level 5:colcon.colcon_core.verb:set package 'robethichor' build argument 'catkin_cmake_args' from command line to 'None'
[0.367s] Level 5:colcon.colcon_core.verb:set package 'robethichor' build argument 'catkin_skip_building_tests' from command line to 'False'
[0.367s] DEBUG:colcon.colcon_core.verb:Building package 'robethichor' with the following arguments: {'ament_cmake_args': None, 'build_base': '/home/gianluca/ros2_ws/src/build/robethichor', 'catkin_cmake_args': None, 'catkin_skip_building_tests': False, 'cmake_args': None, 'cmake_clean_cache': False, 'cmake_clean_first': False, 'cmake_force_configure': False, 'cmake_target': None, 'cmake_target_skip_unavailable': False, 'install_base': '/home/gianluca/ros2_ws/src/install/robethichor', 'merge_install': False, 'path': '/home/gianluca/ros2_ws/src/robethichor', 'symlink_install': False, 'test_result_base': None}
[0.367s] INFO:colcon.colcon_core.executor:Executing jobs using 'parallel' executor
[0.368s] DEBUG:colcon.colcon_parallel_executor.executor.parallel:run_until_complete
[0.368s] INFO:colcon.colcon_ros.task.ament_cmake.build:Building ROS package in '/home/gianluca/ros2_ws/src/robethichor_interfaces' with build type 'ament_cmake'
[0.369s] INFO:colcon.colcon_cmake.task.cmake.build:Building CMake package in '/home/gianluca/ros2_ws/src/robethichor_interfaces'
[0.371s] INFO:colcon.colcon_core.plugin_system:Skipping extension 'colcon_core.shell.bat': Not used on non-Windows systems
[0.371s] INFO:colcon.colcon_core.shell:Skip shell extension 'powershell' for command environment: Not usable outside of PowerShell
[0.371s] DEBUG:colcon.colcon_core.shell:Skip shell extension 'dsv' for command environment
[0.397s] DEBUG:colcon.colcon_core.event_handler.log_command:Invoking command in '/home/gianluca/ros2_ws/src/build/robethichor_interfaces': CMAKE_PREFIX_PATH=${CMAKE_PREFIX_PATH}:/home/gianluca/ros2_ws/src/install/robethichor:/home/gianluca/ros2_ws/install/robethichor:/opt/ros/humble /usr/bin/cmake --build /home/gianluca/ros2_ws/src/build/robethichor_interfaces -- -j2 -l2
[1.176s] DEBUG:colcon.colcon_core.event_handler.log_command:Invoked command in '/home/gianluca/ros2_ws/src/build/robethichor_interfaces' returned '0': CMAKE_PREFIX_PATH=${CMAKE_PREFIX_PATH}:/home/gianluca/ros2_ws/src/install/robethichor:/home/gianluca/ros2_ws/install/robethichor:/opt/ros/humble /usr/bin/cmake --build /home/gianluca/ros2_ws/src/build/robethichor_interfaces -- -j2 -l2
[1.375s] DEBUG:colcon.colcon_core.event_handler.log_command:Invoking command in '/home/gianluca/ros2_ws/src/build/robethichor_interfaces': CMAKE_PREFIX_PATH=${CMAKE_PREFIX_PATH}:/home/gianluca/ros2_ws/src/install/robethichor:/home/gianluca/ros2_ws/install/robethichor:/opt/ros/humble /usr/bin/cmake --install /home/gianluca/ros2_ws/src/build/robethichor_interfaces
[1.521s] Level 1:colcon.colcon_core.environment:create_environment_scripts_only(robethichor_interfaces)
[1.528s] Level 1:colcon.colcon_core.environment:checking '/home/gianluca/ros2_ws/src/install/robethichor_interfaces' for CMake module files
[1.531s] Level 1:colcon.colcon_core.environment:checking '/home/gianluca/ros2_ws/src/install/robethichor_interfaces' for CMake config files
[1.532s] Level 1:colcon.colcon_core.shell:create_environment_hook('robethichor_interfaces', 'cmake_prefix_path')
[1.532s] INFO:colcon.colcon_core.shell:Creating environment hook '/home/gianluca/ros2_ws/src/install/robethichor_interfaces/share/robethichor_interfaces/hook/cmake_prefix_path.ps1'
[1.533s] DEBUG:colcon.colcon_core.event_handler.log_command:Invoked command in '/home/gianluca/ros2_ws/src/build/robethichor_interfaces' returned '0': CMAKE_PREFIX_PATH=${CMAKE_PREFIX_PATH}:/home/gianluca/ros2_ws/src/install/robethichor:/home/gianluca/ros2_ws/install/robethichor:/opt/ros/humble /usr/bin/cmake --install /home/gianluca/ros2_ws/src/build/robethichor_interfaces
[1.538s] INFO:colcon.colcon_core.shell:Creating environment descriptor '/home/gianluca/ros2_ws/src/install/robethichor_interfaces/share/robethichor_interfaces/hook/cmake_prefix_path.dsv'
[1.538s] INFO:colcon.colcon_core.shell:Creating environment hook '/home/gianluca/ros2_ws/src/install/robethichor_interfaces/share/robethichor_interfaces/hook/cmake_prefix_path.sh'
[1.544s] Level 1:colcon.colcon_core.environment:checking '/home/gianluca/ros2_ws/src/install/robethichor_interfaces/lib'
[1.544s] Level 1:colcon.colcon_core.shell:create_environment_hook('robethichor_interfaces', 'ld_library_path_lib')
[1.545s] INFO:colcon.colcon_core.shell:Creating environment hook '/home/gianluca/ros2_ws/src/install/robethichor_interfaces/share/robethichor_interfaces/hook/ld_library_path_lib.ps1'
[1.545s] INFO:colcon.colcon_core.shell:Creating environment descriptor '/home/gianluca/ros2_ws/src/install/robethichor_interfaces/share/robethichor_interfaces/hook/ld_library_path_lib.dsv'
[1.548s] INFO:colcon.colcon_core.shell:Creating environment hook '/home/gianluca/ros2_ws/src/install/robethichor_interfaces/share/robethichor_interfaces/hook/ld_library_path_lib.sh'
[1.549s] Level 1:colcon.colcon_core.environment:checking '/home/gianluca/ros2_ws/src/install/robethichor_interfaces/bin'
[1.549s] Level 1:colcon.colcon_core.environment:checking '/home/gianluca/ros2_ws/src/install/robethichor_interfaces/lib/pkgconfig/robethichor_interfaces.pc'
[1.549s] Level 1:colcon.colcon_core.environment:checking '/home/gianluca/ros2_ws/src/install/robethichor_interfaces/lib/python3.10/site-packages'
[1.549s] Level 1:colcon.colcon_core.environment:checking '/home/gianluca/ros2_ws/src/install/robethichor_interfaces/bin'
[1.551s] INFO:colcon.colcon_core.shell:Creating package script '/home/gianluca/ros2_ws/src/install/robethichor_interfaces/share/robethichor_interfaces/package.ps1'
[1.553s] INFO:colcon.colcon_core.shell:Creating package descriptor '/home/gianluca/ros2_ws/src/install/robethichor_interfaces/share/robethichor_interfaces/package.dsv'
[1.554s] INFO:colcon.colcon_core.shell:Creating package script '/home/gianluca/ros2_ws/src/install/robethichor_interfaces/share/robethichor_interfaces/package.sh'
[1.556s] INFO:colcon.colcon_core.shell:Creating package script '/home/gianluca/ros2_ws/src/install/robethichor_interfaces/share/robethichor_interfaces/package.bash'
[1.557s] INFO:colcon.colcon_core.shell:Creating package script '/home/gianluca/ros2_ws/src/install/robethichor_interfaces/share/robethichor_interfaces/package.zsh'
[1.558s] Level 1:colcon.colcon_core.environment:create_file_with_runtime_dependencies(/home/gianluca/ros2_ws/src/install/robethichor_interfaces/share/colcon-core/packages/robethichor_interfaces)
[1.817s] Level 1:colcon.colcon_core.environment:create_environment_scripts_only(robethichor_interfaces)
[1.821s] Level 1:colcon.colcon_core.environment:checking '/home/gianluca/ros2_ws/src/install/robethichor_interfaces' for CMake module files
[1.822s] Level 1:colcon.colcon_core.environment:checking '/home/gianluca/ros2_ws/src/install/robethichor_interfaces' for CMake config files
[1.822s] Level 1:colcon.colcon_core.shell:create_environment_hook('robethichor_interfaces', 'cmake_prefix_path')
[1.829s] INFO:colcon.colcon_core.shell:Creating environment hook '/home/gianluca/ros2_ws/src/install/robethichor_interfaces/share/robethichor_interfaces/hook/cmake_prefix_path.ps1'
[1.830s] INFO:colcon.colcon_core.shell:Creating environment descriptor '/home/gianluca/ros2_ws/src/install/robethichor_interfaces/share/robethichor_interfaces/hook/cmake_prefix_path.dsv'
[1.831s] INFO:colcon.colcon_core.shell:Creating environment hook '/home/gianluca/ros2_ws/src/install/robethichor_interfaces/share/robethichor_interfaces/hook/cmake_prefix_path.sh'
[1.833s] Level 1:colcon.colcon_core.environment:checking '/home/gianluca/ros2_ws/src/install/robethichor_interfaces/lib'
[1.833s] Level 1:colcon.colcon_core.shell:create_environment_hook('robethichor_interfaces', 'ld_library_path_lib')
[1.833s] INFO:colcon.colcon_core.shell:Creating environment hook '/home/gianluca/ros2_ws/src/install/robethichor_interfaces/share/robethichor_interfaces/hook/ld_library_path_lib.ps1'
[1.834s] INFO:colcon.colcon_core.shell:Creating environment descriptor '/home/gianluca/ros2_ws/src/install/robethichor_interfaces/share/robethichor_interfaces/hook/ld_library_path_lib.dsv'
[1.844s] INFO:colcon.colcon_core.shell:Creating environment hook '/home/gianluca/ros2_ws/src/install/robethichor_interfaces/share/robethichor_interfaces/hook/ld_library_path_lib.sh'
[1.845s] Level 1:colcon.colcon_core.environment:checking '/home/gianluca/ros2_ws/src/install/robethichor_interfaces/bin'
[1.847s] Level 1:colcon.colcon_core.environment:checking '/home/gianluca/ros2_ws/src/install/robethichor_interfaces/lib/pkgconfig/robethichor_interfaces.pc'
[1.847s] Level 1:colcon.colcon_core.environment:checking '/home/gianluca/ros2_ws/src/install/robethichor_interfaces/lib/python3.10/site-packages'
[1.847s] Level 1:colcon.colcon_core.environment:checking '/home/gianluca/ros2_ws/src/install/robethichor_interfaces/bin'
[1.847s] INFO:colcon.colcon_core.shell:Creating package script '/home/gianluca/ros2_ws/src/install/robethichor_interfaces/share/robethichor_interfaces/package.ps1'
[1.848s] INFO:colcon.colcon_core.shell:Creating package descriptor '/home/gianluca/ros2_ws/src/install/robethichor_interfaces/share/robethichor_interfaces/package.dsv'
[1.852s] INFO:colcon.colcon_core.shell:Creating package script '/home/gianluca/ros2_ws/src/install/robethichor_interfaces/share/robethichor_interfaces/package.sh'
[1.853s] INFO:colcon.colcon_core.shell:Creating package script '/home/gianluca/ros2_ws/src/install/robethichor_interfaces/share/robethichor_interfaces/package.bash'
[1.854s] INFO:colcon.colcon_core.shell:Creating package script '/home/gianluca/ros2_ws/src/install/robethichor_interfaces/share/robethichor_interfaces/package.zsh'
[1.855s] Level 1:colcon.colcon_core.environment:create_file_with_runtime_dependencies(/home/gianluca/ros2_ws/src/install/robethichor_interfaces/share/colcon-core/packages/robethichor_interfaces)
[1.857s] INFO:colcon.colcon_ros.task.ament_python.build:Building ROS package in '/home/gianluca/ros2_ws/src/robethichor' with build type 'ament_python'
[1.858s] Level 1:colcon.colcon_core.shell:create_environment_hook('robethichor', 'ament_prefix_path')
[1.859s] INFO:colcon.colcon_core.shell:Creating environment hook '/home/gianluca/ros2_ws/src/install/robethichor/share/robethichor/hook/ament_prefix_path.ps1'
[1.861s] INFO:colcon.colcon_core.shell:Creating environment descriptor '/home/gianluca/ros2_ws/src/install/robethichor/share/robethichor/hook/ament_prefix_path.dsv'
[1.868s] INFO:colcon.colcon_core.shell:Creating environment hook '/home/gianluca/ros2_ws/src/install/robethichor/share/robethichor/hook/ament_prefix_path.sh'
[1.872s] INFO:colcon.colcon_core.shell:Skip shell extension 'powershell' for command environment: Not usable outside of PowerShell
[1.872s] DEBUG:colcon.colcon_core.shell:Skip shell extension 'dsv' for command environment
[2.339s] INFO:colcon.colcon_core.task.python.build:Building Python package in '/home/gianluca/ros2_ws/src/robethichor'
[2.340s] INFO:colcon.colcon_core.shell:Skip shell extension 'powershell' for command environment: Not usable outside of PowerShell
[2.340s] DEBUG:colcon.colcon_core.shell:Skip shell extension 'dsv' for command environment
[2.747s] DEBUG:colcon.colcon_core.event_handler.log_command:Invoking command in '/home/gianluca/ros2_ws/src/robethichor': PYTHONPATH=/home/gianluca/ros2_ws/src/build/robethichor/prefix_override:/usr/lib/python3/dist-packages/colcon_core/task/python/colcon_distutils_commands:/home/gianluca/ros2_ws/src/install/robethichor/lib/python3.10/site-packages:${PYTHONPATH} /usr/bin/python3 -W ignore:setup.py install is deprecated setup.py egg_info --egg-base ../build/robethichor build --build-base /home/gianluca/ros2_ws/src/build/robethichor/build install --record /home/gianluca/ros2_ws/src/build/robethichor/install.log --single-version-externally-managed install_data
[3.088s] Level 1:colcon.colcon_core.environment:checking '/home/gianluca/ros2_ws/src/install/robethichor' for CMake module files
[3.089s] DEBUG:colcon.colcon_core.event_handler.log_command:Invoked command in '/home/gianluca/ros2_ws/src/robethichor' returned '0': PYTHONPATH=/home/gianluca/ros2_ws/src/build/robethichor/prefix_override:/usr/lib/python3/dist-packages/colcon_core/task/python/colcon_distutils_commands:/home/gianluca/ros2_ws/src/install/robethichor/lib/python3.10/site-packages:${PYTHONPATH} /usr/bin/python3 -W ignore:setup.py install is deprecated setup.py egg_info --egg-base ../build/robethichor build --build-base /home/gianluca/ros2_ws/src/build/robethichor/build install --record /home/gianluca/ros2_ws/src/build/robethichor/install.log --single-version-externally-managed install_data
[3.089s] Level 1:colcon.colcon_core.environment:checking '/home/gianluca/ros2_ws/src/install/robethichor' for CMake config files
[3.090s] Level 1:colcon.colcon_core.environment:checking '/home/gianluca/ros2_ws/src/install/robethichor/lib'
[3.090s] Level 1:colcon.colcon_core.environment:checking '/home/gianluca/ros2_ws/src/install/robethichor/bin'
[3.090s] Level 1:colcon.colcon_core.environment:checking '/home/gianluca/ros2_ws/src/install/robethichor/lib/pkgconfig/robethichor.pc'
[3.090s] Level 1:colcon.colcon_core.environment:checking '/home/gianluca/ros2_ws/src/install/robethichor/lib/python3.10/site-packages'
[3.090s] Level 1:colcon.colcon_core.shell:create_environment_hook('robethichor', 'pythonpath')
[3.091s] INFO:colcon.colcon_core.shell:Creating environment hook '/home/gianluca/ros2_ws/src/install/robethichor/share/robethichor/hook/pythonpath.ps1'
[3.091s] INFO:colcon.colcon_core.shell:Creating environment descriptor '/home/gianluca/ros2_ws/src/install/robethichor/share/robethichor/hook/pythonpath.dsv'
[3.092s] INFO:colcon.colcon_core.shell:Creating environment hook '/home/gianluca/ros2_ws/src/install/robethichor/share/robethichor/hook/pythonpath.sh'
[3.092s] Level 1:colcon.colcon_core.environment:checking '/home/gianluca/ros2_ws/src/install/robethichor/bin'
[3.093s] Level 1:colcon.colcon_core.environment:create_environment_scripts_only(robethichor)
[3.093s] INFO:colcon.colcon_core.shell:Creating package script '/home/gianluca/ros2_ws/src/install/robethichor/share/robethichor/package.ps1'
[3.093s] INFO:colcon.colcon_core.shell:Creating package descriptor '/home/gianluca/ros2_ws/src/install/robethichor/share/robethichor/package.dsv'
[3.094s] INFO:colcon.colcon_core.shell:Creating package script '/home/gianluca/ros2_ws/src/install/robethichor/share/robethichor/package.sh'
[3.094s] INFO:colcon.colcon_core.shell:Creating package script '/home/gianluca/ros2_ws/src/install/robethichor/share/robethichor/package.bash'
[3.095s] INFO:colcon.colcon_core.shell:Creating package script '/home/gianluca/ros2_ws/src/install/robethichor/share/robethichor/package.zsh'
[3.095s] Level 1:colcon.colcon_core.environment:create_file_with_runtime_dependencies(/home/gianluca/ros2_ws/src/install/robethichor/share/colcon-core/packages/robethichor)
[3.096s] DEBUG:colcon.colcon_parallel_executor.executor.parallel:closing loop
[3.096s] DEBUG:colcon.colcon_parallel_executor.executor.parallel:loop closed
[3.096s] DEBUG:colcon.colcon_parallel_executor.executor.parallel:run_until_complete finished with '0'
[3.096s] DEBUG:colcon.colcon_core.event_reactor:joining thread
[3.103s] INFO:colcon.colcon_core.plugin_system:Skipping extension 'colcon_notification.desktop_notification.terminal_notifier': Not used on non-Darwin systems
[3.105s] INFO:colcon.colcon_core.plugin_system:Skipping extension 'colcon_notification.desktop_notification.win32': Not used on non-Windows systems
[3.105s] INFO:colcon.colcon_notification.desktop_notification:Sending desktop notification using 'notify2'
[3.129s] DEBUG:colcon.colcon_core.event_reactor:joined thread
[3.129s] INFO:colcon.colcon_core.shell:Creating prefix script '/home/gianluca/ros2_ws/src/install/local_setup.ps1'
[3.130s] INFO:colcon.colcon_core.shell:Creating prefix util module '/home/gianluca/ros2_ws/src/install/_local_setup_util_ps1.py'
[3.132s] INFO:colcon.colcon_core.shell:Creating prefix chain script '/home/gianluca/ros2_ws/src/install/setup.ps1'
[3.135s] INFO:colcon.colcon_core.shell:Creating prefix script '/home/gianluca/ros2_ws/src/install/local_setup.sh'
[3.139s] INFO:colcon.colcon_core.shell:Creating prefix util module '/home/gianluca/ros2_ws/src/install/_local_setup_util_sh.py'
[3.140s] INFO:colcon.colcon_core.shell:Creating prefix chain script '/home/gianluca/ros2_ws/src/install/setup.sh'
[3.141s] INFO:colcon.colcon_core.shell:Creating prefix script '/home/gianluca/ros2_ws/src/install/local_setup.bash'
[3.142s] INFO:colcon.colcon_core.shell:Creating prefix chain script '/home/gianluca/ros2_ws/src/install/setup.bash'
[3.143s] INFO:colcon.colcon_core.shell:Creating prefix script '/home/gianluca/ros2_ws/src/install/local_setup.zsh'
[3.144s] INFO:colcon.colcon_core.shell:Creating prefix chain script '/home/gianluca/ros2_ws/src/install/setup.zsh'
