[0.714s] Invoking command in '/home/gianluca/ros2_ws/src/robethichor': PYTHONPATH=/home/gianluca/ros2_ws/src/build/robethichor/prefix_override:/usr/lib/python3/dist-packages/colcon_core/task/python/colcon_distutils_commands:/home/gianluca/ros2_ws/src/install/robethichor/lib/python3.10/site-packages:${PYTHONPATH} /usr/bin/python3 -W ignore:setup.py install is deprecated setup.py egg_info --egg-base ../build/robethichor build --build-base /home/gianluca/ros2_ws/src/build/robethichor/build install --record /home/gianluca/ros2_ws/src/build/robethichor/install.log --single-version-externally-managed install_data
[0.958s] running egg_info
[0.959s] writing ../build/robethichor/robethichor.egg-info/PKG-INFO
[0.960s] writing dependency_links to ../build/robethichor/robethichor.egg-info/dependency_links.txt
[0.960s] writing entry points to ../build/robethichor/robethichor.egg-info/entry_points.txt
[0.960s] writing requirements to ../build/robethichor/robethichor.egg-info/requires.txt
[0.960s] writing top-level names to ../build/robethichor/robethichor.egg-info/top_level.txt
[0.963s] reading manifest file '../build/robethichor/robethichor.egg-info/SOURCES.txt'
[0.963s] adding license file 'LICENSE'
[0.964s] writing manifest file '../build/robethichor/robethichor.egg-info/SOURCES.txt'
[0.964s] running build
[0.964s] running build_py
[0.965s] copying robethichor/nodes/ethics_manager/executor.py -> /home/gianluca/ros2_ws/src/build/robethichor/build/lib/robethichor/nodes/ethics_manager
[0.966s] running install
[0.966s] running install_lib
[0.969s] copying /home/gianluca/ros2_ws/src/build/robethichor/build/lib/robethichor/nodes/ethics_manager/executor.py -> /home/gianluca/ros2_ws/src/install/robethichor/lib/python3.10/site-packages/robethichor/nodes/ethics_manager
[0.969s] byte-compiling /home/gianluca/ros2_ws/src/install/robethichor/lib/python3.10/site-packages/robethichor/nodes/ethics_manager/executor.py to executor.cpython-310.pyc
[0.970s] running install_data
[0.970s] running install_egg_info
[0.972s] removing '/home/gianluca/ros2_ws/src/install/robethichor/lib/python3.10/site-packages/robethichor-0.0.1-py3.10.egg-info' (and everything under it)
[0.972s] Copying ../build/robethichor/robethichor.egg-info to /home/gianluca/ros2_ws/src/install/robethichor/lib/python3.10/site-packages/robethichor-0.0.1-py3.10.egg-info
[0.973s] running install_scripts
[1.000s] Installing connector_node script to /home/gianluca/ros2_ws/src/install/robethichor/lib/robethichor
[1.000s] Installing context_manager_node script to /home/gianluca/ros2_ws/src/install/robethichor/lib/robethichor
[1.000s] Installing ethics_manager_node script to /home/gianluca/ros2_ws/src/install/robethichor/lib/robethichor
[1.000s] Installing mission_controller_node script to /home/gianluca/ros2_ws/src/install/robethichor/lib/robethichor
[1.000s] Installing negotiation_manager_node script to /home/gianluca/ros2_ws/src/install/robethichor/lib/robethichor
[1.004s] writing list of installed files to '/home/gianluca/ros2_ws/src/build/robethichor/install.log'
[1.036s] Invoked command in '/home/gianluca/ros2_ws/src/robethichor' returned '0': PYTHONPATH=/home/gianluca/ros2_ws/src/build/robethichor/prefix_override:/usr/lib/python3/dist-packages/colcon_core/task/python/colcon_distutils_commands:/home/gianluca/ros2_ws/src/install/robethichor/lib/python3.10/site-packages:${PYTHONPATH} /usr/bin/python3 -W ignore:setup.py install is deprecated setup.py egg_info --egg-base ../build/robethichor build --build-base /home/gianluca/ros2_ws/src/build/robethichor/build install --record /home/gianluca/ros2_ws/src/build/robethichor/install.log --single-version-externally-managed install_data
