-- The C compiler identification is GNU 11.4.0
-- The CXX compiler identification is GNU 11.4.0
-- Detecting C compiler ABI info
-- Detecting C compiler ABI info - done
-- Check for working C compiler: /usr/bin/cc - skipped
-- Detecting C compile features
-- Detecting C compile features - done
-- Detecting CXX compiler ABI info
-- Detecting CXX compiler ABI info - done
-- Check for working CXX compiler: /usr/bin/c++ - skipped
-- Detecting CXX compile features
-- Detecting CXX compile features - done
-- Found ament_cmake: 1.3.10 (/opt/ros/humble/share/ament_cmake/cmake)
-- Found Python3: /usr/bin/python3 (found version "3.10.12") found components: Interpreter 
-- Found rosidl_default_generators: 1.2.0 (/opt/ros/humble/share/rosidl_default_generators/cmake)
-- Using all available rosidl_typesupport_c: rosidl_typesupport_fastrtps_c;rosidl_typesupport_introspection_c
-- Found rosidl_adapter: 3.1.5 (/opt/ros/humble/share/rosidl_adapter/cmake)
-- Using all available rosidl_typesupport_cpp: rosidl_typesupport_fastrtps_cpp;rosidl_typesupport_introspection_cpp
-- Found ament_cmake_ros: 0.10.0 (/opt/ros/humble/share/ament_cmake_ros/cmake)
-- Using all available rosidl_typesupport_c: rosidl_typesupport_fastrtps_c;rosidl_typesupport_introspection_c
-- Using all available rosidl_typesupport_cpp: rosidl_typesupport_fastrtps_cpp;rosidl_typesupport_introspection_cpp
-- Found PythonInterp: /usr/bin/python3 (found suitable version "3.10.12", minimum required is "3.6") 
-- Found python_cmake_module: 0.10.0 (/opt/ros/humble/share/python_cmake_module/cmake)
-- Found PythonLibs: /usr/lib/x86_64-linux-gnu/libpython3.10.so (found suitable version "3.10.12", minimum required is "3.5") 
-- Using PYTHON_EXECUTABLE: /usr/bin/python3
-- Using PYTHON_INCLUDE_DIRS: /usr/include/python3.10
-- Using PYTHON_LIBRARIES: /usr/lib/x86_64-linux-gnu/libpython3.10.so
-- Found PythonExtra: .so  
-- Configuring done
-- Generating done
-- Build files have been written to: /home/gianluca/ros2_ws/src/build/robethichor_interfaces
[  2%] [34m[1mGenerating C code for ROS interfaces[0m
[  5%] [34m[1mGenerating C++ code for ROS interfaces[0m
[  5%] Built target robethichor_interfaces__cpp
[  5%] Built target ament_cmake_python_copy_robethichor_interfaces
[  7%] [34m[1mGenerating C++ type support dispatch for ROS interfaces[0m
[ 10%] [32mBuilding C object CMakeFiles/robethichor_interfaces__rosidl_generator_c.dir/rosidl_generator_c/robethichor_interfaces/srv/detail/user_status_service__functions.c.o[0m
[ 12%] [32mBuilding C object CMakeFiles/robethichor_interfaces__rosidl_generator_c.dir/rosidl_generator_c/robethichor_interfaces/srv/detail/negotiation_service__functions.c.o[0m
[ 15%] [32m[1mLinking C shared library librobethichor_interfaces__rosidl_generator_c.so[0m
[ 15%] Built target robethichor_interfaces__rosidl_generator_c
[ 17%] [34m[1mGenerating C++ type support for eProsima Fast-RTPS[0m
[ 20%] [32mBuilding CXX object CMakeFiles/robethichor_interfaces__rosidl_typesupport_cpp.dir/rosidl_typesupport_cpp/robethichor_interfaces/srv/user_status_service__type_support.cpp.o[0m
[ 23%] [32mBuilding CXX object CMakeFiles/robethichor_interfaces__rosidl_typesupport_fastrtps_cpp.dir/rosidl_typesupport_fastrtps_cpp/robethichor_interfaces/srv/detail/dds_fastrtps/user_status_service__type_support.cpp.o[0m
[ 25%] [32mBuilding CXX object CMakeFiles/robethichor_interfaces__rosidl_typesupport_cpp.dir/rosidl_typesupport_cpp/robethichor_interfaces/srv/negotiation_service__type_support.cpp.o[0m
[ 28%] [32m[1mLinking CXX shared library librobethichor_interfaces__rosidl_typesupport_cpp.so[0m
[ 28%] Built target robethichor_interfaces__rosidl_typesupport_cpp
[ 30%] [32mBuilding CXX object CMakeFiles/robethichor_interfaces__rosidl_typesupport_fastrtps_cpp.dir/rosidl_typesupport_fastrtps_cpp/robethichor_interfaces/srv/detail/dds_fastrtps/negotiation_service__type_support.cpp.o[0m
[ 33%] [34m[1mGenerating C++ introspection for ROS interfaces[0m
[ 35%] [32mBuilding CXX object CMakeFiles/robethichor_interfaces__rosidl_typesupport_introspection_cpp.dir/rosidl_typesupport_introspection_cpp/robethichor_interfaces/srv/detail/user_status_service__type_support.cpp.o[0m
[ 38%] [32m[1mLinking CXX shared library librobethichor_interfaces__rosidl_typesupport_fastrtps_cpp.so[0m
[ 38%] Built target robethichor_interfaces__rosidl_typesupport_fastrtps_cpp
[ 41%] [32mBuilding CXX object CMakeFiles/robethichor_interfaces__rosidl_typesupport_introspection_cpp.dir/rosidl_typesupport_introspection_cpp/robethichor_interfaces/srv/detail/negotiation_service__type_support.cpp.o[0m
running egg_info
creating robethichor_interfaces.egg-info
writing robethichor_interfaces.egg-info/PKG-INFO
writing dependency_links to robethichor_interfaces.egg-info/dependency_links.txt
writing top-level names to robethichor_interfaces.egg-info/top_level.txt
writing manifest file 'robethichor_interfaces.egg-info/SOURCES.txt'
reading manifest file 'robethichor_interfaces.egg-info/SOURCES.txt'
writing manifest file 'robethichor_interfaces.egg-info/SOURCES.txt'
[ 41%] Built target ament_cmake_python_build_robethichor_interfaces_egg
[ 43%] [34m[1mGenerating C type support for eProsima Fast-RTPS[0m
[ 46%] [32m[1mLinking CXX shared library librobethichor_interfaces__rosidl_typesupport_introspection_cpp.so[0m
[ 48%] [32mBuilding CXX object CMakeFiles/robethichor_interfaces__rosidl_typesupport_fastrtps_c.dir/rosidl_typesupport_fastrtps_c/robethichor_interfaces/srv/detail/user_status_service__type_support_c.cpp.o[0m
[ 48%] Built target robethichor_interfaces__rosidl_typesupport_introspection_cpp
[ 51%] [34m[1mGenerating C introspection for ROS interfaces[0m
[ 53%] [32mBuilding CXX object CMakeFiles/robethichor_interfaces__rosidl_typesupport_fastrtps_c.dir/rosidl_typesupport_fastrtps_c/robethichor_interfaces/srv/detail/negotiation_service__type_support_c.cpp.o[0m
[ 56%] [32mBuilding C object CMakeFiles/robethichor_interfaces__rosidl_typesupport_introspection_c.dir/rosidl_typesupport_introspection_c/robethichor_interfaces/srv/detail/user_status_service__type_support.c.o[0m
[ 58%] [32mBuilding C object CMakeFiles/robethichor_interfaces__rosidl_typesupport_introspection_c.dir/rosidl_typesupport_introspection_c/robethichor_interfaces/srv/detail/negotiation_service__type_support.c.o[0m
[ 61%] [32m[1mLinking C shared library librobethichor_interfaces__rosidl_typesupport_introspection_c.so[0m
[ 61%] Built target robethichor_interfaces__rosidl_typesupport_introspection_c
[ 64%] [34m[1mGenerating C type support dispatch for ROS interfaces[0m
[ 66%] [32m[1mLinking CXX shared library librobethichor_interfaces__rosidl_typesupport_fastrtps_c.so[0m
[ 66%] Built target robethichor_interfaces__rosidl_typesupport_fastrtps_c
[ 69%] [32mBuilding CXX object CMakeFiles/robethichor_interfaces__rosidl_typesupport_c.dir/rosidl_typesupport_c/robethichor_interfaces/srv/negotiation_service__type_support.cpp.o[0m
[ 71%] [32mBuilding CXX object CMakeFiles/robethichor_interfaces__rosidl_typesupport_c.dir/rosidl_typesupport_c/robethichor_interfaces/srv/user_status_service__type_support.cpp.o[0m
[ 74%] [32m[1mLinking CXX shared library librobethichor_interfaces__rosidl_typesupport_c.so[0m
[ 74%] Built target robethichor_interfaces__rosidl_typesupport_c
[ 74%] Built target robethichor_interfaces
[ 76%] [34m[1mGenerating Python code for ROS interfaces[0m
[ 76%] Built target robethichor_interfaces__py
[ 79%] [32mBuilding C object CMakeFiles/robethichor_interfaces__rosidl_generator_py.dir/rosidl_generator_py/robethichor_interfaces/srv/_negotiation_service_s.c.o[0m
[ 82%] [32mBuilding C object CMakeFiles/robethichor_interfaces__rosidl_generator_py.dir/rosidl_generator_py/robethichor_interfaces/srv/_user_status_service_s.c.o[0m
[ 84%] [32m[1mLinking C shared library rosidl_generator_py/robethichor_interfaces/librobethichor_interfaces__rosidl_generator_py.so[0m
[ 84%] Built target robethichor_interfaces__rosidl_generator_py
[ 89%] [32mBuilding C object CMakeFiles/robethichor_interfaces__rosidl_typesupport_fastrtps_c__pyext.dir/rosidl_generator_py/robethichor_interfaces/_robethichor_interfaces_s.ep.rosidl_typesupport_fastrtps_c.c.o[0m
[ 89%] [32mBuilding C object CMakeFiles/robethichor_interfaces__rosidl_typesupport_introspection_c__pyext.dir/rosidl_generator_py/robethichor_interfaces/_robethichor_interfaces_s.ep.rosidl_typesupport_introspection_c.c.o[0m
[ 92%] [32m[1mLinking C shared library rosidl_generator_py/robethichor_interfaces/robethichor_interfaces_s__rosidl_typesupport_fastrtps_c.cpython-310-x86_64-linux-gnu.so[0m
[ 94%] [32m[1mLinking C shared library rosidl_generator_py/robethichor_interfaces/robethichor_interfaces_s__rosidl_typesupport_introspection_c.cpython-310-x86_64-linux-gnu.so[0m
[ 94%] Built target robethichor_interfaces__rosidl_typesupport_fastrtps_c__pyext
[ 94%] Built target robethichor_interfaces__rosidl_typesupport_introspection_c__pyext
[ 97%] [32mBuilding C object CMakeFiles/robethichor_interfaces__rosidl_typesupport_c__pyext.dir/rosidl_generator_py/robethichor_interfaces/_robethichor_interfaces_s.ep.rosidl_typesupport_c.c.o[0m
[100%] [32m[1mLinking C shared library rosidl_generator_py/robethichor_interfaces/robethichor_interfaces_s__rosidl_typesupport_c.cpython-310-x86_64-linux-gnu.so[0m
[100%] Built target robethichor_interfaces__rosidl_typesupport_c__pyext
-- Install configuration: ""
-- Installing: /home/gianluca/ros2_ws/src/install/robethichor_interfaces/share/ament_index/resource_index/rosidl_interfaces/robethichor_interfaces
-- Installing: /home/gianluca/ros2_ws/src/install/robethichor_interfaces/include/robethichor_interfaces/robethichor_interfaces
-- Installing: /home/gianluca/ros2_ws/src/install/robethichor_interfaces/include/robethichor_interfaces/robethichor_interfaces/msg
-- Installing: /home/gianluca/ros2_ws/src/install/robethichor_interfaces/include/robethichor_interfaces/robethichor_interfaces/msg/rosidl_generator_c__visibility_control.h
-- Installing: /home/gianluca/ros2_ws/src/install/robethichor_interfaces/include/robethichor_interfaces/robethichor_interfaces/srv
-- Installing: /home/gianluca/ros2_ws/src/install/robethichor_interfaces/include/robethichor_interfaces/robethichor_interfaces/srv/detail
-- Installing: /home/gianluca/ros2_ws/src/install/robethichor_interfaces/include/robethichor_interfaces/robethichor_interfaces/srv/detail/negotiation_service__type_support.h
-- Installing: /home/gianluca/ros2_ws/src/install/robethichor_interfaces/include/robethichor_interfaces/robethichor_interfaces/srv/detail/negotiation_service__functions.c
-- Installing: /home/gianluca/ros2_ws/src/install/robethichor_interfaces/include/robethichor_interfaces/robethichor_interfaces/srv/detail/user_status_service__struct.h
-- Installing: /home/gianluca/ros2_ws/src/install/robethichor_interfaces/include/robethichor_interfaces/robethichor_interfaces/srv/detail/user_status_service__functions.h
-- Installing: /home/gianluca/ros2_ws/src/install/robethichor_interfaces/include/robethichor_interfaces/robethichor_interfaces/srv/detail/user_status_service__type_support.h
-- Installing: /home/gianluca/ros2_ws/src/install/robethichor_interfaces/include/robethichor_interfaces/robethichor_interfaces/srv/detail/negotiation_service__functions.h
-- Installing: /home/gianluca/ros2_ws/src/install/robethichor_interfaces/include/robethichor_interfaces/robethichor_interfaces/srv/detail/negotiation_service__struct.h
-- Installing: /home/gianluca/ros2_ws/src/install/robethichor_interfaces/include/robethichor_interfaces/robethichor_interfaces/srv/detail/user_status_service__functions.c
-- Installing: /home/gianluca/ros2_ws/src/install/robethichor_interfaces/include/robethichor_interfaces/robethichor_interfaces/srv/user_status_service.h
-- Installing: /home/gianluca/ros2_ws/src/install/robethichor_interfaces/include/robethichor_interfaces/robethichor_interfaces/srv/negotiation_service.h
-- Installing: /home/gianluca/ros2_ws/src/install/robethichor_interfaces/share/robethichor_interfaces/environment/library_path.sh
-- Installing: /home/gianluca/ros2_ws/src/install/robethichor_interfaces/share/robethichor_interfaces/environment/library_path.dsv
-- Installing: /home/gianluca/ros2_ws/src/install/robethichor_interfaces/lib/librobethichor_interfaces__rosidl_generator_c.so
-- Set runtime path of "/home/gianluca/ros2_ws/src/install/robethichor_interfaces/lib/librobethichor_interfaces__rosidl_generator_c.so" to ""
-- Up-to-date: /home/gianluca/ros2_ws/src/install/robethichor_interfaces/include/robethichor_interfaces/robethichor_interfaces
-- Up-to-date: /home/gianluca/ros2_ws/src/install/robethichor_interfaces/include/robethichor_interfaces/robethichor_interfaces/msg
-- Installing: /home/gianluca/ros2_ws/src/install/robethichor_interfaces/include/robethichor_interfaces/robethichor_interfaces/msg/rosidl_typesupport_fastrtps_c__visibility_control.h
-- Up-to-date: /home/gianluca/ros2_ws/src/install/robethichor_interfaces/include/robethichor_interfaces/robethichor_interfaces/srv
-- Up-to-date: /home/gianluca/ros2_ws/src/install/robethichor_interfaces/include/robethichor_interfaces/robethichor_interfaces/srv/detail
-- Installing: /home/gianluca/ros2_ws/src/install/robethichor_interfaces/include/robethichor_interfaces/robethichor_interfaces/srv/detail/user_status_service__rosidl_typesupport_fastrtps_c.h
-- Installing: /home/gianluca/ros2_ws/src/install/robethichor_interfaces/include/robethichor_interfaces/robethichor_interfaces/srv/detail/negotiation_service__rosidl_typesupport_fastrtps_c.h
-- Installing: /home/gianluca/ros2_ws/src/install/robethichor_interfaces/lib/librobethichor_interfaces__rosidl_typesupport_fastrtps_c.so
-- Set runtime path of "/home/gianluca/ros2_ws/src/install/robethichor_interfaces/lib/librobethichor_interfaces__rosidl_typesupport_fastrtps_c.so" to ""
-- Up-to-date: /home/gianluca/ros2_ws/src/install/robethichor_interfaces/include/robethichor_interfaces/robethichor_interfaces
-- Up-to-date: /home/gianluca/ros2_ws/src/install/robethichor_interfaces/include/robethichor_interfaces/robethichor_interfaces/msg
-- Installing: /home/gianluca/ros2_ws/src/install/robethichor_interfaces/include/robethichor_interfaces/robethichor_interfaces/msg/rosidl_typesupport_introspection_c__visibility_control.h
-- Up-to-date: /home/gianluca/ros2_ws/src/install/robethichor_interfaces/include/robethichor_interfaces/robethichor_interfaces/srv
-- Up-to-date: /home/gianluca/ros2_ws/src/install/robethichor_interfaces/include/robethichor_interfaces/robethichor_interfaces/srv/detail
-- Installing: /home/gianluca/ros2_ws/src/install/robethichor_interfaces/include/robethichor_interfaces/robethichor_interfaces/srv/detail/negotiation_service__type_support.c
-- Installing: /home/gianluca/ros2_ws/src/install/robethichor_interfaces/include/robethichor_interfaces/robethichor_interfaces/srv/detail/negotiation_service__rosidl_typesupport_introspection_c.h
-- Installing: /home/gianluca/ros2_ws/src/install/robethichor_interfaces/include/robethichor_interfaces/robethichor_interfaces/srv/detail/user_status_service__rosidl_typesupport_introspection_c.h
-- Installing: /home/gianluca/ros2_ws/src/install/robethichor_interfaces/include/robethichor_interfaces/robethichor_interfaces/srv/detail/user_status_service__type_support.c
-- Installing: /home/gianluca/ros2_ws/src/install/robethichor_interfaces/lib/librobethichor_interfaces__rosidl_typesupport_introspection_c.so
-- Set runtime path of "/home/gianluca/ros2_ws/src/install/robethichor_interfaces/lib/librobethichor_interfaces__rosidl_typesupport_introspection_c.so" to ""
-- Installing: /home/gianluca/ros2_ws/src/install/robethichor_interfaces/lib/librobethichor_interfaces__rosidl_typesupport_c.so
-- Set runtime path of "/home/gianluca/ros2_ws/src/install/robethichor_interfaces/lib/librobethichor_interfaces__rosidl_typesupport_c.so" to ""
-- Up-to-date: /home/gianluca/ros2_ws/src/install/robethichor_interfaces/include/robethichor_interfaces/robethichor_interfaces
-- Up-to-date: /home/gianluca/ros2_ws/src/install/robethichor_interfaces/include/robethichor_interfaces/robethichor_interfaces/srv
-- Up-to-date: /home/gianluca/ros2_ws/src/install/robethichor_interfaces/include/robethichor_interfaces/robethichor_interfaces/srv/detail
-- Installing: /home/gianluca/ros2_ws/src/install/robethichor_interfaces/include/robethichor_interfaces/robethichor_interfaces/srv/detail/negotiation_service__struct.hpp
-- Installing: /home/gianluca/ros2_ws/src/install/robethichor_interfaces/include/robethichor_interfaces/robethichor_interfaces/srv/detail/negotiation_service__traits.hpp
-- Installing: /home/gianluca/ros2_ws/src/install/robethichor_interfaces/include/robethichor_interfaces/robethichor_interfaces/srv/detail/negotiation_service__builder.hpp
-- Installing: /home/gianluca/ros2_ws/src/install/robethichor_interfaces/include/robethichor_interfaces/robethichor_interfaces/srv/detail/user_status_service__struct.hpp
-- Installing: /home/gianluca/ros2_ws/src/install/robethichor_interfaces/include/robethichor_interfaces/robethichor_interfaces/srv/detail/user_status_service__builder.hpp
-- Installing: /home/gianluca/ros2_ws/src/install/robethichor_interfaces/include/robethichor_interfaces/robethichor_interfaces/srv/detail/user_status_service__traits.hpp
-- Installing: /home/gianluca/ros2_ws/src/install/robethichor_interfaces/include/robethichor_interfaces/robethichor_interfaces/srv/user_status_service.hpp
-- Installing: /home/gianluca/ros2_ws/src/install/robethichor_interfaces/include/robethichor_interfaces/robethichor_interfaces/srv/negotiation_service.hpp
-- Up-to-date: /home/gianluca/ros2_ws/src/install/robethichor_interfaces/include/robethichor_interfaces/robethichor_interfaces
-- Up-to-date: /home/gianluca/ros2_ws/src/install/robethichor_interfaces/include/robethichor_interfaces/robethichor_interfaces/msg
-- Installing: /home/gianluca/ros2_ws/src/install/robethichor_interfaces/include/robethichor_interfaces/robethichor_interfaces/msg/rosidl_typesupport_fastrtps_cpp__visibility_control.h
-- Up-to-date: /home/gianluca/ros2_ws/src/install/robethichor_interfaces/include/robethichor_interfaces/robethichor_interfaces/srv
-- Up-to-date: /home/gianluca/ros2_ws/src/install/robethichor_interfaces/include/robethichor_interfaces/robethichor_interfaces/srv/detail
-- Installing: /home/gianluca/ros2_ws/src/install/robethichor_interfaces/include/robethichor_interfaces/robethichor_interfaces/srv/detail/dds_fastrtps
-- Installing: /home/gianluca/ros2_ws/src/install/robethichor_interfaces/include/robethichor_interfaces/robethichor_interfaces/srv/detail/user_status_service__rosidl_typesupport_fastrtps_cpp.hpp
-- Installing: /home/gianluca/ros2_ws/src/install/robethichor_interfaces/include/robethichor_interfaces/robethichor_interfaces/srv/detail/negotiation_service__rosidl_typesupport_fastrtps_cpp.hpp
-- Installing: /home/gianluca/ros2_ws/src/install/robethichor_interfaces/lib/librobethichor_interfaces__rosidl_typesupport_fastrtps_cpp.so
-- Set runtime path of "/home/gianluca/ros2_ws/src/install/robethichor_interfaces/lib/librobethichor_interfaces__rosidl_typesupport_fastrtps_cpp.so" to ""
-- Up-to-date: /home/gianluca/ros2_ws/src/install/robethichor_interfaces/include/robethichor_interfaces/robethichor_interfaces
-- Up-to-date: /home/gianluca/ros2_ws/src/install/robethichor_interfaces/include/robethichor_interfaces/robethichor_interfaces/srv
-- Up-to-date: /home/gianluca/ros2_ws/src/install/robethichor_interfaces/include/robethichor_interfaces/robethichor_interfaces/srv/detail
-- Installing: /home/gianluca/ros2_ws/src/install/robethichor_interfaces/include/robethichor_interfaces/robethichor_interfaces/srv/detail/negotiation_service__rosidl_typesupport_introspection_cpp.hpp
-- Installing: /home/gianluca/ros2_ws/src/install/robethichor_interfaces/include/robethichor_interfaces/robethichor_interfaces/srv/detail/user_status_service__type_support.cpp
-- Installing: /home/gianluca/ros2_ws/src/install/robethichor_interfaces/include/robethichor_interfaces/robethichor_interfaces/srv/detail/negotiation_service__type_support.cpp
-- Installing: /home/gianluca/ros2_ws/src/install/robethichor_interfaces/include/robethichor_interfaces/robethichor_interfaces/srv/detail/user_status_service__rosidl_typesupport_introspection_cpp.hpp
-- Installing: /home/gianluca/ros2_ws/src/install/robethichor_interfaces/lib/librobethichor_interfaces__rosidl_typesupport_introspection_cpp.so
-- Set runtime path of "/home/gianluca/ros2_ws/src/install/robethichor_interfaces/lib/librobethichor_interfaces__rosidl_typesupport_introspection_cpp.so" to ""
-- Installing: /home/gianluca/ros2_ws/src/install/robethichor_interfaces/lib/librobethichor_interfaces__rosidl_typesupport_cpp.so
-- Set runtime path of "/home/gianluca/ros2_ws/src/install/robethichor_interfaces/lib/librobethichor_interfaces__rosidl_typesupport_cpp.so" to ""
-- Installing: /home/gianluca/ros2_ws/src/install/robethichor_interfaces/share/robethichor_interfaces/environment/pythonpath.sh
-- Installing: /home/gianluca/ros2_ws/src/install/robethichor_interfaces/share/robethichor_interfaces/environment/pythonpath.dsv
-- Installing: /home/gianluca/ros2_ws/src/install/robethichor_interfaces/local/lib/python3.10/dist-packages/robethichor_interfaces-0.0.1-py3.10.egg-info
-- Installing: /home/gianluca/ros2_ws/src/install/robethichor_interfaces/local/lib/python3.10/dist-packages/robethichor_interfaces-0.0.1-py3.10.egg-info/SOURCES.txt
-- Installing: /home/gianluca/ros2_ws/src/install/robethichor_interfaces/local/lib/python3.10/dist-packages/robethichor_interfaces-0.0.1-py3.10.egg-info/PKG-INFO
-- Installing: /home/gianluca/ros2_ws/src/install/robethichor_interfaces/local/lib/python3.10/dist-packages/robethichor_interfaces-0.0.1-py3.10.egg-info/top_level.txt
-- Installing: /home/gianluca/ros2_ws/src/install/robethichor_interfaces/local/lib/python3.10/dist-packages/robethichor_interfaces-0.0.1-py3.10.egg-info/dependency_links.txt
-- Installing: /home/gianluca/ros2_ws/src/install/robethichor_interfaces/local/lib/python3.10/dist-packages/robethichor_interfaces
-- Installing: /home/gianluca/ros2_ws/src/install/robethichor_interfaces/local/lib/python3.10/dist-packages/robethichor_interfaces/librobethichor_interfaces__rosidl_generator_py.so
-- Installing: /home/gianluca/ros2_ws/src/install/robethichor_interfaces/local/lib/python3.10/dist-packages/robethichor_interfaces/robethichor_interfaces_s__rosidl_typesupport_fastrtps_c.cpython-310-x86_64-linux-gnu.so
-- Installing: /home/gianluca/ros2_ws/src/install/robethichor_interfaces/local/lib/python3.10/dist-packages/robethichor_interfaces/robethichor_interfaces_s__rosidl_typesupport_introspection_c.cpython-310-x86_64-linux-gnu.so
-- Installing: /home/gianluca/ros2_ws/src/install/robethichor_interfaces/local/lib/python3.10/dist-packages/robethichor_interfaces/_robethichor_interfaces_s.ep.rosidl_typesupport_c.c
-- Installing: /home/gianluca/ros2_ws/src/install/robethichor_interfaces/local/lib/python3.10/dist-packages/robethichor_interfaces/_robethichor_interfaces_s.ep.rosidl_typesupport_fastrtps_c.c
-- Installing: /home/gianluca/ros2_ws/src/install/robethichor_interfaces/local/lib/python3.10/dist-packages/robethichor_interfaces/_robethichor_interfaces_s.ep.rosidl_typesupport_introspection_c.c
-- Installing: /home/gianluca/ros2_ws/src/install/robethichor_interfaces/local/lib/python3.10/dist-packages/robethichor_interfaces/__init__.py
-- Installing: /home/gianluca/ros2_ws/src/install/robethichor_interfaces/local/lib/python3.10/dist-packages/robethichor_interfaces/srv
-- Installing: /home/gianluca/ros2_ws/src/install/robethichor_interfaces/local/lib/python3.10/dist-packages/robethichor_interfaces/srv/_negotiation_service.py
-- Installing: /home/gianluca/ros2_ws/src/install/robethichor_interfaces/local/lib/python3.10/dist-packages/robethichor_interfaces/srv/_user_status_service.py
-- Installing: /home/gianluca/ros2_ws/src/install/robethichor_interfaces/local/lib/python3.10/dist-packages/robethichor_interfaces/srv/__init__.py
-- Installing: /home/gianluca/ros2_ws/src/install/robethichor_interfaces/local/lib/python3.10/dist-packages/robethichor_interfaces/srv/_negotiation_service_s.c
-- Installing: /home/gianluca/ros2_ws/src/install/robethichor_interfaces/local/lib/python3.10/dist-packages/robethichor_interfaces/srv/_user_status_service_s.c
-- Installing: /home/gianluca/ros2_ws/src/install/robethichor_interfaces/local/lib/python3.10/dist-packages/robethichor_interfaces/robethichor_interfaces_s__rosidl_typesupport_c.cpython-310-x86_64-linux-gnu.so
Listing '/home/gianluca/ros2_ws/src/install/robethichor_interfaces/local/lib/python3.10/dist-packages/robethichor_interfaces'...
Compiling '/home/gianluca/ros2_ws/src/install/robethichor_interfaces/local/lib/python3.10/dist-packages/robethichor_interfaces/__init__.py'...
Listing '/home/gianluca/ros2_ws/src/install/robethichor_interfaces/local/lib/python3.10/dist-packages/robethichor_interfaces/srv'...
Compiling '/home/gianluca/ros2_ws/src/install/robethichor_interfaces/local/lib/python3.10/dist-packages/robethichor_interfaces/srv/__init__.py'...
Compiling '/home/gianluca/ros2_ws/src/install/robethichor_interfaces/local/lib/python3.10/dist-packages/robethichor_interfaces/srv/_negotiation_service.py'...
Compiling '/home/gianluca/ros2_ws/src/install/robethichor_interfaces/local/lib/python3.10/dist-packages/robethichor_interfaces/srv/_user_status_service.py'...
-- Installing: /home/gianluca/ros2_ws/src/install/robethichor_interfaces/local/lib/python3.10/dist-packages/robethichor_interfaces/robethichor_interfaces_s__rosidl_typesupport_fastrtps_c.cpython-310-x86_64-linux-gnu.so
-- Set runtime path of "/home/gianluca/ros2_ws/src/install/robethichor_interfaces/local/lib/python3.10/dist-packages/robethichor_interfaces/robethichor_interfaces_s__rosidl_typesupport_fastrtps_c.cpython-310-x86_64-linux-gnu.so" to ""
-- Installing: /home/gianluca/ros2_ws/src/install/robethichor_interfaces/local/lib/python3.10/dist-packages/robethichor_interfaces/robethichor_interfaces_s__rosidl_typesupport_introspection_c.cpython-310-x86_64-linux-gnu.so
-- Set runtime path of "/home/gianluca/ros2_ws/src/install/robethichor_interfaces/local/lib/python3.10/dist-packages/robethichor_interfaces/robethichor_interfaces_s__rosidl_typesupport_introspection_c.cpython-310-x86_64-linux-gnu.so" to ""
-- Installing: /home/gianluca/ros2_ws/src/install/robethichor_interfaces/local/lib/python3.10/dist-packages/robethichor_interfaces/robethichor_interfaces_s__rosidl_typesupport_c.cpython-310-x86_64-linux-gnu.so
-- Set runtime path of "/home/gianluca/ros2_ws/src/install/robethichor_interfaces/local/lib/python3.10/dist-packages/robethichor_interfaces/robethichor_interfaces_s__rosidl_typesupport_c.cpython-310-x86_64-linux-gnu.so" to ""
-- Installing: /home/gianluca/ros2_ws/src/install/robethichor_interfaces/lib/librobethichor_interfaces__rosidl_generator_py.so
-- Set runtime path of "/home/gianluca/ros2_ws/src/install/robethichor_interfaces/lib/librobethichor_interfaces__rosidl_generator_py.so" to ""
-- Installing: /home/gianluca/ros2_ws/src/install/robethichor_interfaces/share/robethichor_interfaces/srv/UserStatusService.idl
-- Installing: /home/gianluca/ros2_ws/src/install/robethichor_interfaces/share/robethichor_interfaces/srv/NegotiationService.idl
-- Installing: /home/gianluca/ros2_ws/src/install/robethichor_interfaces/share/robethichor_interfaces/srv/UserStatusService.srv
-- Installing: /home/gianluca/ros2_ws/src/install/robethichor_interfaces/share/robethichor_interfaces/srv/UserStatusService_Request.msg
-- Installing: /home/gianluca/ros2_ws/src/install/robethichor_interfaces/share/robethichor_interfaces/srv/UserStatusService_Response.msg
-- Installing: /home/gianluca/ros2_ws/src/install/robethichor_interfaces/share/robethichor_interfaces/srv/NegotiationService.srv
-- Installing: /home/gianluca/ros2_ws/src/install/robethichor_interfaces/share/robethichor_interfaces/srv/NegotiationService_Request.msg
-- Installing: /home/gianluca/ros2_ws/src/install/robethichor_interfaces/share/robethichor_interfaces/srv/NegotiationService_Response.msg
-- Installing: /home/gianluca/ros2_ws/src/install/robethichor_interfaces/share/ament_index/resource_index/package_run_dependencies/robethichor_interfaces
-- Installing: /home/gianluca/ros2_ws/src/install/robethichor_interfaces/share/ament_index/resource_index/parent_prefix_path/robethichor_interfaces
-- Installing: /home/gianluca/ros2_ws/src/install/robethichor_interfaces/share/robethichor_interfaces/environment/ament_prefix_path.sh
-- Installing: /home/gianluca/ros2_ws/src/install/robethichor_interfaces/share/robethichor_interfaces/environment/ament_prefix_path.dsv
-- Installing: /home/gianluca/ros2_ws/src/install/robethichor_interfaces/share/robethichor_interfaces/environment/path.sh
-- Installing: /home/gianluca/ros2_ws/src/install/robethichor_interfaces/share/robethichor_interfaces/environment/path.dsv
-- Installing: /home/gianluca/ros2_ws/src/install/robethichor_interfaces/share/robethichor_interfaces/local_setup.bash
-- Installing: /home/gianluca/ros2_ws/src/install/robethichor_interfaces/share/robethichor_interfaces/local_setup.sh
-- Installing: /home/gianluca/ros2_ws/src/install/robethichor_interfaces/share/robethichor_interfaces/local_setup.zsh
-- Installing: /home/gianluca/ros2_ws/src/install/robethichor_interfaces/share/robethichor_interfaces/local_setup.dsv
-- Installing: /home/gianluca/ros2_ws/src/install/robethichor_interfaces/share/robethichor_interfaces/package.dsv
-- Installing: /home/gianluca/ros2_ws/src/install/robethichor_interfaces/share/ament_index/resource_index/packages/robethichor_interfaces
-- Installing: /home/gianluca/ros2_ws/src/install/robethichor_interfaces/share/robethichor_interfaces/cmake/export_robethichor_interfaces__rosidl_generator_cExport.cmake
-- Installing: /home/gianluca/ros2_ws/src/install/robethichor_interfaces/share/robethichor_interfaces/cmake/export_robethichor_interfaces__rosidl_generator_cExport-noconfig.cmake
-- Installing: /home/gianluca/ros2_ws/src/install/robethichor_interfaces/share/robethichor_interfaces/cmake/export_robethichor_interfaces__rosidl_typesupport_fastrtps_cExport.cmake
-- Installing: /home/gianluca/ros2_ws/src/install/robethichor_interfaces/share/robethichor_interfaces/cmake/export_robethichor_interfaces__rosidl_typesupport_fastrtps_cExport-noconfig.cmake
-- Installing: /home/gianluca/ros2_ws/src/install/robethichor_interfaces/share/robethichor_interfaces/cmake/robethichor_interfaces__rosidl_typesupport_introspection_cExport.cmake
-- Installing: /home/gianluca/ros2_ws/src/install/robethichor_interfaces/share/robethichor_interfaces/cmake/robethichor_interfaces__rosidl_typesupport_introspection_cExport-noconfig.cmake
-- Installing: /home/gianluca/ros2_ws/src/install/robethichor_interfaces/share/robethichor_interfaces/cmake/robethichor_interfaces__rosidl_typesupport_cExport.cmake
-- Installing: /home/gianluca/ros2_ws/src/install/robethichor_interfaces/share/robethichor_interfaces/cmake/robethichor_interfaces__rosidl_typesupport_cExport-noconfig.cmake
-- Installing: /home/gianluca/ros2_ws/src/install/robethichor_interfaces/share/robethichor_interfaces/cmake/export_robethichor_interfaces__rosidl_generator_cppExport.cmake
-- Installing: /home/gianluca/ros2_ws/src/install/robethichor_interfaces/share/robethichor_interfaces/cmake/export_robethichor_interfaces__rosidl_typesupport_fastrtps_cppExport.cmake
-- Installing: /home/gianluca/ros2_ws/src/install/robethichor_interfaces/share/robethichor_interfaces/cmake/export_robethichor_interfaces__rosidl_typesupport_fastrtps_cppExport-noconfig.cmake
-- Installing: /home/gianluca/ros2_ws/src/install/robethichor_interfaces/share/robethichor_interfaces/cmake/robethichor_interfaces__rosidl_typesupport_introspection_cppExport.cmake
-- Installing: /home/gianluca/ros2_ws/src/install/robethichor_interfaces/share/robethichor_interfaces/cmake/robethichor_interfaces__rosidl_typesupport_introspection_cppExport-noconfig.cmake
-- Installing: /home/gianluca/ros2_ws/src/install/robethichor_interfaces/share/robethichor_interfaces/cmake/robethichor_interfaces__rosidl_typesupport_cppExport.cmake
-- Installing: /home/gianluca/ros2_ws/src/install/robethichor_interfaces/share/robethichor_interfaces/cmake/robethichor_interfaces__rosidl_typesupport_cppExport-noconfig.cmake
-- Installing: /home/gianluca/ros2_ws/src/install/robethichor_interfaces/share/robethichor_interfaces/cmake/export_robethichor_interfaces__rosidl_generator_pyExport.cmake
-- Installing: /home/gianluca/ros2_ws/src/install/robethichor_interfaces/share/robethichor_interfaces/cmake/export_robethichor_interfaces__rosidl_generator_pyExport-noconfig.cmake
-- Installing: /home/gianluca/ros2_ws/src/install/robethichor_interfaces/share/robethichor_interfaces/cmake/rosidl_cmake-extras.cmake
-- Installing: /home/gianluca/ros2_ws/src/install/robethichor_interfaces/share/robethichor_interfaces/cmake/ament_cmake_export_include_directories-extras.cmake
-- Installing: /home/gianluca/ros2_ws/src/install/robethichor_interfaces/share/robethichor_interfaces/cmake/ament_cmake_export_libraries-extras.cmake
-- Installing: /home/gianluca/ros2_ws/src/install/robethichor_interfaces/share/robethichor_interfaces/cmake/ament_cmake_export_targets-extras.cmake
-- Installing: /home/gianluca/ros2_ws/src/install/robethichor_interfaces/share/robethichor_interfaces/cmake/rosidl_cmake_export_typesupport_targets-extras.cmake
-- Installing: /home/gianluca/ros2_ws/src/install/robethichor_interfaces/share/robethichor_interfaces/cmake/ament_cmake_export_dependencies-extras.cmake
-- Installing: /home/gianluca/ros2_ws/src/install/robethichor_interfaces/share/robethichor_interfaces/cmake/rosidl_cmake_export_typesupport_libraries-extras.cmake
-- Installing: /home/gianluca/ros2_ws/src/install/robethichor_interfaces/share/robethichor_interfaces/cmake/robethichor_interfacesConfig.cmake
-- Installing: /home/gianluca/ros2_ws/src/install/robethichor_interfaces/share/robethichor_interfaces/cmake/robethichor_interfacesConfig-version.cmake
-- Installing: /home/gianluca/ros2_ws/src/install/robethichor_interfaces/share/robethichor_interfaces/package.xml
