[0.033s] Invoking command in '/home/gianluca/ros2_ws/src/build/robethichor_interfaces': CMAKE_PREFIX_PATH=${CMAKE_PREFIX_PATH}:/home/gianluca/ros2_ws/install/robethichor:/opt/ros/humble /usr/bin/cmake /home/gianluca/ros2_ws/src/robethichor_interfaces -DCMAKE_INSTALL_PREFIX=/home/gianluca/ros2_ws/src/install/robethichor_interfaces
[0.370s] -- The C compiler identification is GNU 11.4.0
[0.524s] -- The CXX compiler identification is GNU 11.4.0
[0.538s] -- Detecting C compiler ABI info
[0.688s] -- Detecting C compiler ABI info - done
[0.699s] -- Check for working C compiler: /usr/bin/cc - skipped
[0.699s] -- Detecting C compile features
[0.700s] -- Detecting C compile features - done
[0.710s] -- Detecting CXX compiler ABI info
[0.842s] -- Detecting CXX compiler ABI info - done
[0.849s] -- Check for working CXX compiler: /usr/bin/c++ - skipped
[0.850s] -- Detecting CXX compile features
[0.851s] -- Detecting CXX compile features - done
[0.858s] -- Found ament_cmake: 1.3.10 (/opt/ros/humble/share/ament_cmake/cmake)
[1.058s] -- Found Python3: /usr/bin/python3 (found version "3.10.12") found components: Interpreter 
[1.248s] -- Found rosidl_default_generators: 1.2.0 (/opt/ros/humble/share/rosidl_default_generators/cmake)
[1.258s] -- Using all available rosidl_typesupport_c: rosidl_typesupport_fastrtps_c;rosidl_typesupport_introspection_c
[1.271s] -- Found rosidl_adapter: 3.1.5 (/opt/ros/humble/share/rosidl_adapter/cmake)
[1.368s] -- Using all available rosidl_typesupport_cpp: rosidl_typesupport_fastrtps_cpp;rosidl_typesupport_introspection_cpp
[1.789s] -- Found ament_cmake_ros: 0.10.0 (/opt/ros/humble/share/ament_cmake_ros/cmake)
[2.003s] -- Using all available rosidl_typesupport_c: rosidl_typesupport_fastrtps_c;rosidl_typesupport_introspection_c
[2.266s] -- Using all available rosidl_typesupport_cpp: rosidl_typesupport_fastrtps_cpp;rosidl_typesupport_introspection_cpp
[2.289s] -- Found PythonInterp: /usr/bin/python3 (found suitable version "3.10.12", minimum required is "3.6") 
[2.291s] -- Found python_cmake_module: 0.10.0 (/opt/ros/humble/share/python_cmake_module/cmake)
[2.320s] -- Found PythonLibs: /usr/lib/x86_64-linux-gnu/libpython3.10.so (found suitable version "3.10.12", minimum required is "3.5") 
[2.320s] -- Using PYTHON_EXECUTABLE: /usr/bin/python3
[2.320s] -- Using PYTHON_INCLUDE_DIRS: /usr/include/python3.10
[2.320s] -- Using PYTHON_LIBRARIES: /usr/lib/x86_64-linux-gnu/libpython3.10.so
[2.350s] -- Found PythonExtra: .so  
[2.395s] -- Configuring done
[2.432s] -- Generating done
[2.438s] -- Build files have been written to: /home/gianluca/ros2_ws/src/build/robethichor_interfaces
[2.462s] Invoked command in '/home/gianluca/ros2_ws/src/build/robethichor_interfaces' returned '0': CMAKE_PREFIX_PATH=${CMAKE_PREFIX_PATH}:/home/gianluca/ros2_ws/install/robethichor:/opt/ros/humble /usr/bin/cmake /home/gianluca/ros2_ws/src/robethichor_interfaces -DCMAKE_INSTALL_PREFIX=/home/gianluca/ros2_ws/src/install/robethichor_interfaces
[2.469s] Invoking command in '/home/gianluca/ros2_ws/src/build/robethichor_interfaces': CMAKE_PREFIX_PATH=${CMAKE_PREFIX_PATH}:/home/gianluca/ros2_ws/install/robethichor:/opt/ros/humble /usr/bin/cmake --build /home/gianluca/ros2_ws/src/build/robethichor_interfaces -- -j2 -l2
[2.528s] [  2%] [34m[1mGenerating C code for ROS interfaces[0m
[2.550s] [  5%] [34m[1mGenerating C++ code for ROS interfaces[0m
[3.026s] [  5%] Built target robethichor_interfaces__cpp
[3.083s] [  5%] Built target ament_cmake_python_copy_robethichor_interfaces
[3.112s] [  7%] [34m[1mGenerating C++ type support dispatch for ROS interfaces[0m
[3.162s] [ 10%] [32mBuilding C object CMakeFiles/robethichor_interfaces__rosidl_generator_c.dir/rosidl_generator_c/robethichor_interfaces/srv/detail/user_status_service__functions.c.o[0m
[3.261s] [ 12%] [32mBuilding C object CMakeFiles/robethichor_interfaces__rosidl_generator_c.dir/rosidl_generator_c/robethichor_interfaces/srv/detail/negotiation_service__functions.c.o[0m
[3.330s] [ 15%] [32m[1mLinking C shared library librobethichor_interfaces__rosidl_generator_c.so[0m
[3.395s] [ 15%] Built target robethichor_interfaces__rosidl_generator_c
[3.411s] [ 17%] [34m[1mGenerating C++ type support for eProsima Fast-RTPS[0m
[3.498s] [ 20%] [32mBuilding CXX object CMakeFiles/robethichor_interfaces__rosidl_typesupport_cpp.dir/rosidl_typesupport_cpp/robethichor_interfaces/srv/user_status_service__type_support.cpp.o[0m
[3.889s] [ 23%] [32mBuilding CXX object CMakeFiles/robethichor_interfaces__rosidl_typesupport_fastrtps_cpp.dir/rosidl_typesupport_fastrtps_cpp/robethichor_interfaces/srv/detail/dds_fastrtps/user_status_service__type_support.cpp.o[0m
[3.928s] [ 25%] [32mBuilding CXX object CMakeFiles/robethichor_interfaces__rosidl_typesupport_cpp.dir/rosidl_typesupport_cpp/robethichor_interfaces/srv/negotiation_service__type_support.cpp.o[0m
[4.313s] [ 28%] [32m[1mLinking CXX shared library librobethichor_interfaces__rosidl_typesupport_cpp.so[0m
[4.384s] [ 28%] Built target robethichor_interfaces__rosidl_typesupport_cpp
[4.398s] [ 30%] [32mBuilding CXX object CMakeFiles/robethichor_interfaces__rosidl_typesupport_fastrtps_cpp.dir/rosidl_typesupport_fastrtps_cpp/robethichor_interfaces/srv/detail/dds_fastrtps/negotiation_service__type_support.cpp.o[0m
[4.513s] [ 33%] [34m[1mGenerating C++ introspection for ROS interfaces[0m
[4.939s] [ 35%] [32mBuilding CXX object CMakeFiles/robethichor_interfaces__rosidl_typesupport_introspection_cpp.dir/rosidl_typesupport_introspection_cpp/robethichor_interfaces/srv/detail/user_status_service__type_support.cpp.o[0m
[5.024s] [ 38%] [32m[1mLinking CXX shared library librobethichor_interfaces__rosidl_typesupport_fastrtps_cpp.so[0m
[5.143s] [ 38%] Built target robethichor_interfaces__rosidl_typesupport_fastrtps_cpp
[5.440s] [ 41%] [32mBuilding CXX object CMakeFiles/robethichor_interfaces__rosidl_typesupport_introspection_cpp.dir/rosidl_typesupport_introspection_cpp/robethichor_interfaces/srv/detail/negotiation_service__type_support.cpp.o[0m
[5.507s] running egg_info
[5.508s] creating robethichor_interfaces.egg-info
[5.509s] writing robethichor_interfaces.egg-info/PKG-INFO
[5.509s] writing dependency_links to robethichor_interfaces.egg-info/dependency_links.txt
[5.509s] writing top-level names to robethichor_interfaces.egg-info/top_level.txt
[5.510s] writing manifest file 'robethichor_interfaces.egg-info/SOURCES.txt'
[5.513s] reading manifest file 'robethichor_interfaces.egg-info/SOURCES.txt'
[5.513s] writing manifest file 'robethichor_interfaces.egg-info/SOURCES.txt'
[5.550s] [ 41%] Built target ament_cmake_python_build_robethichor_interfaces_egg
[5.576s] [ 43%] [34m[1mGenerating C type support for eProsima Fast-RTPS[0m
[6.136s] [ 46%] [32m[1mLinking CXX shared library librobethichor_interfaces__rosidl_typesupport_introspection_cpp.so[0m
[6.228s] [ 48%] [32mBuilding CXX object CMakeFiles/robethichor_interfaces__rosidl_typesupport_fastrtps_c.dir/rosidl_typesupport_fastrtps_c/robethichor_interfaces/srv/detail/user_status_service__type_support_c.cpp.o[0m
[6.261s] [ 48%] Built target robethichor_interfaces__rosidl_typesupport_introspection_cpp
[6.291s] [ 51%] [34m[1mGenerating C introspection for ROS interfaces[0m
[6.651s] [ 53%] [32mBuilding CXX object CMakeFiles/robethichor_interfaces__rosidl_typesupport_fastrtps_c.dir/rosidl_typesupport_fastrtps_c/robethichor_interfaces/srv/detail/negotiation_service__type_support_c.cpp.o[0m
[6.754s] [ 56%] [32mBuilding C object CMakeFiles/robethichor_interfaces__rosidl_typesupport_introspection_c.dir/rosidl_typesupport_introspection_c/robethichor_interfaces/srv/detail/user_status_service__type_support.c.o[0m
[6.821s] [ 58%] [32mBuilding C object CMakeFiles/robethichor_interfaces__rosidl_typesupport_introspection_c.dir/rosidl_typesupport_introspection_c/robethichor_interfaces/srv/detail/negotiation_service__type_support.c.o[0m
[6.866s] [ 61%] [32m[1mLinking C shared library librobethichor_interfaces__rosidl_typesupport_introspection_c.so[0m
[6.926s] [ 61%] Built target robethichor_interfaces__rosidl_typesupport_introspection_c
[6.943s] [ 64%] [34m[1mGenerating C type support dispatch for ROS interfaces[0m
[7.097s] [ 66%] [32m[1mLinking CXX shared library librobethichor_interfaces__rosidl_typesupport_fastrtps_c.so[0m
[7.203s] [ 66%] Built target robethichor_interfaces__rosidl_typesupport_fastrtps_c
[7.317s] [ 69%] [32mBuilding CXX object CMakeFiles/robethichor_interfaces__rosidl_typesupport_c.dir/rosidl_typesupport_c/robethichor_interfaces/srv/negotiation_service__type_support.cpp.o[0m
[7.319s] [ 71%] [32mBuilding CXX object CMakeFiles/robethichor_interfaces__rosidl_typesupport_c.dir/rosidl_typesupport_c/robethichor_interfaces/srv/user_status_service__type_support.cpp.o[0m
[7.355s] [ 74%] [32m[1mLinking CXX shared library librobethichor_interfaces__rosidl_typesupport_c.so[0m
[7.411s] [ 74%] Built target robethichor_interfaces__rosidl_typesupport_c
[7.440s] [ 74%] Built target robethichor_interfaces
[7.475s] [ 76%] [34m[1mGenerating Python code for ROS interfaces[0m
[8.044s] [ 76%] Built target robethichor_interfaces__py
[8.075s] [ 79%] [32mBuilding C object CMakeFiles/robethichor_interfaces__rosidl_generator_py.dir/rosidl_generator_py/robethichor_interfaces/srv/_negotiation_service_s.c.o[0m
[8.086s] [ 82%] [32mBuilding C object CMakeFiles/robethichor_interfaces__rosidl_generator_py.dir/rosidl_generator_py/robethichor_interfaces/srv/_user_status_service_s.c.o[0m
[8.246s] [ 84%] [32m[1mLinking C shared library rosidl_generator_py/robethichor_interfaces/librobethichor_interfaces__rosidl_generator_py.so[0m
[8.302s] [ 84%] Built target robethichor_interfaces__rosidl_generator_py
[8.332s] [ 89%] [32mBuilding C object CMakeFiles/robethichor_interfaces__rosidl_typesupport_fastrtps_c__pyext.dir/rosidl_generator_py/robethichor_interfaces/_robethichor_interfaces_s.ep.rosidl_typesupport_fastrtps_c.c.o[0m
[8.332s] [ 89%] [32mBuilding C object CMakeFiles/robethichor_interfaces__rosidl_typesupport_introspection_c__pyext.dir/rosidl_generator_py/robethichor_interfaces/_robethichor_interfaces_s.ep.rosidl_typesupport_introspection_c.c.o[0m
[8.455s] [ 92%] [32m[1mLinking C shared library rosidl_generator_py/robethichor_interfaces/robethichor_interfaces_s__rosidl_typesupport_fastrtps_c.cpython-310-x86_64-linux-gnu.so[0m
[8.456s] [ 94%] [32m[1mLinking C shared library rosidl_generator_py/robethichor_interfaces/robethichor_interfaces_s__rosidl_typesupport_introspection_c.cpython-310-x86_64-linux-gnu.so[0m
[8.516s] [ 94%] Built target robethichor_interfaces__rosidl_typesupport_fastrtps_c__pyext
[8.522s] [ 94%] Built target robethichor_interfaces__rosidl_typesupport_introspection_c__pyext
[8.549s] [ 97%] [32mBuilding C object CMakeFiles/robethichor_interfaces__rosidl_typesupport_c__pyext.dir/rosidl_generator_py/robethichor_interfaces/_robethichor_interfaces_s.ep.rosidl_typesupport_c.c.o[0m
[8.656s] [100%] [32m[1mLinking C shared library rosidl_generator_py/robethichor_interfaces/robethichor_interfaces_s__rosidl_typesupport_c.cpython-310-x86_64-linux-gnu.so[0m
[8.701s] [100%] Built target robethichor_interfaces__rosidl_typesupport_c__pyext
[8.720s] Invoked command in '/home/gianluca/ros2_ws/src/build/robethichor_interfaces' returned '0': CMAKE_PREFIX_PATH=${CMAKE_PREFIX_PATH}:/home/gianluca/ros2_ws/install/robethichor:/opt/ros/humble /usr/bin/cmake --build /home/gianluca/ros2_ws/src/build/robethichor_interfaces -- -j2 -l2
[8.904s] Invoking command in '/home/gianluca/ros2_ws/src/build/robethichor_interfaces': CMAKE_PREFIX_PATH=${CMAKE_PREFIX_PATH}:/home/gianluca/ros2_ws/install/robethichor:/opt/ros/humble /usr/bin/cmake --install /home/gianluca/ros2_ws/src/build/robethichor_interfaces
[8.917s] -- Install configuration: ""
[8.918s] -- Installing: /home/gianluca/ros2_ws/src/install/robethichor_interfaces/share/ament_index/resource_index/rosidl_interfaces/robethichor_interfaces
[8.918s] -- Installing: /home/gianluca/ros2_ws/src/install/robethichor_interfaces/include/robethichor_interfaces/robethichor_interfaces
[8.918s] -- Installing: /home/gianluca/ros2_ws/src/install/robethichor_interfaces/include/robethichor_interfaces/robethichor_interfaces/msg
[8.918s] -- Installing: /home/gianluca/ros2_ws/src/install/robethichor_interfaces/include/robethichor_interfaces/robethichor_interfaces/msg/rosidl_generator_c__visibility_control.h
[8.919s] -- Installing: /home/gianluca/ros2_ws/src/install/robethichor_interfaces/include/robethichor_interfaces/robethichor_interfaces/srv
[8.919s] -- Installing: /home/gianluca/ros2_ws/src/install/robethichor_interfaces/include/robethichor_interfaces/robethichor_interfaces/srv/detail
[8.919s] -- Installing: /home/gianluca/ros2_ws/src/install/robethichor_interfaces/include/robethichor_interfaces/robethichor_interfaces/srv/detail/negotiation_service__type_support.h
[8.919s] -- Installing: /home/gianluca/ros2_ws/src/install/robethichor_interfaces/include/robethichor_interfaces/robethichor_interfaces/srv/detail/negotiation_service__functions.c
[8.919s] -- Installing: /home/gianluca/ros2_ws/src/install/robethichor_interfaces/include/robethichor_interfaces/robethichor_interfaces/srv/detail/user_status_service__struct.h
[8.920s] -- Installing: /home/gianluca/ros2_ws/src/install/robethichor_interfaces/include/robethichor_interfaces/robethichor_interfaces/srv/detail/user_status_service__functions.h
[8.920s] -- Installing: /home/gianluca/ros2_ws/src/install/robethichor_interfaces/include/robethichor_interfaces/robethichor_interfaces/srv/detail/user_status_service__type_support.h
[8.920s] -- Installing: /home/gianluca/ros2_ws/src/install/robethichor_interfaces/include/robethichor_interfaces/robethichor_interfaces/srv/detail/negotiation_service__functions.h
[8.920s] -- Installing: /home/gianluca/ros2_ws/src/install/robethichor_interfaces/include/robethichor_interfaces/robethichor_interfaces/srv/detail/negotiation_service__struct.h
[8.921s] -- Installing: /home/gianluca/ros2_ws/src/install/robethichor_interfaces/include/robethichor_interfaces/robethichor_interfaces/srv/detail/user_status_service__functions.c
[8.921s] -- Installing: /home/gianluca/ros2_ws/src/install/robethichor_interfaces/include/robethichor_interfaces/robethichor_interfaces/srv/user_status_service.h
[8.921s] -- Installing: /home/gianluca/ros2_ws/src/install/robethichor_interfaces/include/robethichor_interfaces/robethichor_interfaces/srv/negotiation_service.h
[8.921s] -- Installing: /home/gianluca/ros2_ws/src/install/robethichor_interfaces/share/robethichor_interfaces/environment/library_path.sh
[8.922s] -- Installing: /home/gianluca/ros2_ws/src/install/robethichor_interfaces/share/robethichor_interfaces/environment/library_path.dsv
[8.923s] -- Installing: /home/gianluca/ros2_ws/src/install/robethichor_interfaces/lib/librobethichor_interfaces__rosidl_generator_c.so
[8.923s] -- Set runtime path of "/home/gianluca/ros2_ws/src/install/robethichor_interfaces/lib/librobethichor_interfaces__rosidl_generator_c.so" to ""
[8.924s] -- Up-to-date: /home/gianluca/ros2_ws/src/install/robethichor_interfaces/include/robethichor_interfaces/robethichor_interfaces
[8.924s] -- Up-to-date: /home/gianluca/ros2_ws/src/install/robethichor_interfaces/include/robethichor_interfaces/robethichor_interfaces/msg
[8.925s] -- Installing: /home/gianluca/ros2_ws/src/install/robethichor_interfaces/include/robethichor_interfaces/robethichor_interfaces/msg/rosidl_typesupport_fastrtps_c__visibility_control.h
[8.925s] -- Up-to-date: /home/gianluca/ros2_ws/src/install/robethichor_interfaces/include/robethichor_interfaces/robethichor_interfaces/srv
[8.925s] -- Up-to-date: /home/gianluca/ros2_ws/src/install/robethichor_interfaces/include/robethichor_interfaces/robethichor_interfaces/srv/detail
[8.925s] -- Installing: /home/gianluca/ros2_ws/src/install/robethichor_interfaces/include/robethichor_interfaces/robethichor_interfaces/srv/detail/user_status_service__rosidl_typesupport_fastrtps_c.h
[8.926s] -- Installing: /home/gianluca/ros2_ws/src/install/robethichor_interfaces/include/robethichor_interfaces/robethichor_interfaces/srv/detail/negotiation_service__rosidl_typesupport_fastrtps_c.h
[8.926s] -- Installing: /home/gianluca/ros2_ws/src/install/robethichor_interfaces/lib/librobethichor_interfaces__rosidl_typesupport_fastrtps_c.so
[8.926s] -- Set runtime path of "/home/gianluca/ros2_ws/src/install/robethichor_interfaces/lib/librobethichor_interfaces__rosidl_typesupport_fastrtps_c.so" to ""
[8.927s] -- Up-to-date: /home/gianluca/ros2_ws/src/install/robethichor_interfaces/include/robethichor_interfaces/robethichor_interfaces
[8.927s] -- Up-to-date: /home/gianluca/ros2_ws/src/install/robethichor_interfaces/include/robethichor_interfaces/robethichor_interfaces/msg
[8.927s] -- Installing: /home/gianluca/ros2_ws/src/install/robethichor_interfaces/include/robethichor_interfaces/robethichor_interfaces/msg/rosidl_typesupport_introspection_c__visibility_control.h
[8.927s] -- Up-to-date: /home/gianluca/ros2_ws/src/install/robethichor_interfaces/include/robethichor_interfaces/robethichor_interfaces/srv
[8.927s] -- Up-to-date: /home/gianluca/ros2_ws/src/install/robethichor_interfaces/include/robethichor_interfaces/robethichor_interfaces/srv/detail
[8.928s] -- Installing: /home/gianluca/ros2_ws/src/install/robethichor_interfaces/include/robethichor_interfaces/robethichor_interfaces/srv/detail/negotiation_service__type_support.c
[8.928s] -- Installing: /home/gianluca/ros2_ws/src/install/robethichor_interfaces/include/robethichor_interfaces/robethichor_interfaces/srv/detail/negotiation_service__rosidl_typesupport_introspection_c.h
[8.928s] -- Installing: /home/gianluca/ros2_ws/src/install/robethichor_interfaces/include/robethichor_interfaces/robethichor_interfaces/srv/detail/user_status_service__rosidl_typesupport_introspection_c.h
[8.928s] -- Installing: /home/gianluca/ros2_ws/src/install/robethichor_interfaces/include/robethichor_interfaces/robethichor_interfaces/srv/detail/user_status_service__type_support.c
[8.929s] -- Installing: /home/gianluca/ros2_ws/src/install/robethichor_interfaces/lib/librobethichor_interfaces__rosidl_typesupport_introspection_c.so
[8.929s] -- Set runtime path of "/home/gianluca/ros2_ws/src/install/robethichor_interfaces/lib/librobethichor_interfaces__rosidl_typesupport_introspection_c.so" to ""
[8.929s] -- Installing: /home/gianluca/ros2_ws/src/install/robethichor_interfaces/lib/librobethichor_interfaces__rosidl_typesupport_c.so
[8.929s] -- Set runtime path of "/home/gianluca/ros2_ws/src/install/robethichor_interfaces/lib/librobethichor_interfaces__rosidl_typesupport_c.so" to ""
[8.930s] -- Up-to-date: /home/gianluca/ros2_ws/src/install/robethichor_interfaces/include/robethichor_interfaces/robethichor_interfaces
[8.930s] -- Up-to-date: /home/gianluca/ros2_ws/src/install/robethichor_interfaces/include/robethichor_interfaces/robethichor_interfaces/srv
[8.930s] -- Up-to-date: /home/gianluca/ros2_ws/src/install/robethichor_interfaces/include/robethichor_interfaces/robethichor_interfaces/srv/detail
[8.930s] -- Installing: /home/gianluca/ros2_ws/src/install/robethichor_interfaces/include/robethichor_interfaces/robethichor_interfaces/srv/detail/negotiation_service__struct.hpp
[8.930s] -- Installing: /home/gianluca/ros2_ws/src/install/robethichor_interfaces/include/robethichor_interfaces/robethichor_interfaces/srv/detail/negotiation_service__traits.hpp
[8.930s] -- Installing: /home/gianluca/ros2_ws/src/install/robethichor_interfaces/include/robethichor_interfaces/robethichor_interfaces/srv/detail/negotiation_service__builder.hpp
[8.931s] -- Installing: /home/gianluca/ros2_ws/src/install/robethichor_interfaces/include/robethichor_interfaces/robethichor_interfaces/srv/detail/user_status_service__struct.hpp
[8.931s] -- Installing: /home/gianluca/ros2_ws/src/install/robethichor_interfaces/include/robethichor_interfaces/robethichor_interfaces/srv/detail/user_status_service__builder.hpp
[8.931s] -- Installing: /home/gianluca/ros2_ws/src/install/robethichor_interfaces/include/robethichor_interfaces/robethichor_interfaces/srv/detail/user_status_service__traits.hpp
[8.931s] -- Installing: /home/gianluca/ros2_ws/src/install/robethichor_interfaces/include/robethichor_interfaces/robethichor_interfaces/srv/user_status_service.hpp
[8.932s] -- Installing: /home/gianluca/ros2_ws/src/install/robethichor_interfaces/include/robethichor_interfaces/robethichor_interfaces/srv/negotiation_service.hpp
[8.932s] -- Up-to-date: /home/gianluca/ros2_ws/src/install/robethichor_interfaces/include/robethichor_interfaces/robethichor_interfaces
[8.932s] -- Up-to-date: /home/gianluca/ros2_ws/src/install/robethichor_interfaces/include/robethichor_interfaces/robethichor_interfaces/msg
[8.933s] -- Installing: /home/gianluca/ros2_ws/src/install/robethichor_interfaces/include/robethichor_interfaces/robethichor_interfaces/msg/rosidl_typesupport_fastrtps_cpp__visibility_control.h
[8.933s] -- Up-to-date: /home/gianluca/ros2_ws/src/install/robethichor_interfaces/include/robethichor_interfaces/robethichor_interfaces/srv
[8.933s] -- Up-to-date: /home/gianluca/ros2_ws/src/install/robethichor_interfaces/include/robethichor_interfaces/robethichor_interfaces/srv/detail
[8.933s] -- Installing: /home/gianluca/ros2_ws/src/install/robethichor_interfaces/include/robethichor_interfaces/robethichor_interfaces/srv/detail/dds_fastrtps
[8.933s] -- Installing: /home/gianluca/ros2_ws/src/install/robethichor_interfaces/include/robethichor_interfaces/robethichor_interfaces/srv/detail/user_status_service__rosidl_typesupport_fastrtps_cpp.hpp
[8.933s] -- Installing: /home/gianluca/ros2_ws/src/install/robethichor_interfaces/include/robethichor_interfaces/robethichor_interfaces/srv/detail/negotiation_service__rosidl_typesupport_fastrtps_cpp.hpp
[8.934s] -- Installing: /home/gianluca/ros2_ws/src/install/robethichor_interfaces/lib/librobethichor_interfaces__rosidl_typesupport_fastrtps_cpp.so
[8.934s] -- Set runtime path of "/home/gianluca/ros2_ws/src/install/robethichor_interfaces/lib/librobethichor_interfaces__rosidl_typesupport_fastrtps_cpp.so" to ""
[8.934s] -- Up-to-date: /home/gianluca/ros2_ws/src/install/robethichor_interfaces/include/robethichor_interfaces/robethichor_interfaces
[8.934s] -- Up-to-date: /home/gianluca/ros2_ws/src/install/robethichor_interfaces/include/robethichor_interfaces/robethichor_interfaces/srv
[8.935s] -- Up-to-date: /home/gianluca/ros2_ws/src/install/robethichor_interfaces/include/robethichor_interfaces/robethichor_interfaces/srv/detail
[8.935s] -- Installing: /home/gianluca/ros2_ws/src/install/robethichor_interfaces/include/robethichor_interfaces/robethichor_interfaces/srv/detail/negotiation_service__rosidl_typesupport_introspection_cpp.hpp
[8.935s] -- Installing: /home/gianluca/ros2_ws/src/install/robethichor_interfaces/include/robethichor_interfaces/robethichor_interfaces/srv/detail/user_status_service__type_support.cpp
[8.935s] -- Installing: /home/gianluca/ros2_ws/src/install/robethichor_interfaces/include/robethichor_interfaces/robethichor_interfaces/srv/detail/negotiation_service__type_support.cpp
[8.935s] -- Installing: /home/gianluca/ros2_ws/src/install/robethichor_interfaces/include/robethichor_interfaces/robethichor_interfaces/srv/detail/user_status_service__rosidl_typesupport_introspection_cpp.hpp
[8.935s] -- Installing: /home/gianluca/ros2_ws/src/install/robethichor_interfaces/lib/librobethichor_interfaces__rosidl_typesupport_introspection_cpp.so
[8.937s] -- Set runtime path of "/home/gianluca/ros2_ws/src/install/robethichor_interfaces/lib/librobethichor_interfaces__rosidl_typesupport_introspection_cpp.so" to ""
[8.937s] -- Installing: /home/gianluca/ros2_ws/src/install/robethichor_interfaces/lib/librobethichor_interfaces__rosidl_typesupport_cpp.so
[8.937s] -- Set runtime path of "/home/gianluca/ros2_ws/src/install/robethichor_interfaces/lib/librobethichor_interfaces__rosidl_typesupport_cpp.so" to ""
[8.937s] -- Installing: /home/gianluca/ros2_ws/src/install/robethichor_interfaces/share/robethichor_interfaces/environment/pythonpath.sh
[8.938s] -- Installing: /home/gianluca/ros2_ws/src/install/robethichor_interfaces/share/robethichor_interfaces/environment/pythonpath.dsv
[8.938s] -- Installing: /home/gianluca/ros2_ws/src/install/robethichor_interfaces/local/lib/python3.10/dist-packages/robethichor_interfaces-0.0.1-py3.10.egg-info
[8.938s] -- Installing: /home/gianluca/ros2_ws/src/install/robethichor_interfaces/local/lib/python3.10/dist-packages/robethichor_interfaces-0.0.1-py3.10.egg-info/SOURCES.txt
[8.938s] -- Installing: /home/gianluca/ros2_ws/src/install/robethichor_interfaces/local/lib/python3.10/dist-packages/robethichor_interfaces-0.0.1-py3.10.egg-info/PKG-INFO
[8.938s] -- Installing: /home/gianluca/ros2_ws/src/install/robethichor_interfaces/local/lib/python3.10/dist-packages/robethichor_interfaces-0.0.1-py3.10.egg-info/top_level.txt
[8.938s] -- Installing: /home/gianluca/ros2_ws/src/install/robethichor_interfaces/local/lib/python3.10/dist-packages/robethichor_interfaces-0.0.1-py3.10.egg-info/dependency_links.txt
[8.938s] -- Installing: /home/gianluca/ros2_ws/src/install/robethichor_interfaces/local/lib/python3.10/dist-packages/robethichor_interfaces
[8.938s] -- Installing: /home/gianluca/ros2_ws/src/install/robethichor_interfaces/local/lib/python3.10/dist-packages/robethichor_interfaces/librobethichor_interfaces__rosidl_generator_py.so
[8.938s] -- Installing: /home/gianluca/ros2_ws/src/install/robethichor_interfaces/local/lib/python3.10/dist-packages/robethichor_interfaces/robethichor_interfaces_s__rosidl_typesupport_fastrtps_c.cpython-310-x86_64-linux-gnu.so
[8.938s] -- Installing: /home/gianluca/ros2_ws/src/install/robethichor_interfaces/local/lib/python3.10/dist-packages/robethichor_interfaces/robethichor_interfaces_s__rosidl_typesupport_introspection_c.cpython-310-x86_64-linux-gnu.so
[8.938s] -- Installing: /home/gianluca/ros2_ws/src/install/robethichor_interfaces/local/lib/python3.10/dist-packages/robethichor_interfaces/_robethichor_interfaces_s.ep.rosidl_typesupport_c.c
[8.938s] -- Installing: /home/gianluca/ros2_ws/src/install/robethichor_interfaces/local/lib/python3.10/dist-packages/robethichor_interfaces/_robethichor_interfaces_s.ep.rosidl_typesupport_fastrtps_c.c
[8.938s] -- Installing: /home/gianluca/ros2_ws/src/install/robethichor_interfaces/local/lib/python3.10/dist-packages/robethichor_interfaces/_robethichor_interfaces_s.ep.rosidl_typesupport_introspection_c.c
[8.938s] -- Installing: /home/gianluca/ros2_ws/src/install/robethichor_interfaces/local/lib/python3.10/dist-packages/robethichor_interfaces/__init__.py
[8.938s] -- Installing: /home/gianluca/ros2_ws/src/install/robethichor_interfaces/local/lib/python3.10/dist-packages/robethichor_interfaces/srv
[8.939s] -- Installing: /home/gianluca/ros2_ws/src/install/robethichor_interfaces/local/lib/python3.10/dist-packages/robethichor_interfaces/srv/_negotiation_service.py
[8.939s] -- Installing: /home/gianluca/ros2_ws/src/install/robethichor_interfaces/local/lib/python3.10/dist-packages/robethichor_interfaces/srv/_user_status_service.py
[8.939s] -- Installing: /home/gianluca/ros2_ws/src/install/robethichor_interfaces/local/lib/python3.10/dist-packages/robethichor_interfaces/srv/__init__.py
[8.939s] -- Installing: /home/gianluca/ros2_ws/src/install/robethichor_interfaces/local/lib/python3.10/dist-packages/robethichor_interfaces/srv/_negotiation_service_s.c
[8.939s] -- Installing: /home/gianluca/ros2_ws/src/install/robethichor_interfaces/local/lib/python3.10/dist-packages/robethichor_interfaces/srv/_user_status_service_s.c
[8.939s] -- Installing: /home/gianluca/ros2_ws/src/install/robethichor_interfaces/local/lib/python3.10/dist-packages/robethichor_interfaces/robethichor_interfaces_s__rosidl_typesupport_c.cpython-310-x86_64-linux-gnu.so
[8.980s] Listing '/home/gianluca/ros2_ws/src/install/robethichor_interfaces/local/lib/python3.10/dist-packages/robethichor_interfaces'...
[8.980s] Compiling '/home/gianluca/ros2_ws/src/install/robethichor_interfaces/local/lib/python3.10/dist-packages/robethichor_interfaces/__init__.py'...
[8.980s] Listing '/home/gianluca/ros2_ws/src/install/robethichor_interfaces/local/lib/python3.10/dist-packages/robethichor_interfaces/srv'...
[8.980s] Compiling '/home/gianluca/ros2_ws/src/install/robethichor_interfaces/local/lib/python3.10/dist-packages/robethichor_interfaces/srv/__init__.py'...
[8.980s] Compiling '/home/gianluca/ros2_ws/src/install/robethichor_interfaces/local/lib/python3.10/dist-packages/robethichor_interfaces/srv/_negotiation_service.py'...
[8.980s] Compiling '/home/gianluca/ros2_ws/src/install/robethichor_interfaces/local/lib/python3.10/dist-packages/robethichor_interfaces/srv/_user_status_service.py'...
[8.987s] -- Installing: /home/gianluca/ros2_ws/src/install/robethichor_interfaces/local/lib/python3.10/dist-packages/robethichor_interfaces/robethichor_interfaces_s__rosidl_typesupport_fastrtps_c.cpython-310-x86_64-linux-gnu.so
[8.987s] -- Set runtime path of "/home/gianluca/ros2_ws/src/install/robethichor_interfaces/local/lib/python3.10/dist-packages/robethichor_interfaces/robethichor_interfaces_s__rosidl_typesupport_fastrtps_c.cpython-310-x86_64-linux-gnu.so" to ""
[8.988s] -- Installing: /home/gianluca/ros2_ws/src/install/robethichor_interfaces/local/lib/python3.10/dist-packages/robethichor_interfaces/robethichor_interfaces_s__rosidl_typesupport_introspection_c.cpython-310-x86_64-linux-gnu.so
[8.988s] -- Set runtime path of "/home/gianluca/ros2_ws/src/install/robethichor_interfaces/local/lib/python3.10/dist-packages/robethichor_interfaces/robethichor_interfaces_s__rosidl_typesupport_introspection_c.cpython-310-x86_64-linux-gnu.so" to ""
[8.989s] -- Installing: /home/gianluca/ros2_ws/src/install/robethichor_interfaces/local/lib/python3.10/dist-packages/robethichor_interfaces/robethichor_interfaces_s__rosidl_typesupport_c.cpython-310-x86_64-linux-gnu.so
[8.989s] -- Set runtime path of "/home/gianluca/ros2_ws/src/install/robethichor_interfaces/local/lib/python3.10/dist-packages/robethichor_interfaces/robethichor_interfaces_s__rosidl_typesupport_c.cpython-310-x86_64-linux-gnu.so" to ""
[8.989s] -- Installing: /home/gianluca/ros2_ws/src/install/robethichor_interfaces/lib/librobethichor_interfaces__rosidl_generator_py.so
[8.990s] -- Set runtime path of "/home/gianluca/ros2_ws/src/install/robethichor_interfaces/lib/librobethichor_interfaces__rosidl_generator_py.so" to ""
[8.990s] -- Installing: /home/gianluca/ros2_ws/src/install/robethichor_interfaces/share/robethichor_interfaces/srv/UserStatusService.idl
[8.990s] -- Installing: /home/gianluca/ros2_ws/src/install/robethichor_interfaces/share/robethichor_interfaces/srv/NegotiationService.idl
[8.990s] -- Installing: /home/gianluca/ros2_ws/src/install/robethichor_interfaces/share/robethichor_interfaces/srv/UserStatusService.srv
[8.990s] -- Installing: /home/gianluca/ros2_ws/src/install/robethichor_interfaces/share/robethichor_interfaces/srv/UserStatusService_Request.msg
[8.990s] -- Installing: /home/gianluca/ros2_ws/src/install/robethichor_interfaces/share/robethichor_interfaces/srv/UserStatusService_Response.msg
[8.990s] -- Installing: /home/gianluca/ros2_ws/src/install/robethichor_interfaces/share/robethichor_interfaces/srv/NegotiationService.srv
[8.990s] -- Installing: /home/gianluca/ros2_ws/src/install/robethichor_interfaces/share/robethichor_interfaces/srv/NegotiationService_Request.msg
[8.991s] -- Installing: /home/gianluca/ros2_ws/src/install/robethichor_interfaces/share/robethichor_interfaces/srv/NegotiationService_Response.msg
[8.991s] -- Installing: /home/gianluca/ros2_ws/src/install/robethichor_interfaces/share/ament_index/resource_index/package_run_dependencies/robethichor_interfaces
[8.991s] -- Installing: /home/gianluca/ros2_ws/src/install/robethichor_interfaces/share/ament_index/resource_index/parent_prefix_path/robethichor_interfaces
[8.991s] -- Installing: /home/gianluca/ros2_ws/src/install/robethichor_interfaces/share/robethichor_interfaces/environment/ament_prefix_path.sh
[8.991s] -- Installing: /home/gianluca/ros2_ws/src/install/robethichor_interfaces/share/robethichor_interfaces/environment/ament_prefix_path.dsv
[8.992s] -- Installing: /home/gianluca/ros2_ws/src/install/robethichor_interfaces/share/robethichor_interfaces/environment/path.sh
[8.992s] -- Installing: /home/gianluca/ros2_ws/src/install/robethichor_interfaces/share/robethichor_interfaces/environment/path.dsv
[8.992s] -- Installing: /home/gianluca/ros2_ws/src/install/robethichor_interfaces/share/robethichor_interfaces/local_setup.bash
[8.992s] -- Installing: /home/gianluca/ros2_ws/src/install/robethichor_interfaces/share/robethichor_interfaces/local_setup.sh
[8.992s] -- Installing: /home/gianluca/ros2_ws/src/install/robethichor_interfaces/share/robethichor_interfaces/local_setup.zsh
[8.992s] -- Installing: /home/gianluca/ros2_ws/src/install/robethichor_interfaces/share/robethichor_interfaces/local_setup.dsv
[8.994s] -- Installing: /home/gianluca/ros2_ws/src/install/robethichor_interfaces/share/robethichor_interfaces/package.dsv
[8.994s] -- Installing: /home/gianluca/ros2_ws/src/install/robethichor_interfaces/share/ament_index/resource_index/packages/robethichor_interfaces
[8.994s] -- Installing: /home/gianluca/ros2_ws/src/install/robethichor_interfaces/share/robethichor_interfaces/cmake/export_robethichor_interfaces__rosidl_generator_cExport.cmake
[8.994s] -- Installing: /home/gianluca/ros2_ws/src/install/robethichor_interfaces/share/robethichor_interfaces/cmake/export_robethichor_interfaces__rosidl_generator_cExport-noconfig.cmake
[8.994s] -- Installing: /home/gianluca/ros2_ws/src/install/robethichor_interfaces/share/robethichor_interfaces/cmake/export_robethichor_interfaces__rosidl_typesupport_fastrtps_cExport.cmake
[8.994s] -- Installing: /home/gianluca/ros2_ws/src/install/robethichor_interfaces/share/robethichor_interfaces/cmake/export_robethichor_interfaces__rosidl_typesupport_fastrtps_cExport-noconfig.cmake
[8.994s] -- Installing: /home/gianluca/ros2_ws/src/install/robethichor_interfaces/share/robethichor_interfaces/cmake/robethichor_interfaces__rosidl_typesupport_introspection_cExport.cmake
[8.994s] -- Installing: /home/gianluca/ros2_ws/src/install/robethichor_interfaces/share/robethichor_interfaces/cmake/robethichor_interfaces__rosidl_typesupport_introspection_cExport-noconfig.cmake
[8.994s] -- Installing: /home/gianluca/ros2_ws/src/install/robethichor_interfaces/share/robethichor_interfaces/cmake/robethichor_interfaces__rosidl_typesupport_cExport.cmake
[8.994s] -- Installing: /home/gianluca/ros2_ws/src/install/robethichor_interfaces/share/robethichor_interfaces/cmake/robethichor_interfaces__rosidl_typesupport_cExport-noconfig.cmake
[8.994s] -- Installing: /home/gianluca/ros2_ws/src/install/robethichor_interfaces/share/robethichor_interfaces/cmake/export_robethichor_interfaces__rosidl_generator_cppExport.cmake
[8.994s] -- Installing: /home/gianluca/ros2_ws/src/install/robethichor_interfaces/share/robethichor_interfaces/cmake/export_robethichor_interfaces__rosidl_typesupport_fastrtps_cppExport.cmake
[8.994s] -- Installing: /home/gianluca/ros2_ws/src/install/robethichor_interfaces/share/robethichor_interfaces/cmake/export_robethichor_interfaces__rosidl_typesupport_fastrtps_cppExport-noconfig.cmake
[8.995s] -- Installing: /home/gianluca/ros2_ws/src/install/robethichor_interfaces/share/robethichor_interfaces/cmake/robethichor_interfaces__rosidl_typesupport_introspection_cppExport.cmake
[8.995s] -- Installing: /home/gianluca/ros2_ws/src/install/robethichor_interfaces/share/robethichor_interfaces/cmake/robethichor_interfaces__rosidl_typesupport_introspection_cppExport-noconfig.cmake
[8.995s] -- Installing: /home/gianluca/ros2_ws/src/install/robethichor_interfaces/share/robethichor_interfaces/cmake/robethichor_interfaces__rosidl_typesupport_cppExport.cmake
[8.995s] -- Installing: /home/gianluca/ros2_ws/src/install/robethichor_interfaces/share/robethichor_interfaces/cmake/robethichor_interfaces__rosidl_typesupport_cppExport-noconfig.cmake
[8.996s] -- Installing: /home/gianluca/ros2_ws/src/install/robethichor_interfaces/share/robethichor_interfaces/cmake/export_robethichor_interfaces__rosidl_generator_pyExport.cmake
[8.996s] -- Installing: /home/gianluca/ros2_ws/src/install/robethichor_interfaces/share/robethichor_interfaces/cmake/export_robethichor_interfaces__rosidl_generator_pyExport-noconfig.cmake
[8.996s] -- Installing: /home/gianluca/ros2_ws/src/install/robethichor_interfaces/share/robethichor_interfaces/cmake/rosidl_cmake-extras.cmake
[8.996s] -- Installing: /home/gianluca/ros2_ws/src/install/robethichor_interfaces/share/robethichor_interfaces/cmake/ament_cmake_export_include_directories-extras.cmake
[8.997s] -- Installing: /home/gianluca/ros2_ws/src/install/robethichor_interfaces/share/robethichor_interfaces/cmake/ament_cmake_export_libraries-extras.cmake
[8.997s] -- Installing: /home/gianluca/ros2_ws/src/install/robethichor_interfaces/share/robethichor_interfaces/cmake/ament_cmake_export_targets-extras.cmake
[8.997s] -- Installing: /home/gianluca/ros2_ws/src/install/robethichor_interfaces/share/robethichor_interfaces/cmake/rosidl_cmake_export_typesupport_targets-extras.cmake
[8.997s] -- Installing: /home/gianluca/ros2_ws/src/install/robethichor_interfaces/share/robethichor_interfaces/cmake/ament_cmake_export_dependencies-extras.cmake
[8.997s] -- Installing: /home/gianluca/ros2_ws/src/install/robethichor_interfaces/share/robethichor_interfaces/cmake/rosidl_cmake_export_typesupport_libraries-extras.cmake
[8.997s] -- Installing: /home/gianluca/ros2_ws/src/install/robethichor_interfaces/share/robethichor_interfaces/cmake/robethichor_interfacesConfig.cmake
[8.998s] -- Installing: /home/gianluca/ros2_ws/src/install/robethichor_interfaces/share/robethichor_interfaces/cmake/robethichor_interfacesConfig-version.cmake
[8.998s] -- Installing: /home/gianluca/ros2_ws/src/install/robethichor_interfaces/share/robethichor_interfaces/package.xml
[9.003s] Invoked command in '/home/gianluca/ros2_ws/src/build/robethichor_interfaces' returned '0': CMAKE_PREFIX_PATH=${CMAKE_PREFIX_PATH}:/home/gianluca/ros2_ws/install/robethichor:/opt/ros/humble /usr/bin/cmake --install /home/gianluca/ros2_ws/src/build/robethichor_interfaces
