[0.106s] DEBUG:colcon:Command line arguments: ['/usr/bin/colcon', 'build']
[0.106s] DEBUG:colcon:Parsed command line arguments: Namespace(log_base=None, log_level=None, verb_name='build', build_base='build', install_base='install', merge_install=False, symlink_install=False, test_result_base=None, continue_on_error=False, executor='parallel', parallel_workers=2, event_handlers=None, ignore_user_meta=False, metas=['./colcon.meta'], base_paths=['.'], packages_ignore=None, packages_ignore_regex=None, paths=None, packages_up_to=None, packages_up_to_regex=None, packages_above=None, packages_above_and_dependencies=None, packages_above_depth=None, packages_select_by_dep=None, packages_skip_by_dep=None, packages_skip_up_to=None, packages_select_build_failed=False, packages_skip_build_finished=False, packages_select_test_failures=False, packages_skip_test_passed=False, packages_select=None, packages_skip=None, packages_select_regex=None, packages_skip_regex=None, packages_start=None, packages_end=None, allow_overriding=[], cmake_args=None, cmake_target=None, cmake_target_skip_unavailable=False, cmake_clean_cache=False, cmake_clean_first=False, cmake_force_configure=False, ament_cmake_args=None, catkin_cmake_args=None, catkin_skip_building_tests=False, mixin_files=None, mixin=None, verb_parser=<colcon_mixin.mixin.mixin_argument.MixinArgumentDecorator object at 0x744b9e822440>, verb_extension=<colcon_core.verb.build.BuildVerb object at 0x744b9e8215a0>, main=<bound method BuildVerb.main of <colcon_core.verb.build.BuildVerb object at 0x744b9e8215a0>>, mixin_verb=('build',))
[0.263s] Level 1:colcon.colcon_core.package_discovery:discover_packages(colcon_meta) check parameters
[0.263s] Level 1:colcon.colcon_core.package_discovery:discover_packages(recursive) check parameters
[0.263s] Level 1:colcon.colcon_core.package_discovery:discover_packages(ignore) check parameters
[0.263s] Level 1:colcon.colcon_core.package_discovery:discover_packages(path) check parameters
[0.264s] Level 1:colcon.colcon_core.package_discovery:discover_packages(colcon_meta) discover
[0.264s] Level 1:colcon.colcon_core.package_discovery:discover_packages(recursive) discover
[0.264s] INFO:colcon.colcon_core.package_discovery:Crawling recursively for packages in '/home/gianluca/ros2_ws/src'
[0.264s] Level 1:colcon.colcon_core.package_identification:_identify(.) by extensions ['ignore', 'ignore_ament_install']
[0.264s] Level 1:colcon.colcon_core.package_identification:_identify(.) by extension 'ignore'
[0.264s] Level 1:colcon.colcon_core.package_identification:_identify(.) by extension 'ignore_ament_install'
[0.264s] Level 1:colcon.colcon_core.package_identification:_identify(.) by extensions ['colcon_pkg']
[0.264s] Level 1:colcon.colcon_core.package_identification:_identify(.) by extension 'colcon_pkg'
[0.264s] Level 1:colcon.colcon_core.package_identification:_identify(.) by extensions ['colcon_meta']
[0.264s] Level 1:colcon.colcon_core.package_identification:_identify(.) by extension 'colcon_meta'
[0.264s] Level 1:colcon.colcon_core.package_identification:_identify(.) by extensions ['ros']
[0.264s] Level 1:colcon.colcon_core.package_identification:_identify(.) by extension 'ros'
[0.274s] Level 1:colcon.colcon_core.package_identification:_identify(.) by extensions ['cmake', 'python']
[0.274s] Level 1:colcon.colcon_core.package_identification:_identify(.) by extension 'cmake'
[0.274s] Level 1:colcon.colcon_core.package_identification:_identify(.) by extension 'python'
[0.275s] Level 1:colcon.colcon_core.package_identification:_identify(.) by extensions ['python_setup_py']
[0.275s] Level 1:colcon.colcon_core.package_identification:_identify(.) by extension 'python_setup_py'
[0.275s] Level 1:colcon.colcon_core.package_identification:_identify(build) by extensions ['ignore', 'ignore_ament_install']
[0.275s] Level 1:colcon.colcon_core.package_identification:_identify(build) by extension 'ignore'
[0.275s] Level 1:colcon.colcon_core.package_identification:_identify(build) ignored
[0.275s] Level 1:colcon.colcon_core.package_identification:_identify(install) by extensions ['ignore', 'ignore_ament_install']
[0.275s] Level 1:colcon.colcon_core.package_identification:_identify(install) by extension 'ignore'
[0.275s] Level 1:colcon.colcon_core.package_identification:_identify(install) ignored
[0.275s] Level 1:colcon.colcon_core.package_identification:_identify(log) by extensions ['ignore', 'ignore_ament_install']
[0.276s] Level 1:colcon.colcon_core.package_identification:_identify(log) by extension 'ignore'
[0.276s] Level 1:colcon.colcon_core.package_identification:_identify(log) ignored
[0.276s] Level 1:colcon.colcon_core.package_identification:_identify(robethichor) by extensions ['ignore', 'ignore_ament_install']
[0.276s] Level 1:colcon.colcon_core.package_identification:_identify(robethichor) by extension 'ignore'
[0.276s] Level 1:colcon.colcon_core.package_identification:_identify(robethichor) by extension 'ignore_ament_install'
[0.276s] Level 1:colcon.colcon_core.package_identification:_identify(robethichor) by extensions ['colcon_pkg']
[0.276s] Level 1:colcon.colcon_core.package_identification:_identify(robethichor) by extension 'colcon_pkg'
[0.276s] Level 1:colcon.colcon_core.package_identification:_identify(robethichor) by extensions ['colcon_meta']
[0.276s] Level 1:colcon.colcon_core.package_identification:_identify(robethichor) by extension 'colcon_meta'
[0.276s] Level 1:colcon.colcon_core.package_identification:_identify(robethichor) by extensions ['ros']
[0.276s] Level 1:colcon.colcon_core.package_identification:_identify(robethichor) by extension 'ros'
[0.279s] DEBUG:colcon.colcon_core.package_identification:Package 'robethichor' with type 'ros.ament_python' and name 'robethichor'
[0.279s] Level 1:colcon.colcon_core.package_identification:_identify(robethichor_interfaces) by extensions ['ignore', 'ignore_ament_install']
[0.279s] Level 1:colcon.colcon_core.package_identification:_identify(robethichor_interfaces) by extension 'ignore'
[0.279s] Level 1:colcon.colcon_core.package_identification:_identify(robethichor_interfaces) by extension 'ignore_ament_install'
[0.279s] Level 1:colcon.colcon_core.package_identification:_identify(robethichor_interfaces) by extensions ['colcon_pkg']
[0.279s] Level 1:colcon.colcon_core.package_identification:_identify(robethichor_interfaces) by extension 'colcon_pkg'
[0.279s] Level 1:colcon.colcon_core.package_identification:_identify(robethichor_interfaces) by extensions ['colcon_meta']
[0.279s] Level 1:colcon.colcon_core.package_identification:_identify(robethichor_interfaces) by extension 'colcon_meta'
[0.279s] Level 1:colcon.colcon_core.package_identification:_identify(robethichor_interfaces) by extensions ['ros']
[0.279s] Level 1:colcon.colcon_core.package_identification:_identify(robethichor_interfaces) by extension 'ros'
[0.280s] DEBUG:colcon.colcon_core.package_identification:Package 'robethichor_interfaces' with type 'ros.ament_cmake' and name 'robethichor_interfaces'
[0.280s] Level 1:colcon.colcon_core.package_identification:_identify(run) by extensions ['ignore', 'ignore_ament_install']
[0.280s] Level 1:colcon.colcon_core.package_identification:_identify(run) by extension 'ignore'
[0.280s] Level 1:colcon.colcon_core.package_identification:_identify(run) by extension 'ignore_ament_install'
[0.280s] Level 1:colcon.colcon_core.package_identification:_identify(run) by extensions ['colcon_pkg']
[0.280s] Level 1:colcon.colcon_core.package_identification:_identify(run) by extension 'colcon_pkg'
[0.280s] Level 1:colcon.colcon_core.package_identification:_identify(run) by extensions ['colcon_meta']
[0.280s] Level 1:colcon.colcon_core.package_identification:_identify(run) by extension 'colcon_meta'
[0.281s] Level 1:colcon.colcon_core.package_identification:_identify(run) by extensions ['ros']
[0.281s] Level 1:colcon.colcon_core.package_identification:_identify(run) by extension 'ros'
[0.281s] Level 1:colcon.colcon_core.package_identification:_identify(run) by extensions ['cmake', 'python']
[0.281s] Level 1:colcon.colcon_core.package_identification:_identify(run) by extension 'cmake'
[0.281s] Level 1:colcon.colcon_core.package_identification:_identify(run) by extension 'python'
[0.281s] Level 1:colcon.colcon_core.package_identification:_identify(run) by extensions ['python_setup_py']
[0.281s] Level 1:colcon.colcon_core.package_identification:_identify(run) by extension 'python_setup_py'
[0.281s] Level 1:colcon.colcon_core.package_discovery:discover_packages(recursive) using defaults
[0.281s] Level 1:colcon.colcon_core.package_discovery:discover_packages(ignore) discover
[0.281s] Level 1:colcon.colcon_core.package_discovery:discover_packages(ignore) using defaults
[0.281s] Level 1:colcon.colcon_core.package_discovery:discover_packages(path) discover
[0.281s] Level 1:colcon.colcon_core.package_discovery:discover_packages(path) using defaults
[0.300s] Level 1:colcon.colcon_core.package_discovery:discover_packages(prefix_path) check parameters
[0.300s] Level 1:colcon.colcon_core.package_discovery:discover_packages(prefix_path) discover
[0.302s] DEBUG:colcon.colcon_installed_package_information.package_discovery:Found 2 installed packages in /home/gianluca/ros2_ws/src/install
[0.302s] DEBUG:colcon.colcon_installed_package_information.package_discovery:Found 2 installed packages in /home/gianluca/ros2_ws/install
[0.304s] DEBUG:colcon.colcon_installed_package_information.package_discovery:Found 380 installed packages in /opt/ros/humble
[0.315s] Level 1:colcon.colcon_core.package_discovery:discover_packages(prefix_path) using defaults
[0.357s] Level 5:colcon.colcon_core.verb:set package 'robethichor_interfaces' build argument 'cmake_args' from command line to 'None'
[0.357s] Level 5:colcon.colcon_core.verb:set package 'robethichor_interfaces' build argument 'cmake_target' from command line to 'None'
[0.357s] Level 5:colcon.colcon_core.verb:set package 'robethichor_interfaces' build argument 'cmake_target_skip_unavailable' from command line to 'False'
[0.357s] Level 5:colcon.colcon_core.verb:set package 'robethichor_interfaces' build argument 'cmake_clean_cache' from command line to 'False'
[0.357s] Level 5:colcon.colcon_core.verb:set package 'robethichor_interfaces' build argument 'cmake_clean_first' from command line to 'False'
[0.357s] Level 5:colcon.colcon_core.verb:set package 'robethichor_interfaces' build argument 'cmake_force_configure' from command line to 'False'
[0.357s] Level 5:colcon.colcon_core.verb:set package 'robethichor_interfaces' build argument 'ament_cmake_args' from command line to 'None'
[0.357s] Level 5:colcon.colcon_core.verb:set package 'robethichor_interfaces' build argument 'catkin_cmake_args' from command line to 'None'
[0.357s] Level 5:colcon.colcon_core.verb:set package 'robethichor_interfaces' build argument 'catkin_skip_building_tests' from command line to 'False'
[0.357s] DEBUG:colcon.colcon_core.verb:Building package 'robethichor_interfaces' with the following arguments: {'ament_cmake_args': None, 'build_base': '/home/gianluca/ros2_ws/src/build/robethichor_interfaces', 'catkin_cmake_args': None, 'catkin_skip_building_tests': False, 'cmake_args': None, 'cmake_clean_cache': False, 'cmake_clean_first': False, 'cmake_force_configure': False, 'cmake_target': None, 'cmake_target_skip_unavailable': False, 'install_base': '/home/gianluca/ros2_ws/src/install/robethichor_interfaces', 'merge_install': False, 'path': '/home/gianluca/ros2_ws/src/robethichor_interfaces', 'symlink_install': False, 'test_result_base': None}
[0.358s] Level 5:colcon.colcon_core.verb:set package 'robethichor' build argument 'cmake_args' from command line to 'None'
[0.358s] Level 5:colcon.colcon_core.verb:set package 'robethichor' build argument 'cmake_target' from command line to 'None'
[0.358s] Level 5:colcon.colcon_core.verb:set package 'robethichor' build argument 'cmake_target_skip_unavailable' from command line to 'False'
[0.358s] Level 5:colcon.colcon_core.verb:set package 'robethichor' build argument 'cmake_clean_cache' from command line to 'False'
[0.358s] Level 5:colcon.colcon_core.verb:set package 'robethichor' build argument 'cmake_clean_first' from command line to 'False'
[0.358s] Level 5:colcon.colcon_core.verb:set package 'robethichor' build argument 'cmake_force_configure' from command line to 'False'
[0.358s] Level 5:colcon.colcon_core.verb:set package 'robethichor' build argument 'ament_cmake_args' from command line to 'None'
[0.358s] Level 5:colcon.colcon_core.verb:set package 'robethichor' build argument 'catkin_cmake_args' from command line to 'None'
[0.358s] Level 5:colcon.colcon_core.verb:set package 'robethichor' build argument 'catkin_skip_building_tests' from command line to 'False'
[0.358s] DEBUG:colcon.colcon_core.verb:Building package 'robethichor' with the following arguments: {'ament_cmake_args': None, 'build_base': '/home/gianluca/ros2_ws/src/build/robethichor', 'catkin_cmake_args': None, 'catkin_skip_building_tests': False, 'cmake_args': None, 'cmake_clean_cache': False, 'cmake_clean_first': False, 'cmake_force_configure': False, 'cmake_target': None, 'cmake_target_skip_unavailable': False, 'install_base': '/home/gianluca/ros2_ws/src/install/robethichor', 'merge_install': False, 'path': '/home/gianluca/ros2_ws/src/robethichor', 'symlink_install': False, 'test_result_base': None}
[0.358s] INFO:colcon.colcon_core.executor:Executing jobs using 'parallel' executor
[0.359s] DEBUG:colcon.colcon_parallel_executor.executor.parallel:run_until_complete
[0.359s] INFO:colcon.colcon_ros.task.ament_cmake.build:Building ROS package in '/home/gianluca/ros2_ws/src/robethichor_interfaces' with build type 'ament_cmake'
[0.360s] INFO:colcon.colcon_cmake.task.cmake.build:Building CMake package in '/home/gianluca/ros2_ws/src/robethichor_interfaces'
[0.362s] INFO:colcon.colcon_core.plugin_system:Skipping extension 'colcon_core.shell.bat': Not used on non-Windows systems
[0.363s] INFO:colcon.colcon_core.shell:Skip shell extension 'powershell' for command environment: Not usable outside of PowerShell
[0.363s] DEBUG:colcon.colcon_core.shell:Skip shell extension 'dsv' for command environment
[0.382s] DEBUG:colcon.colcon_core.event_handler.log_command:Invoking command in '/home/gianluca/ros2_ws/src/build/robethichor_interfaces': CMAKE_PREFIX_PATH=${CMAKE_PREFIX_PATH}:/home/gianluca/ros2_ws/src/install/robethichor:/home/gianluca/ros2_ws/install/robethichor:/opt/ros/humble /usr/bin/cmake --build /home/gianluca/ros2_ws/src/build/robethichor_interfaces -- -j2 -l2
[1.168s] DEBUG:colcon.colcon_core.event_handler.log_command:Invoked command in '/home/gianluca/ros2_ws/src/build/robethichor_interfaces' returned '0': CMAKE_PREFIX_PATH=${CMAKE_PREFIX_PATH}:/home/gianluca/ros2_ws/src/install/robethichor:/home/gianluca/ros2_ws/install/robethichor:/opt/ros/humble /usr/bin/cmake --build /home/gianluca/ros2_ws/src/build/robethichor_interfaces -- -j2 -l2
[1.355s] DEBUG:colcon.colcon_core.event_handler.log_command:Invoking command in '/home/gianluca/ros2_ws/src/build/robethichor_interfaces': CMAKE_PREFIX_PATH=${CMAKE_PREFIX_PATH}:/home/gianluca/ros2_ws/src/install/robethichor:/home/gianluca/ros2_ws/install/robethichor:/opt/ros/humble /usr/bin/cmake --install /home/gianluca/ros2_ws/src/build/robethichor_interfaces
[1.438s] Level 1:colcon.colcon_core.environment:create_environment_scripts_only(robethichor_interfaces)
[1.438s] DEBUG:colcon.colcon_core.event_handler.log_command:Invoked command in '/home/gianluca/ros2_ws/src/build/robethichor_interfaces' returned '0': CMAKE_PREFIX_PATH=${CMAKE_PREFIX_PATH}:/home/gianluca/ros2_ws/src/install/robethichor:/home/gianluca/ros2_ws/install/robethichor:/opt/ros/humble /usr/bin/cmake --install /home/gianluca/ros2_ws/src/build/robethichor_interfaces
[1.441s] Level 1:colcon.colcon_core.environment:checking '/home/gianluca/ros2_ws/src/install/robethichor_interfaces' for CMake module files
[1.442s] Level 1:colcon.colcon_core.environment:checking '/home/gianluca/ros2_ws/src/install/robethichor_interfaces' for CMake config files
[1.442s] Level 1:colcon.colcon_core.shell:create_environment_hook('robethichor_interfaces', 'cmake_prefix_path')
[1.442s] INFO:colcon.colcon_core.shell:Creating environment hook '/home/gianluca/ros2_ws/src/install/robethichor_interfaces/share/robethichor_interfaces/hook/cmake_prefix_path.ps1'
[1.443s] INFO:colcon.colcon_core.shell:Creating environment descriptor '/home/gianluca/ros2_ws/src/install/robethichor_interfaces/share/robethichor_interfaces/hook/cmake_prefix_path.dsv'
[1.443s] INFO:colcon.colcon_core.shell:Creating environment hook '/home/gianluca/ros2_ws/src/install/robethichor_interfaces/share/robethichor_interfaces/hook/cmake_prefix_path.sh'
[1.444s] Level 1:colcon.colcon_core.environment:checking '/home/gianluca/ros2_ws/src/install/robethichor_interfaces/lib'
[1.445s] Level 1:colcon.colcon_core.shell:create_environment_hook('robethichor_interfaces', 'ld_library_path_lib')
[1.445s] INFO:colcon.colcon_core.shell:Creating environment hook '/home/gianluca/ros2_ws/src/install/robethichor_interfaces/share/robethichor_interfaces/hook/ld_library_path_lib.ps1'
[1.445s] INFO:colcon.colcon_core.shell:Creating environment descriptor '/home/gianluca/ros2_ws/src/install/robethichor_interfaces/share/robethichor_interfaces/hook/ld_library_path_lib.dsv'
[1.446s] INFO:colcon.colcon_core.shell:Creating environment hook '/home/gianluca/ros2_ws/src/install/robethichor_interfaces/share/robethichor_interfaces/hook/ld_library_path_lib.sh'
[1.446s] Level 1:colcon.colcon_core.environment:checking '/home/gianluca/ros2_ws/src/install/robethichor_interfaces/bin'
[1.446s] Level 1:colcon.colcon_core.environment:checking '/home/gianluca/ros2_ws/src/install/robethichor_interfaces/lib/pkgconfig/robethichor_interfaces.pc'
[1.446s] Level 1:colcon.colcon_core.environment:checking '/home/gianluca/ros2_ws/src/install/robethichor_interfaces/lib/python3.10/site-packages'
[1.447s] Level 1:colcon.colcon_core.environment:checking '/home/gianluca/ros2_ws/src/install/robethichor_interfaces/bin'
[1.447s] INFO:colcon.colcon_core.shell:Creating package script '/home/gianluca/ros2_ws/src/install/robethichor_interfaces/share/robethichor_interfaces/package.ps1'
[1.448s] INFO:colcon.colcon_core.shell:Creating package descriptor '/home/gianluca/ros2_ws/src/install/robethichor_interfaces/share/robethichor_interfaces/package.dsv'
[1.448s] INFO:colcon.colcon_core.shell:Creating package script '/home/gianluca/ros2_ws/src/install/robethichor_interfaces/share/robethichor_interfaces/package.sh'
[1.449s] INFO:colcon.colcon_core.shell:Creating package script '/home/gianluca/ros2_ws/src/install/robethichor_interfaces/share/robethichor_interfaces/package.bash'
[1.450s] INFO:colcon.colcon_core.shell:Creating package script '/home/gianluca/ros2_ws/src/install/robethichor_interfaces/share/robethichor_interfaces/package.zsh'
[1.451s] Level 1:colcon.colcon_core.environment:create_file_with_runtime_dependencies(/home/gianluca/ros2_ws/src/install/robethichor_interfaces/share/colcon-core/packages/robethichor_interfaces)
[1.636s] Level 1:colcon.colcon_core.environment:create_environment_scripts_only(robethichor_interfaces)
[1.636s] Level 1:colcon.colcon_core.environment:checking '/home/gianluca/ros2_ws/src/install/robethichor_interfaces' for CMake module files
[1.637s] Level 1:colcon.colcon_core.environment:checking '/home/gianluca/ros2_ws/src/install/robethichor_interfaces' for CMake config files
[1.637s] Level 1:colcon.colcon_core.shell:create_environment_hook('robethichor_interfaces', 'cmake_prefix_path')
[1.638s] INFO:colcon.colcon_core.shell:Creating environment hook '/home/gianluca/ros2_ws/src/install/robethichor_interfaces/share/robethichor_interfaces/hook/cmake_prefix_path.ps1'
[1.638s] INFO:colcon.colcon_core.shell:Creating environment descriptor '/home/gianluca/ros2_ws/src/install/robethichor_interfaces/share/robethichor_interfaces/hook/cmake_prefix_path.dsv'
[1.639s] INFO:colcon.colcon_core.shell:Creating environment hook '/home/gianluca/ros2_ws/src/install/robethichor_interfaces/share/robethichor_interfaces/hook/cmake_prefix_path.sh'
[1.639s] Level 1:colcon.colcon_core.environment:checking '/home/gianluca/ros2_ws/src/install/robethichor_interfaces/lib'
[1.639s] Level 1:colcon.colcon_core.shell:create_environment_hook('robethichor_interfaces', 'ld_library_path_lib')
[1.640s] INFO:colcon.colcon_core.shell:Creating environment hook '/home/gianluca/ros2_ws/src/install/robethichor_interfaces/share/robethichor_interfaces/hook/ld_library_path_lib.ps1'
[1.640s] INFO:colcon.colcon_core.shell:Creating environment descriptor '/home/gianluca/ros2_ws/src/install/robethichor_interfaces/share/robethichor_interfaces/hook/ld_library_path_lib.dsv'
[1.641s] INFO:colcon.colcon_core.shell:Creating environment hook '/home/gianluca/ros2_ws/src/install/robethichor_interfaces/share/robethichor_interfaces/hook/ld_library_path_lib.sh'
[1.641s] Level 1:colcon.colcon_core.environment:checking '/home/gianluca/ros2_ws/src/install/robethichor_interfaces/bin'
[1.641s] Level 1:colcon.colcon_core.environment:checking '/home/gianluca/ros2_ws/src/install/robethichor_interfaces/lib/pkgconfig/robethichor_interfaces.pc'
[1.641s] Level 1:colcon.colcon_core.environment:checking '/home/gianluca/ros2_ws/src/install/robethichor_interfaces/lib/python3.10/site-packages'
[1.642s] Level 1:colcon.colcon_core.environment:checking '/home/gianluca/ros2_ws/src/install/robethichor_interfaces/bin'
[1.642s] INFO:colcon.colcon_core.shell:Creating package script '/home/gianluca/ros2_ws/src/install/robethichor_interfaces/share/robethichor_interfaces/package.ps1'
[1.643s] INFO:colcon.colcon_core.shell:Creating package descriptor '/home/gianluca/ros2_ws/src/install/robethichor_interfaces/share/robethichor_interfaces/package.dsv'
[1.643s] INFO:colcon.colcon_core.shell:Creating package script '/home/gianluca/ros2_ws/src/install/robethichor_interfaces/share/robethichor_interfaces/package.sh'
[1.644s] INFO:colcon.colcon_core.shell:Creating package script '/home/gianluca/ros2_ws/src/install/robethichor_interfaces/share/robethichor_interfaces/package.bash'
[1.644s] INFO:colcon.colcon_core.shell:Creating package script '/home/gianluca/ros2_ws/src/install/robethichor_interfaces/share/robethichor_interfaces/package.zsh'
[1.645s] Level 1:colcon.colcon_core.environment:create_file_with_runtime_dependencies(/home/gianluca/ros2_ws/src/install/robethichor_interfaces/share/colcon-core/packages/robethichor_interfaces)
[1.646s] INFO:colcon.colcon_ros.task.ament_python.build:Building ROS package in '/home/gianluca/ros2_ws/src/robethichor' with build type 'ament_python'
[1.646s] Level 1:colcon.colcon_core.shell:create_environment_hook('robethichor', 'ament_prefix_path')
[1.647s] INFO:colcon.colcon_core.shell:Creating environment hook '/home/gianluca/ros2_ws/src/install/robethichor/share/robethichor/hook/ament_prefix_path.ps1'
[1.648s] INFO:colcon.colcon_core.shell:Creating environment descriptor '/home/gianluca/ros2_ws/src/install/robethichor/share/robethichor/hook/ament_prefix_path.dsv'
[1.648s] INFO:colcon.colcon_core.shell:Creating environment hook '/home/gianluca/ros2_ws/src/install/robethichor/share/robethichor/hook/ament_prefix_path.sh'
[1.649s] INFO:colcon.colcon_core.shell:Skip shell extension 'powershell' for command environment: Not usable outside of PowerShell
[1.649s] DEBUG:colcon.colcon_core.shell:Skip shell extension 'dsv' for command environment
[1.956s] INFO:colcon.colcon_core.task.python.build:Building Python package in '/home/gianluca/ros2_ws/src/robethichor'
[1.956s] INFO:colcon.colcon_core.shell:Skip shell extension 'powershell' for command environment: Not usable outside of PowerShell
[1.956s] DEBUG:colcon.colcon_core.shell:Skip shell extension 'dsv' for command environment
[2.348s] DEBUG:colcon.colcon_core.event_handler.log_command:Invoking command in '/home/gianluca/ros2_ws/src/robethichor': PYTHONPATH=/home/gianluca/ros2_ws/src/build/robethichor/prefix_override:/usr/lib/python3/dist-packages/colcon_core/task/python/colcon_distutils_commands:/home/gianluca/ros2_ws/src/install/robethichor/lib/python3.10/site-packages:${PYTHONPATH} /usr/bin/python3 -W ignore:setup.py install is deprecated setup.py egg_info --egg-base ../build/robethichor build --build-base /home/gianluca/ros2_ws/src/build/robethichor/build install --record /home/gianluca/ros2_ws/src/build/robethichor/install.log --single-version-externally-managed install_data
[2.664s] Level 1:colcon.colcon_core.environment:checking '/home/gianluca/ros2_ws/src/install/robethichor' for CMake module files
[2.665s] Level 1:colcon.colcon_core.environment:checking '/home/gianluca/ros2_ws/src/install/robethichor' for CMake config files
[2.665s] DEBUG:colcon.colcon_core.event_handler.log_command:Invoked command in '/home/gianluca/ros2_ws/src/robethichor' returned '0': PYTHONPATH=/home/gianluca/ros2_ws/src/build/robethichor/prefix_override:/usr/lib/python3/dist-packages/colcon_core/task/python/colcon_distutils_commands:/home/gianluca/ros2_ws/src/install/robethichor/lib/python3.10/site-packages:${PYTHONPATH} /usr/bin/python3 -W ignore:setup.py install is deprecated setup.py egg_info --egg-base ../build/robethichor build --build-base /home/gianluca/ros2_ws/src/build/robethichor/build install --record /home/gianluca/ros2_ws/src/build/robethichor/install.log --single-version-externally-managed install_data
[2.666s] Level 1:colcon.colcon_core.environment:checking '/home/gianluca/ros2_ws/src/install/robethichor/lib'
[2.666s] Level 1:colcon.colcon_core.environment:checking '/home/gianluca/ros2_ws/src/install/robethichor/bin'
[2.667s] Level 1:colcon.colcon_core.environment:checking '/home/gianluca/ros2_ws/src/install/robethichor/lib/pkgconfig/robethichor.pc'
[2.667s] Level 1:colcon.colcon_core.environment:checking '/home/gianluca/ros2_ws/src/install/robethichor/lib/python3.10/site-packages'
[2.667s] Level 1:colcon.colcon_core.shell:create_environment_hook('robethichor', 'pythonpath')
[2.667s] INFO:colcon.colcon_core.shell:Creating environment hook '/home/gianluca/ros2_ws/src/install/robethichor/share/robethichor/hook/pythonpath.ps1'
[2.668s] INFO:colcon.colcon_core.shell:Creating environment descriptor '/home/gianluca/ros2_ws/src/install/robethichor/share/robethichor/hook/pythonpath.dsv'
[2.668s] INFO:colcon.colcon_core.shell:Creating environment hook '/home/gianluca/ros2_ws/src/install/robethichor/share/robethichor/hook/pythonpath.sh'
[2.669s] Level 1:colcon.colcon_core.environment:checking '/home/gianluca/ros2_ws/src/install/robethichor/bin'
[2.669s] Level 1:colcon.colcon_core.environment:create_environment_scripts_only(robethichor)
[2.669s] INFO:colcon.colcon_core.shell:Creating package script '/home/gianluca/ros2_ws/src/install/robethichor/share/robethichor/package.ps1'
[2.670s] INFO:colcon.colcon_core.shell:Creating package descriptor '/home/gianluca/ros2_ws/src/install/robethichor/share/robethichor/package.dsv'
[2.671s] INFO:colcon.colcon_core.shell:Creating package script '/home/gianluca/ros2_ws/src/install/robethichor/share/robethichor/package.sh'
[2.672s] INFO:colcon.colcon_core.shell:Creating package script '/home/gianluca/ros2_ws/src/install/robethichor/share/robethichor/package.bash'
[2.672s] INFO:colcon.colcon_core.shell:Creating package script '/home/gianluca/ros2_ws/src/install/robethichor/share/robethichor/package.zsh'
[2.672s] Level 1:colcon.colcon_core.environment:create_file_with_runtime_dependencies(/home/gianluca/ros2_ws/src/install/robethichor/share/colcon-core/packages/robethichor)
[2.673s] DEBUG:colcon.colcon_parallel_executor.executor.parallel:closing loop
[2.673s] DEBUG:colcon.colcon_parallel_executor.executor.parallel:loop closed
[2.673s] DEBUG:colcon.colcon_parallel_executor.executor.parallel:run_until_complete finished with '0'
[2.673s] DEBUG:colcon.colcon_core.event_reactor:joining thread
[2.681s] INFO:colcon.colcon_core.plugin_system:Skipping extension 'colcon_notification.desktop_notification.terminal_notifier': Not used on non-Darwin systems
[2.681s] INFO:colcon.colcon_core.plugin_system:Skipping extension 'colcon_notification.desktop_notification.win32': Not used on non-Windows systems
[2.682s] INFO:colcon.colcon_notification.desktop_notification:Sending desktop notification using 'notify2'
[2.702s] DEBUG:colcon.colcon_core.event_reactor:joined thread
[2.702s] INFO:colcon.colcon_core.shell:Creating prefix script '/home/gianluca/ros2_ws/src/install/local_setup.ps1'
[2.704s] INFO:colcon.colcon_core.shell:Creating prefix util module '/home/gianluca/ros2_ws/src/install/_local_setup_util_ps1.py'
[2.705s] INFO:colcon.colcon_core.shell:Creating prefix chain script '/home/gianluca/ros2_ws/src/install/setup.ps1'
[2.707s] INFO:colcon.colcon_core.shell:Creating prefix script '/home/gianluca/ros2_ws/src/install/local_setup.sh'
[2.709s] INFO:colcon.colcon_core.shell:Creating prefix util module '/home/gianluca/ros2_ws/src/install/_local_setup_util_sh.py'
[2.710s] INFO:colcon.colcon_core.shell:Creating prefix chain script '/home/gianluca/ros2_ws/src/install/setup.sh'
[2.711s] INFO:colcon.colcon_core.shell:Creating prefix script '/home/gianluca/ros2_ws/src/install/local_setup.bash'
[2.711s] INFO:colcon.colcon_core.shell:Creating prefix chain script '/home/gianluca/ros2_ws/src/install/setup.bash'
[2.713s] INFO:colcon.colcon_core.shell:Creating prefix script '/home/gianluca/ros2_ws/src/install/local_setup.zsh'
[2.713s] INFO:colcon.colcon_core.shell:Creating prefix chain script '/home/gianluca/ros2_ws/src/install/setup.zsh'
