/home/gianluca/ros2_ws/src/install/robethichor/lib/python3.10/site-packages/robethichor/__init__.py
/home/gianluca/ros2_ws/src/install/robethichor/lib/python3.10/site-packages/robethichor/nodes/__init__.py
/home/gianluca/ros2_ws/src/install/robethichor/lib/python3.10/site-packages/robethichor/nodes/connector/__init__.py
/home/gianluca/ros2_ws/src/install/robethichor/lib/python3.10/site-packages/robethichor/nodes/connector/connector_node.py
/home/gianluca/ros2_ws/src/install/robethichor/lib/python3.10/site-packages/robethichor/nodes/negotiation_manager/negotiation_manager_node.py
/home/gianluca/ros2_ws/src/install/robethichor/lib/python3.10/site-packages/robethichor/nodes/negotiation_manager/__init__.py
/home/gianluca/ros2_ws/src/install/robethichor/lib/python3.10/site-packages/robethichor/nodes/context_manager/analyzer.py
/home/gianluca/ros2_ws/src/install/robethichor/lib/python3.10/site-packages/robethichor/nodes/context_manager/__init__.py
/home/gianluca/ros2_ws/src/install/robethichor/lib/python3.10/site-packages/robethichor/nodes/context_manager/monitor.py
/home/gianluca/ros2_ws/src/install/robethichor/lib/python3.10/site-packages/robethichor/nodes/context_manager/context_manager_node.py
/home/gianluca/ros2_ws/src/install/robethichor/lib/python3.10/site-packages/robethichor/nodes/mission_controller/mission_controller_node.py
/home/gianluca/ros2_ws/src/install/robethichor/lib/python3.10/site-packages/robethichor/nodes/mission_controller/__init__.py
/home/gianluca/ros2_ws/src/install/robethichor/lib/python3.10/site-packages/robethichor/nodes/ethics_manager/planner.py
/home/gianluca/ros2_ws/src/install/robethichor/lib/python3.10/site-packages/robethichor/nodes/ethics_manager/executor.py
/home/gianluca/ros2_ws/src/install/robethichor/lib/python3.10/site-packages/robethichor/nodes/ethics_manager/ethics_manager_node.py
/home/gianluca/ros2_ws/src/install/robethichor/lib/python3.10/site-packages/robethichor/nodes/ethics_manager/__init__.py
/home/gianluca/ros2_ws/src/install/robethichor/lib/python3.10/site-packages/robethichor/__pycache__/__init__.cpython-310.pyc
/home/gianluca/ros2_ws/src/install/robethichor/lib/python3.10/site-packages/robethichor/nodes/__pycache__/__init__.cpython-310.pyc
/home/gianluca/ros2_ws/src/install/robethichor/lib/python3.10/site-packages/robethichor/nodes/connector/__pycache__/__init__.cpython-310.pyc
/home/gianluca/ros2_ws/src/install/robethichor/lib/python3.10/site-packages/robethichor/nodes/connector/__pycache__/connector_node.cpython-310.pyc
/home/gianluca/ros2_ws/src/install/robethichor/lib/python3.10/site-packages/robethichor/nodes/negotiation_manager/__pycache__/negotiation_manager_node.cpython-310.pyc
/home/gianluca/ros2_ws/src/install/robethichor/lib/python3.10/site-packages/robethichor/nodes/negotiation_manager/__pycache__/__init__.cpython-310.pyc
/home/gianluca/ros2_ws/src/install/robethichor/lib/python3.10/site-packages/robethichor/nodes/context_manager/__pycache__/analyzer.cpython-310.pyc
/home/gianluca/ros2_ws/src/install/robethichor/lib/python3.10/site-packages/robethichor/nodes/context_manager/__pycache__/__init__.cpython-310.pyc
/home/gianluca/ros2_ws/src/install/robethichor/lib/python3.10/site-packages/robethichor/nodes/context_manager/__pycache__/monitor.cpython-310.pyc
/home/gianluca/ros2_ws/src/install/robethichor/lib/python3.10/site-packages/robethichor/nodes/context_manager/__pycache__/context_manager_node.cpython-310.pyc
/home/gianluca/ros2_ws/src/install/robethichor/lib/python3.10/site-packages/robethichor/nodes/mission_controller/__pycache__/mission_controller_node.cpython-310.pyc
/home/gianluca/ros2_ws/src/install/robethichor/lib/python3.10/site-packages/robethichor/nodes/mission_controller/__pycache__/__init__.cpython-310.pyc
/home/gianluca/ros2_ws/src/install/robethichor/lib/python3.10/site-packages/robethichor/nodes/ethics_manager/__pycache__/planner.cpython-310.pyc
/home/gianluca/ros2_ws/src/install/robethichor/lib/python3.10/site-packages/robethichor/nodes/ethics_manager/__pycache__/executor.cpython-310.pyc
/home/gianluca/ros2_ws/src/install/robethichor/lib/python3.10/site-packages/robethichor/nodes/ethics_manager/__pycache__/ethics_manager_node.cpython-310.pyc
/home/gianluca/ros2_ws/src/install/robethichor/lib/python3.10/site-packages/robethichor/nodes/ethics_manager/__pycache__/__init__.cpython-310.pyc
/home/gianluca/ros2_ws/src/install/robethichor/share/ament_index/resource_index/packages/robethichor
/home/gianluca/ros2_ws/src/install/robethichor/share/robethichor/package.xml
/home/gianluca/ros2_ws/src/install/robethichor/share/robethichor/launch/robethichor_launch.py
/home/gianluca/ros2_ws/src/install/robethichor/lib/python3.10/site-packages/robethichor-0.0.1-py3.10.egg-info/SOURCES.txt
/home/gianluca/ros2_ws/src/install/robethichor/lib/python3.10/site-packages/robethichor-0.0.1-py3.10.egg-info/requires.txt
/home/gianluca/ros2_ws/src/install/robethichor/lib/python3.10/site-packages/robethichor-0.0.1-py3.10.egg-info/entry_points.txt
/home/gianluca/ros2_ws/src/install/robethichor/lib/python3.10/site-packages/robethichor-0.0.1-py3.10.egg-info/PKG-INFO
/home/gianluca/ros2_ws/src/install/robethichor/lib/python3.10/site-packages/robethichor-0.0.1-py3.10.egg-info/top_level.txt
/home/gianluca/ros2_ws/src/install/robethichor/lib/python3.10/site-packages/robethichor-0.0.1-py3.10.egg-info/zip-safe
/home/gianluca/ros2_ws/src/install/robethichor/lib/python3.10/site-packages/robethichor-0.0.1-py3.10.egg-info/dependency_links.txt
/home/gianluca/ros2_ws/src/install/robethichor/lib/robethichor/connector_node
/home/gianluca/ros2_ws/src/install/robethichor/lib/robethichor/context_manager_node
/home/gianluca/ros2_ws/src/install/robethichor/lib/robethichor/ethics_manager_node
/home/gianluca/ros2_ws/src/install/robethichor/lib/robethichor/mission_controller_node
/home/gianluca/ros2_ws/src/install/robethichor/lib/robethichor/negotiation_manager_node
