[  2%] Built target robethichor_interfaces__cpp
[ 12%] Built target robethichor_interfaces__rosidl_generator_c
[ 12%] Built target ament_cmake_python_copy_robethichor_interfaces
[ 23%] Built target robethichor_interfaces__rosidl_typesupport_cpp
[ 33%] Built target robethichor_interfaces__rosidl_typesupport_fastrtps_c
[ 43%] Built target robethichor_interfaces__rosidl_typesupport_introspection_c
[ 53%] Built target robethichor_interfaces__rosidl_typesupport_c
[ 64%] Built target robethichor_interfaces__rosidl_typesupport_fastrtps_cpp
[ 74%] Built target robethichor_interfaces__rosidl_typesupport_introspection_cpp
[ 74%] Built target robethichor_interfaces
[ 76%] Built target robethichor_interfaces__py
[ 84%] Built target robethichor_interfaces__rosidl_generator_py
[ 89%] Built target robethichor_interfaces__rosidl_typesupport_fastrtps_c__pyext
[ 94%] Built target robethichor_interfaces__rosidl_typesupport_introspection_c__pyext
[100%] Built target robethichor_interfaces__rosidl_typesupport_c__pyext
running egg_info
writing robethichor_interfaces.egg-info/PKG-INFO
writing dependency_links to robethichor_interfaces.egg-info/dependency_links.txt
writing top-level names to robethichor_interfaces.egg-info/top_level.txt
reading manifest file 'robethichor_interfaces.egg-info/SOURCES.txt'
writing manifest file 'robethichor_interfaces.egg-info/SOURCES.txt'
[100%] Built target ament_cmake_python_build_robethichor_interfaces_egg
-- Install configuration: ""
-- Up-to-date: /home/gianluca/ros2_ws/src/install/robethichor_interfaces/share/ament_index/resource_index/rosidl_interfaces/robethichor_interfaces
-- Up-to-date: /home/gianluca/ros2_ws/src/install/robethichor_interfaces/include/robethichor_interfaces/robethichor_interfaces
-- Up-to-date: /home/gianluca/ros2_ws/src/install/robethichor_interfaces/include/robethichor_interfaces/robethichor_interfaces/msg
-- Up-to-date: /home/gianluca/ros2_ws/src/install/robethichor_interfaces/include/robethichor_interfaces/robethichor_interfaces/msg/rosidl_generator_c__visibility_control.h
-- Up-to-date: /home/gianluca/ros2_ws/src/install/robethichor_interfaces/include/robethichor_interfaces/robethichor_interfaces/srv
-- Up-to-date: /home/gianluca/ros2_ws/src/install/robethichor_interfaces/include/robethichor_interfaces/robethichor_interfaces/srv/detail
-- Up-to-date: /home/gianluca/ros2_ws/src/install/robethichor_interfaces/include/robethichor_interfaces/robethichor_interfaces/srv/detail/negotiation_service__type_support.h
-- Up-to-date: /home/gianluca/ros2_ws/src/install/robethichor_interfaces/include/robethichor_interfaces/robethichor_interfaces/srv/detail/negotiation_service__functions.c
-- Up-to-date: /home/gianluca/ros2_ws/src/install/robethichor_interfaces/include/robethichor_interfaces/robethichor_interfaces/srv/detail/user_status_service__struct.h
-- Up-to-date: /home/gianluca/ros2_ws/src/install/robethichor_interfaces/include/robethichor_interfaces/robethichor_interfaces/srv/detail/user_status_service__functions.h
-- Up-to-date: /home/gianluca/ros2_ws/src/install/robethichor_interfaces/include/robethichor_interfaces/robethichor_interfaces/srv/detail/user_status_service__type_support.h
-- Up-to-date: /home/gianluca/ros2_ws/src/install/robethichor_interfaces/include/robethichor_interfaces/robethichor_interfaces/srv/detail/negotiation_service__functions.h
-- Up-to-date: /home/gianluca/ros2_ws/src/install/robethichor_interfaces/include/robethichor_interfaces/robethichor_interfaces/srv/detail/negotiation_service__struct.h
-- Up-to-date: /home/gianluca/ros2_ws/src/install/robethichor_interfaces/include/robethichor_interfaces/robethichor_interfaces/srv/detail/user_status_service__functions.c
-- Up-to-date: /home/gianluca/ros2_ws/src/install/robethichor_interfaces/include/robethichor_interfaces/robethichor_interfaces/srv/user_status_service.h
-- Up-to-date: /home/gianluca/ros2_ws/src/install/robethichor_interfaces/include/robethichor_interfaces/robethichor_interfaces/srv/negotiation_service.h
-- Up-to-date: /home/gianluca/ros2_ws/src/install/robethichor_interfaces/share/robethichor_interfaces/environment/library_path.sh
-- Up-to-date: /home/gianluca/ros2_ws/src/install/robethichor_interfaces/share/robethichor_interfaces/environment/library_path.dsv
-- Up-to-date: /home/gianluca/ros2_ws/src/install/robethichor_interfaces/lib/librobethichor_interfaces__rosidl_generator_c.so
-- Up-to-date: /home/gianluca/ros2_ws/src/install/robethichor_interfaces/include/robethichor_interfaces/robethichor_interfaces
-- Up-to-date: /home/gianluca/ros2_ws/src/install/robethichor_interfaces/include/robethichor_interfaces/robethichor_interfaces/msg
-- Up-to-date: /home/gianluca/ros2_ws/src/install/robethichor_interfaces/include/robethichor_interfaces/robethichor_interfaces/msg/rosidl_typesupport_fastrtps_c__visibility_control.h
-- Up-to-date: /home/gianluca/ros2_ws/src/install/robethichor_interfaces/include/robethichor_interfaces/robethichor_interfaces/srv
-- Up-to-date: /home/gianluca/ros2_ws/src/install/robethichor_interfaces/include/robethichor_interfaces/robethichor_interfaces/srv/detail
-- Up-to-date: /home/gianluca/ros2_ws/src/install/robethichor_interfaces/include/robethichor_interfaces/robethichor_interfaces/srv/detail/user_status_service__rosidl_typesupport_fastrtps_c.h
-- Up-to-date: /home/gianluca/ros2_ws/src/install/robethichor_interfaces/include/robethichor_interfaces/robethichor_interfaces/srv/detail/negotiation_service__rosidl_typesupport_fastrtps_c.h
-- Up-to-date: /home/gianluca/ros2_ws/src/install/robethichor_interfaces/lib/librobethichor_interfaces__rosidl_typesupport_fastrtps_c.so
-- Up-to-date: /home/gianluca/ros2_ws/src/install/robethichor_interfaces/include/robethichor_interfaces/robethichor_interfaces
-- Up-to-date: /home/gianluca/ros2_ws/src/install/robethichor_interfaces/include/robethichor_interfaces/robethichor_interfaces/msg
-- Up-to-date: /home/gianluca/ros2_ws/src/install/robethichor_interfaces/include/robethichor_interfaces/robethichor_interfaces/msg/rosidl_typesupport_introspection_c__visibility_control.h
-- Up-to-date: /home/gianluca/ros2_ws/src/install/robethichor_interfaces/include/robethichor_interfaces/robethichor_interfaces/srv
-- Up-to-date: /home/gianluca/ros2_ws/src/install/robethichor_interfaces/include/robethichor_interfaces/robethichor_interfaces/srv/detail
-- Up-to-date: /home/gianluca/ros2_ws/src/install/robethichor_interfaces/include/robethichor_interfaces/robethichor_interfaces/srv/detail/negotiation_service__type_support.c
-- Up-to-date: /home/gianluca/ros2_ws/src/install/robethichor_interfaces/include/robethichor_interfaces/robethichor_interfaces/srv/detail/negotiation_service__rosidl_typesupport_introspection_c.h
-- Up-to-date: /home/gianluca/ros2_ws/src/install/robethichor_interfaces/include/robethichor_interfaces/robethichor_interfaces/srv/detail/user_status_service__rosidl_typesupport_introspection_c.h
-- Up-to-date: /home/gianluca/ros2_ws/src/install/robethichor_interfaces/include/robethichor_interfaces/robethichor_interfaces/srv/detail/user_status_service__type_support.c
-- Up-to-date: /home/gianluca/ros2_ws/src/install/robethichor_interfaces/lib/librobethichor_interfaces__rosidl_typesupport_introspection_c.so
-- Up-to-date: /home/gianluca/ros2_ws/src/install/robethichor_interfaces/lib/librobethichor_interfaces__rosidl_typesupport_c.so
-- Up-to-date: /home/gianluca/ros2_ws/src/install/robethichor_interfaces/include/robethichor_interfaces/robethichor_interfaces
-- Up-to-date: /home/gianluca/ros2_ws/src/install/robethichor_interfaces/include/robethichor_interfaces/robethichor_interfaces/srv
-- Up-to-date: /home/gianluca/ros2_ws/src/install/robethichor_interfaces/include/robethichor_interfaces/robethichor_interfaces/srv/detail
-- Up-to-date: /home/gianluca/ros2_ws/src/install/robethichor_interfaces/include/robethichor_interfaces/robethichor_interfaces/srv/detail/negotiation_service__struct.hpp
-- Up-to-date: /home/gianluca/ros2_ws/src/install/robethichor_interfaces/include/robethichor_interfaces/robethichor_interfaces/srv/detail/negotiation_service__traits.hpp
-- Up-to-date: /home/gianluca/ros2_ws/src/install/robethichor_interfaces/include/robethichor_interfaces/robethichor_interfaces/srv/detail/negotiation_service__builder.hpp
-- Up-to-date: /home/gianluca/ros2_ws/src/install/robethichor_interfaces/include/robethichor_interfaces/robethichor_interfaces/srv/detail/user_status_service__struct.hpp
-- Up-to-date: /home/gianluca/ros2_ws/src/install/robethichor_interfaces/include/robethichor_interfaces/robethichor_interfaces/srv/detail/user_status_service__builder.hpp
-- Up-to-date: /home/gianluca/ros2_ws/src/install/robethichor_interfaces/include/robethichor_interfaces/robethichor_interfaces/srv/detail/user_status_service__traits.hpp
-- Up-to-date: /home/gianluca/ros2_ws/src/install/robethichor_interfaces/include/robethichor_interfaces/robethichor_interfaces/srv/user_status_service.hpp
-- Up-to-date: /home/gianluca/ros2_ws/src/install/robethichor_interfaces/include/robethichor_interfaces/robethichor_interfaces/srv/negotiation_service.hpp
-- Up-to-date: /home/gianluca/ros2_ws/src/install/robethichor_interfaces/include/robethichor_interfaces/robethichor_interfaces
-- Up-to-date: /home/gianluca/ros2_ws/src/install/robethichor_interfaces/include/robethichor_interfaces/robethichor_interfaces/msg
-- Up-to-date: /home/gianluca/ros2_ws/src/install/robethichor_interfaces/include/robethichor_interfaces/robethichor_interfaces/msg/rosidl_typesupport_fastrtps_cpp__visibility_control.h
-- Up-to-date: /home/gianluca/ros2_ws/src/install/robethichor_interfaces/include/robethichor_interfaces/robethichor_interfaces/srv
-- Up-to-date: /home/gianluca/ros2_ws/src/install/robethichor_interfaces/include/robethichor_interfaces/robethichor_interfaces/srv/detail
-- Up-to-date: /home/gianluca/ros2_ws/src/install/robethichor_interfaces/include/robethichor_interfaces/robethichor_interfaces/srv/detail/dds_fastrtps
-- Up-to-date: /home/gianluca/ros2_ws/src/install/robethichor_interfaces/include/robethichor_interfaces/robethichor_interfaces/srv/detail/user_status_service__rosidl_typesupport_fastrtps_cpp.hpp
-- Up-to-date: /home/gianluca/ros2_ws/src/install/robethichor_interfaces/include/robethichor_interfaces/robethichor_interfaces/srv/detail/negotiation_service__rosidl_typesupport_fastrtps_cpp.hpp
-- Up-to-date: /home/gianluca/ros2_ws/src/install/robethichor_interfaces/lib/librobethichor_interfaces__rosidl_typesupport_fastrtps_cpp.so
-- Up-to-date: /home/gianluca/ros2_ws/src/install/robethichor_interfaces/include/robethichor_interfaces/robethichor_interfaces
-- Up-to-date: /home/gianluca/ros2_ws/src/install/robethichor_interfaces/include/robethichor_interfaces/robethichor_interfaces/srv
-- Up-to-date: /home/gianluca/ros2_ws/src/install/robethichor_interfaces/include/robethichor_interfaces/robethichor_interfaces/srv/detail
-- Up-to-date: /home/gianluca/ros2_ws/src/install/robethichor_interfaces/include/robethichor_interfaces/robethichor_interfaces/srv/detail/negotiation_service__rosidl_typesupport_introspection_cpp.hpp
-- Up-to-date: /home/gianluca/ros2_ws/src/install/robethichor_interfaces/include/robethichor_interfaces/robethichor_interfaces/srv/detail/user_status_service__type_support.cpp
-- Up-to-date: /home/gianluca/ros2_ws/src/install/robethichor_interfaces/include/robethichor_interfaces/robethichor_interfaces/srv/detail/negotiation_service__type_support.cpp
-- Up-to-date: /home/gianluca/ros2_ws/src/install/robethichor_interfaces/include/robethichor_interfaces/robethichor_interfaces/srv/detail/user_status_service__rosidl_typesupport_introspection_cpp.hpp
-- Up-to-date: /home/gianluca/ros2_ws/src/install/robethichor_interfaces/lib/librobethichor_interfaces__rosidl_typesupport_introspection_cpp.so
-- Up-to-date: /home/gianluca/ros2_ws/src/install/robethichor_interfaces/lib/librobethichor_interfaces__rosidl_typesupport_cpp.so
-- Up-to-date: /home/gianluca/ros2_ws/src/install/robethichor_interfaces/share/robethichor_interfaces/environment/pythonpath.sh
-- Up-to-date: /home/gianluca/ros2_ws/src/install/robethichor_interfaces/share/robethichor_interfaces/environment/pythonpath.dsv
-- Up-to-date: /home/gianluca/ros2_ws/src/install/robethichor_interfaces/local/lib/python3.10/dist-packages/robethichor_interfaces-0.0.1-py3.10.egg-info
-- Installing: /home/gianluca/ros2_ws/src/install/robethichor_interfaces/local/lib/python3.10/dist-packages/robethichor_interfaces-0.0.1-py3.10.egg-info/SOURCES.txt
-- Installing: /home/gianluca/ros2_ws/src/install/robethichor_interfaces/local/lib/python3.10/dist-packages/robethichor_interfaces-0.0.1-py3.10.egg-info/PKG-INFO
-- Installing: /home/gianluca/ros2_ws/src/install/robethichor_interfaces/local/lib/python3.10/dist-packages/robethichor_interfaces-0.0.1-py3.10.egg-info/top_level.txt
-- Installing: /home/gianluca/ros2_ws/src/install/robethichor_interfaces/local/lib/python3.10/dist-packages/robethichor_interfaces-0.0.1-py3.10.egg-info/dependency_links.txt
-- Up-to-date: /home/gianluca/ros2_ws/src/install/robethichor_interfaces/local/lib/python3.10/dist-packages/robethichor_interfaces
-- Up-to-date: /home/gianluca/ros2_ws/src/install/robethichor_interfaces/local/lib/python3.10/dist-packages/robethichor_interfaces/librobethichor_interfaces__rosidl_generator_py.so
-- Up-to-date: /home/gianluca/ros2_ws/src/install/robethichor_interfaces/local/lib/python3.10/dist-packages/robethichor_interfaces/robethichor_interfaces_s__rosidl_typesupport_fastrtps_c.cpython-310-x86_64-linux-gnu.so
-- Up-to-date: /home/gianluca/ros2_ws/src/install/robethichor_interfaces/local/lib/python3.10/dist-packages/robethichor_interfaces/robethichor_interfaces_s__rosidl_typesupport_introspection_c.cpython-310-x86_64-linux-gnu.so
-- Up-to-date: /home/gianluca/ros2_ws/src/install/robethichor_interfaces/local/lib/python3.10/dist-packages/robethichor_interfaces/_robethichor_interfaces_s.ep.rosidl_typesupport_c.c
-- Up-to-date: /home/gianluca/ros2_ws/src/install/robethichor_interfaces/local/lib/python3.10/dist-packages/robethichor_interfaces/_robethichor_interfaces_s.ep.rosidl_typesupport_fastrtps_c.c
-- Up-to-date: /home/gianluca/ros2_ws/src/install/robethichor_interfaces/local/lib/python3.10/dist-packages/robethichor_interfaces/_robethichor_interfaces_s.ep.rosidl_typesupport_introspection_c.c
-- Up-to-date: /home/gianluca/ros2_ws/src/install/robethichor_interfaces/local/lib/python3.10/dist-packages/robethichor_interfaces/__init__.py
-- Up-to-date: /home/gianluca/ros2_ws/src/install/robethichor_interfaces/local/lib/python3.10/dist-packages/robethichor_interfaces/srv
-- Up-to-date: /home/gianluca/ros2_ws/src/install/robethichor_interfaces/local/lib/python3.10/dist-packages/robethichor_interfaces/srv/_negotiation_service.py
-- Up-to-date: /home/gianluca/ros2_ws/src/install/robethichor_interfaces/local/lib/python3.10/dist-packages/robethichor_interfaces/srv/_user_status_service.py
-- Up-to-date: /home/gianluca/ros2_ws/src/install/robethichor_interfaces/local/lib/python3.10/dist-packages/robethichor_interfaces/srv/__init__.py
-- Up-to-date: /home/gianluca/ros2_ws/src/install/robethichor_interfaces/local/lib/python3.10/dist-packages/robethichor_interfaces/srv/_negotiation_service_s.c
-- Up-to-date: /home/gianluca/ros2_ws/src/install/robethichor_interfaces/local/lib/python3.10/dist-packages/robethichor_interfaces/srv/_user_status_service_s.c
-- Up-to-date: /home/gianluca/ros2_ws/src/install/robethichor_interfaces/local/lib/python3.10/dist-packages/robethichor_interfaces/robethichor_interfaces_s__rosidl_typesupport_c.cpython-310-x86_64-linux-gnu.so
Listing '/home/gianluca/ros2_ws/src/install/robethichor_interfaces/local/lib/python3.10/dist-packages/robethichor_interfaces'...
Listing '/home/gianluca/ros2_ws/src/install/robethichor_interfaces/local/lib/python3.10/dist-packages/robethichor_interfaces/srv'...
-- Up-to-date: /home/gianluca/ros2_ws/src/install/robethichor_interfaces/local/lib/python3.10/dist-packages/robethichor_interfaces/robethichor_interfaces_s__rosidl_typesupport_fastrtps_c.cpython-310-x86_64-linux-gnu.so
-- Up-to-date: /home/gianluca/ros2_ws/src/install/robethichor_interfaces/local/lib/python3.10/dist-packages/robethichor_interfaces/robethichor_interfaces_s__rosidl_typesupport_introspection_c.cpython-310-x86_64-linux-gnu.so
-- Up-to-date: /home/gianluca/ros2_ws/src/install/robethichor_interfaces/local/lib/python3.10/dist-packages/robethichor_interfaces/robethichor_interfaces_s__rosidl_typesupport_c.cpython-310-x86_64-linux-gnu.so
-- Up-to-date: /home/gianluca/ros2_ws/src/install/robethichor_interfaces/lib/librobethichor_interfaces__rosidl_generator_py.so
-- Up-to-date: /home/gianluca/ros2_ws/src/install/robethichor_interfaces/share/robethichor_interfaces/srv/UserStatusService.idl
-- Up-to-date: /home/gianluca/ros2_ws/src/install/robethichor_interfaces/share/robethichor_interfaces/srv/NegotiationService.idl
-- Up-to-date: /home/gianluca/ros2_ws/src/install/robethichor_interfaces/share/robethichor_interfaces/srv/UserStatusService.srv
-- Up-to-date: /home/gianluca/ros2_ws/src/install/robethichor_interfaces/share/robethichor_interfaces/srv/UserStatusService_Request.msg
-- Up-to-date: /home/gianluca/ros2_ws/src/install/robethichor_interfaces/share/robethichor_interfaces/srv/UserStatusService_Response.msg
-- Up-to-date: /home/gianluca/ros2_ws/src/install/robethichor_interfaces/share/robethichor_interfaces/srv/NegotiationService.srv
-- Up-to-date: /home/gianluca/ros2_ws/src/install/robethichor_interfaces/share/robethichor_interfaces/srv/NegotiationService_Request.msg
-- Up-to-date: /home/gianluca/ros2_ws/src/install/robethichor_interfaces/share/robethichor_interfaces/srv/NegotiationService_Response.msg
-- Up-to-date: /home/gianluca/ros2_ws/src/install/robethichor_interfaces/share/ament_index/resource_index/package_run_dependencies/robethichor_interfaces
-- Up-to-date: /home/gianluca/ros2_ws/src/install/robethichor_interfaces/share/ament_index/resource_index/parent_prefix_path/robethichor_interfaces
-- Up-to-date: /home/gianluca/ros2_ws/src/install/robethichor_interfaces/share/robethichor_interfaces/environment/ament_prefix_path.sh
-- Up-to-date: /home/gianluca/ros2_ws/src/install/robethichor_interfaces/share/robethichor_interfaces/environment/ament_prefix_path.dsv
-- Up-to-date: /home/gianluca/ros2_ws/src/install/robethichor_interfaces/share/robethichor_interfaces/environment/path.sh
-- Up-to-date: /home/gianluca/ros2_ws/src/install/robethichor_interfaces/share/robethichor_interfaces/environment/path.dsv
-- Up-to-date: /home/gianluca/ros2_ws/src/install/robethichor_interfaces/share/robethichor_interfaces/local_setup.bash
-- Up-to-date: /home/gianluca/ros2_ws/src/install/robethichor_interfaces/share/robethichor_interfaces/local_setup.sh
-- Up-to-date: /home/gianluca/ros2_ws/src/install/robethichor_interfaces/share/robethichor_interfaces/local_setup.zsh
-- Up-to-date: /home/gianluca/ros2_ws/src/install/robethichor_interfaces/share/robethichor_interfaces/local_setup.dsv
-- Installing: /home/gianluca/ros2_ws/src/install/robethichor_interfaces/share/robethichor_interfaces/package.dsv
-- Up-to-date: /home/gianluca/ros2_ws/src/install/robethichor_interfaces/share/ament_index/resource_index/packages/robethichor_interfaces
-- Up-to-date: /home/gianluca/ros2_ws/src/install/robethichor_interfaces/share/robethichor_interfaces/cmake/export_robethichor_interfaces__rosidl_generator_cExport.cmake
-- Up-to-date: /home/gianluca/ros2_ws/src/install/robethichor_interfaces/share/robethichor_interfaces/cmake/export_robethichor_interfaces__rosidl_generator_cExport-noconfig.cmake
-- Up-to-date: /home/gianluca/ros2_ws/src/install/robethichor_interfaces/share/robethichor_interfaces/cmake/export_robethichor_interfaces__rosidl_typesupport_fastrtps_cExport.cmake
-- Up-to-date: /home/gianluca/ros2_ws/src/install/robethichor_interfaces/share/robethichor_interfaces/cmake/export_robethichor_interfaces__rosidl_typesupport_fastrtps_cExport-noconfig.cmake
-- Up-to-date: /home/gianluca/ros2_ws/src/install/robethichor_interfaces/share/robethichor_interfaces/cmake/robethichor_interfaces__rosidl_typesupport_introspection_cExport.cmake
-- Up-to-date: /home/gianluca/ros2_ws/src/install/robethichor_interfaces/share/robethichor_interfaces/cmake/robethichor_interfaces__rosidl_typesupport_introspection_cExport-noconfig.cmake
-- Up-to-date: /home/gianluca/ros2_ws/src/install/robethichor_interfaces/share/robethichor_interfaces/cmake/robethichor_interfaces__rosidl_typesupport_cExport.cmake
-- Up-to-date: /home/gianluca/ros2_ws/src/install/robethichor_interfaces/share/robethichor_interfaces/cmake/robethichor_interfaces__rosidl_typesupport_cExport-noconfig.cmake
-- Up-to-date: /home/gianluca/ros2_ws/src/install/robethichor_interfaces/share/robethichor_interfaces/cmake/export_robethichor_interfaces__rosidl_generator_cppExport.cmake
-- Up-to-date: /home/gianluca/ros2_ws/src/install/robethichor_interfaces/share/robethichor_interfaces/cmake/export_robethichor_interfaces__rosidl_typesupport_fastrtps_cppExport.cmake
-- Up-to-date: /home/gianluca/ros2_ws/src/install/robethichor_interfaces/share/robethichor_interfaces/cmake/export_robethichor_interfaces__rosidl_typesupport_fastrtps_cppExport-noconfig.cmake
-- Up-to-date: /home/gianluca/ros2_ws/src/install/robethichor_interfaces/share/robethichor_interfaces/cmake/robethichor_interfaces__rosidl_typesupport_introspection_cppExport.cmake
-- Up-to-date: /home/gianluca/ros2_ws/src/install/robethichor_interfaces/share/robethichor_interfaces/cmake/robethichor_interfaces__rosidl_typesupport_introspection_cppExport-noconfig.cmake
-- Up-to-date: /home/gianluca/ros2_ws/src/install/robethichor_interfaces/share/robethichor_interfaces/cmake/robethichor_interfaces__rosidl_typesupport_cppExport.cmake
-- Up-to-date: /home/gianluca/ros2_ws/src/install/robethichor_interfaces/share/robethichor_interfaces/cmake/robethichor_interfaces__rosidl_typesupport_cppExport-noconfig.cmake
-- Up-to-date: /home/gianluca/ros2_ws/src/install/robethichor_interfaces/share/robethichor_interfaces/cmake/export_robethichor_interfaces__rosidl_generator_pyExport.cmake
-- Up-to-date: /home/gianluca/ros2_ws/src/install/robethichor_interfaces/share/robethichor_interfaces/cmake/export_robethichor_interfaces__rosidl_generator_pyExport-noconfig.cmake
-- Up-to-date: /home/gianluca/ros2_ws/src/install/robethichor_interfaces/share/robethichor_interfaces/cmake/rosidl_cmake-extras.cmake
-- Up-to-date: /home/gianluca/ros2_ws/src/install/robethichor_interfaces/share/robethichor_interfaces/cmake/ament_cmake_export_include_directories-extras.cmake
-- Up-to-date: /home/gianluca/ros2_ws/src/install/robethichor_interfaces/share/robethichor_interfaces/cmake/ament_cmake_export_libraries-extras.cmake
-- Up-to-date: /home/gianluca/ros2_ws/src/install/robethichor_interfaces/share/robethichor_interfaces/cmake/ament_cmake_export_targets-extras.cmake
-- Up-to-date: /home/gianluca/ros2_ws/src/install/robethichor_interfaces/share/robethichor_interfaces/cmake/rosidl_cmake_export_typesupport_targets-extras.cmake
-- Up-to-date: /home/gianluca/ros2_ws/src/install/robethichor_interfaces/share/robethichor_interfaces/cmake/ament_cmake_export_dependencies-extras.cmake
-- Up-to-date: /home/gianluca/ros2_ws/src/install/robethichor_interfaces/share/robethichor_interfaces/cmake/rosidl_cmake_export_typesupport_libraries-extras.cmake
-- Up-to-date: /home/gianluca/ros2_ws/src/install/robethichor_interfaces/share/robethichor_interfaces/cmake/robethichor_interfacesConfig.cmake
-- Up-to-date: /home/gianluca/ros2_ws/src/install/robethichor_interfaces/share/robethichor_interfaces/cmake/robethichor_interfacesConfig-version.cmake
-- Up-to-date: /home/gianluca/ros2_ws/src/install/robethichor_interfaces/share/robethichor_interfaces/package.xml
