[0.108s] DEBUG:colcon:Command line arguments: ['/usr/bin/colcon', 'build']
[0.108s] DEBUG:colcon:Parsed command line arguments: Namespace(log_base=None, log_level=None, verb_name='build', build_base='build', install_base='install', merge_install=False, symlink_install=False, test_result_base=None, continue_on_error=False, executor='parallel', parallel_workers=2, event_handlers=None, ignore_user_meta=False, metas=['./colcon.meta'], base_paths=['.'], packages_ignore=None, packages_ignore_regex=None, paths=None, packages_up_to=None, packages_up_to_regex=None, packages_above=None, packages_above_and_dependencies=None, packages_above_depth=None, packages_select_by_dep=None, packages_skip_by_dep=None, packages_skip_up_to=None, packages_select_build_failed=False, packages_skip_build_finished=False, packages_select_test_failures=False, packages_skip_test_passed=False, packages_select=None, packages_skip=None, packages_select_regex=None, packages_skip_regex=None, packages_start=None, packages_end=None, allow_overriding=[], cmake_args=None, cmake_target=None, cmake_target_skip_unavailable=False, cmake_clean_cache=False, cmake_clean_first=False, cmake_force_configure=False, ament_cmake_args=None, catkin_cmake_args=None, catkin_skip_building_tests=False, mixin_files=None, mixin=None, verb_parser=<colcon_mixin.mixin.mixin_argument.MixinArgumentDecorator object at 0x7e68c1f3a440>, verb_extension=<colcon_core.verb.build.BuildVerb object at 0x7e68c1f395a0>, main=<bound method BuildVerb.main of <colcon_core.verb.build.BuildVerb object at 0x7e68c1f395a0>>, mixin_verb=('build',))
[0.258s] Level 1:colcon.colcon_core.package_discovery:discover_packages(colcon_meta) check parameters
[0.258s] Level 1:colcon.colcon_core.package_discovery:discover_packages(recursive) check parameters
[0.258s] Level 1:colcon.colcon_core.package_discovery:discover_packages(ignore) check parameters
[0.258s] Level 1:colcon.colcon_core.package_discovery:discover_packages(path) check parameters
[0.258s] Level 1:colcon.colcon_core.package_discovery:discover_packages(colcon_meta) discover
[0.259s] Level 1:colcon.colcon_core.package_discovery:discover_packages(recursive) discover
[0.259s] INFO:colcon.colcon_core.package_discovery:Crawling recursively for packages in '/home/gianluca/ros2_ws/src'
[0.259s] Level 1:colcon.colcon_core.package_identification:_identify(.) by extensions ['ignore', 'ignore_ament_install']
[0.259s] Level 1:colcon.colcon_core.package_identification:_identify(.) by extension 'ignore'
[0.259s] Level 1:colcon.colcon_core.package_identification:_identify(.) by extension 'ignore_ament_install'
[0.259s] Level 1:colcon.colcon_core.package_identification:_identify(.) by extensions ['colcon_pkg']
[0.259s] Level 1:colcon.colcon_core.package_identification:_identify(.) by extension 'colcon_pkg'
[0.259s] Level 1:colcon.colcon_core.package_identification:_identify(.) by extensions ['colcon_meta']
[0.259s] Level 1:colcon.colcon_core.package_identification:_identify(.) by extension 'colcon_meta'
[0.259s] Level 1:colcon.colcon_core.package_identification:_identify(.) by extensions ['ros']
[0.259s] Level 1:colcon.colcon_core.package_identification:_identify(.) by extension 'ros'
[0.269s] Level 1:colcon.colcon_core.package_identification:_identify(.) by extensions ['cmake', 'python']
[0.270s] Level 1:colcon.colcon_core.package_identification:_identify(.) by extension 'cmake'
[0.270s] Level 1:colcon.colcon_core.package_identification:_identify(.) by extension 'python'
[0.270s] Level 1:colcon.colcon_core.package_identification:_identify(.) by extensions ['python_setup_py']
[0.270s] Level 1:colcon.colcon_core.package_identification:_identify(.) by extension 'python_setup_py'
[0.270s] Level 1:colcon.colcon_core.package_identification:_identify(build) by extensions ['ignore', 'ignore_ament_install']
[0.270s] Level 1:colcon.colcon_core.package_identification:_identify(build) by extension 'ignore'
[0.270s] Level 1:colcon.colcon_core.package_identification:_identify(build) ignored
[0.270s] Level 1:colcon.colcon_core.package_identification:_identify(install) by extensions ['ignore', 'ignore_ament_install']
[0.270s] Level 1:colcon.colcon_core.package_identification:_identify(install) by extension 'ignore'
[0.270s] Level 1:colcon.colcon_core.package_identification:_identify(install) ignored
[0.271s] Level 1:colcon.colcon_core.package_identification:_identify(log) by extensions ['ignore', 'ignore_ament_install']
[0.271s] Level 1:colcon.colcon_core.package_identification:_identify(log) by extension 'ignore'
[0.271s] Level 1:colcon.colcon_core.package_identification:_identify(log) ignored
[0.271s] Level 1:colcon.colcon_core.package_identification:_identify(robethichor) by extensions ['ignore', 'ignore_ament_install']
[0.271s] Level 1:colcon.colcon_core.package_identification:_identify(robethichor) by extension 'ignore'
[0.271s] Level 1:colcon.colcon_core.package_identification:_identify(robethichor) by extension 'ignore_ament_install'
[0.271s] Level 1:colcon.colcon_core.package_identification:_identify(robethichor) by extensions ['colcon_pkg']
[0.271s] Level 1:colcon.colcon_core.package_identification:_identify(robethichor) by extension 'colcon_pkg'
[0.271s] Level 1:colcon.colcon_core.package_identification:_identify(robethichor) by extensions ['colcon_meta']
[0.271s] Level 1:colcon.colcon_core.package_identification:_identify(robethichor) by extension 'colcon_meta'
[0.271s] Level 1:colcon.colcon_core.package_identification:_identify(robethichor) by extensions ['ros']
[0.271s] Level 1:colcon.colcon_core.package_identification:_identify(robethichor) by extension 'ros'
[0.274s] DEBUG:colcon.colcon_core.package_identification:Package 'robethichor' with type 'ros.ament_python' and name 'robethichor'
[0.274s] Level 1:colcon.colcon_core.package_identification:_identify(robethichor_interfaces) by extensions ['ignore', 'ignore_ament_install']
[0.274s] Level 1:colcon.colcon_core.package_identification:_identify(robethichor_interfaces) by extension 'ignore'
[0.274s] Level 1:colcon.colcon_core.package_identification:_identify(robethichor_interfaces) by extension 'ignore_ament_install'
[0.274s] Level 1:colcon.colcon_core.package_identification:_identify(robethichor_interfaces) by extensions ['colcon_pkg']
[0.274s] Level 1:colcon.colcon_core.package_identification:_identify(robethichor_interfaces) by extension 'colcon_pkg'
[0.274s] Level 1:colcon.colcon_core.package_identification:_identify(robethichor_interfaces) by extensions ['colcon_meta']
[0.274s] Level 1:colcon.colcon_core.package_identification:_identify(robethichor_interfaces) by extension 'colcon_meta'
[0.274s] Level 1:colcon.colcon_core.package_identification:_identify(robethichor_interfaces) by extensions ['ros']
[0.274s] Level 1:colcon.colcon_core.package_identification:_identify(robethichor_interfaces) by extension 'ros'
[0.275s] DEBUG:colcon.colcon_core.package_identification:Package 'robethichor_interfaces' with type 'ros.ament_cmake' and name 'robethichor_interfaces'
[0.275s] Level 1:colcon.colcon_core.package_identification:_identify(run) by extensions ['ignore', 'ignore_ament_install']
[0.275s] Level 1:colcon.colcon_core.package_identification:_identify(run) by extension 'ignore'
[0.275s] Level 1:colcon.colcon_core.package_identification:_identify(run) by extension 'ignore_ament_install'
[0.275s] Level 1:colcon.colcon_core.package_identification:_identify(run) by extensions ['colcon_pkg']
[0.275s] Level 1:colcon.colcon_core.package_identification:_identify(run) by extension 'colcon_pkg'
[0.275s] Level 1:colcon.colcon_core.package_identification:_identify(run) by extensions ['colcon_meta']
[0.275s] Level 1:colcon.colcon_core.package_identification:_identify(run) by extension 'colcon_meta'
[0.275s] Level 1:colcon.colcon_core.package_identification:_identify(run) by extensions ['ros']
[0.275s] Level 1:colcon.colcon_core.package_identification:_identify(run) by extension 'ros'
[0.275s] Level 1:colcon.colcon_core.package_identification:_identify(run) by extensions ['cmake', 'python']
[0.275s] Level 1:colcon.colcon_core.package_identification:_identify(run) by extension 'cmake'
[0.275s] Level 1:colcon.colcon_core.package_identification:_identify(run) by extension 'python'
[0.275s] Level 1:colcon.colcon_core.package_identification:_identify(run) by extensions ['python_setup_py']
[0.275s] Level 1:colcon.colcon_core.package_identification:_identify(run) by extension 'python_setup_py'
[0.275s] Level 1:colcon.colcon_core.package_discovery:discover_packages(recursive) using defaults
[0.275s] Level 1:colcon.colcon_core.package_discovery:discover_packages(ignore) discover
[0.275s] Level 1:colcon.colcon_core.package_discovery:discover_packages(ignore) using defaults
[0.275s] Level 1:colcon.colcon_core.package_discovery:discover_packages(path) discover
[0.275s] Level 1:colcon.colcon_core.package_discovery:discover_packages(path) using defaults
[0.295s] Level 1:colcon.colcon_core.package_discovery:discover_packages(prefix_path) check parameters
[0.295s] Level 1:colcon.colcon_core.package_discovery:discover_packages(prefix_path) discover
[0.296s] DEBUG:colcon.colcon_installed_package_information.package_discovery:Found 2 installed packages in /home/gianluca/ros2_ws/src/install
[0.297s] DEBUG:colcon.colcon_installed_package_information.package_discovery:Found 2 installed packages in /home/gianluca/ros2_ws/install
[0.298s] DEBUG:colcon.colcon_installed_package_information.package_discovery:Found 380 installed packages in /opt/ros/humble
[0.310s] Level 1:colcon.colcon_core.package_discovery:discover_packages(prefix_path) using defaults
[0.351s] Level 5:colcon.colcon_core.verb:set package 'robethichor_interfaces' build argument 'cmake_args' from command line to 'None'
[0.351s] Level 5:colcon.colcon_core.verb:set package 'robethichor_interfaces' build argument 'cmake_target' from command line to 'None'
[0.351s] Level 5:colcon.colcon_core.verb:set package 'robethichor_interfaces' build argument 'cmake_target_skip_unavailable' from command line to 'False'
[0.351s] Level 5:colcon.colcon_core.verb:set package 'robethichor_interfaces' build argument 'cmake_clean_cache' from command line to 'False'
[0.351s] Level 5:colcon.colcon_core.verb:set package 'robethichor_interfaces' build argument 'cmake_clean_first' from command line to 'False'
[0.351s] Level 5:colcon.colcon_core.verb:set package 'robethichor_interfaces' build argument 'cmake_force_configure' from command line to 'False'
[0.351s] Level 5:colcon.colcon_core.verb:set package 'robethichor_interfaces' build argument 'ament_cmake_args' from command line to 'None'
[0.351s] Level 5:colcon.colcon_core.verb:set package 'robethichor_interfaces' build argument 'catkin_cmake_args' from command line to 'None'
[0.351s] Level 5:colcon.colcon_core.verb:set package 'robethichor_interfaces' build argument 'catkin_skip_building_tests' from command line to 'False'
[0.351s] DEBUG:colcon.colcon_core.verb:Building package 'robethichor_interfaces' with the following arguments: {'ament_cmake_args': None, 'build_base': '/home/gianluca/ros2_ws/src/build/robethichor_interfaces', 'catkin_cmake_args': None, 'catkin_skip_building_tests': False, 'cmake_args': None, 'cmake_clean_cache': False, 'cmake_clean_first': False, 'cmake_force_configure': False, 'cmake_target': None, 'cmake_target_skip_unavailable': False, 'install_base': '/home/gianluca/ros2_ws/src/install/robethichor_interfaces', 'merge_install': False, 'path': '/home/gianluca/ros2_ws/src/robethichor_interfaces', 'symlink_install': False, 'test_result_base': None}
[0.352s] Level 5:colcon.colcon_core.verb:set package 'robethichor' build argument 'cmake_args' from command line to 'None'
[0.352s] Level 5:colcon.colcon_core.verb:set package 'robethichor' build argument 'cmake_target' from command line to 'None'
[0.352s] Level 5:colcon.colcon_core.verb:set package 'robethichor' build argument 'cmake_target_skip_unavailable' from command line to 'False'
[0.352s] Level 5:colcon.colcon_core.verb:set package 'robethichor' build argument 'cmake_clean_cache' from command line to 'False'
[0.352s] Level 5:colcon.colcon_core.verb:set package 'robethichor' build argument 'cmake_clean_first' from command line to 'False'
[0.352s] Level 5:colcon.colcon_core.verb:set package 'robethichor' build argument 'cmake_force_configure' from command line to 'False'
[0.352s] Level 5:colcon.colcon_core.verb:set package 'robethichor' build argument 'ament_cmake_args' from command line to 'None'
[0.352s] Level 5:colcon.colcon_core.verb:set package 'robethichor' build argument 'catkin_cmake_args' from command line to 'None'
[0.352s] Level 5:colcon.colcon_core.verb:set package 'robethichor' build argument 'catkin_skip_building_tests' from command line to 'False'
[0.352s] DEBUG:colcon.colcon_core.verb:Building package 'robethichor' with the following arguments: {'ament_cmake_args': None, 'build_base': '/home/gianluca/ros2_ws/src/build/robethichor', 'catkin_cmake_args': None, 'catkin_skip_building_tests': False, 'cmake_args': None, 'cmake_clean_cache': False, 'cmake_clean_first': False, 'cmake_force_configure': False, 'cmake_target': None, 'cmake_target_skip_unavailable': False, 'install_base': '/home/gianluca/ros2_ws/src/install/robethichor', 'merge_install': False, 'path': '/home/gianluca/ros2_ws/src/robethichor', 'symlink_install': False, 'test_result_base': None}
[0.352s] INFO:colcon.colcon_core.executor:Executing jobs using 'parallel' executor
[0.353s] DEBUG:colcon.colcon_parallel_executor.executor.parallel:run_until_complete
[0.353s] INFO:colcon.colcon_ros.task.ament_cmake.build:Building ROS package in '/home/gianluca/ros2_ws/src/robethichor_interfaces' with build type 'ament_cmake'
[0.354s] INFO:colcon.colcon_cmake.task.cmake.build:Building CMake package in '/home/gianluca/ros2_ws/src/robethichor_interfaces'
[0.356s] INFO:colcon.colcon_core.plugin_system:Skipping extension 'colcon_core.shell.bat': Not used on non-Windows systems
[0.357s] INFO:colcon.colcon_core.shell:Skip shell extension 'powershell' for command environment: Not usable outside of PowerShell
[0.357s] DEBUG:colcon.colcon_core.shell:Skip shell extension 'dsv' for command environment
[0.376s] DEBUG:colcon.colcon_core.event_handler.log_command:Invoking command in '/home/gianluca/ros2_ws/src/build/robethichor_interfaces': CMAKE_PREFIX_PATH=${CMAKE_PREFIX_PATH}:/home/gianluca/ros2_ws/src/install/robethichor:/home/gianluca/ros2_ws/install/robethichor:/opt/ros/humble /usr/bin/cmake --build /home/gianluca/ros2_ws/src/build/robethichor_interfaces -- -j2 -l2
[1.246s] DEBUG:colcon.colcon_core.event_handler.log_command:Invoked command in '/home/gianluca/ros2_ws/src/build/robethichor_interfaces' returned '0': CMAKE_PREFIX_PATH=${CMAKE_PREFIX_PATH}:/home/gianluca/ros2_ws/src/install/robethichor:/home/gianluca/ros2_ws/install/robethichor:/opt/ros/humble /usr/bin/cmake --build /home/gianluca/ros2_ws/src/build/robethichor_interfaces -- -j2 -l2
[1.427s] DEBUG:colcon.colcon_core.event_handler.log_command:Invoking command in '/home/gianluca/ros2_ws/src/build/robethichor_interfaces': CMAKE_PREFIX_PATH=${CMAKE_PREFIX_PATH}:/home/gianluca/ros2_ws/src/install/robethichor:/home/gianluca/ros2_ws/install/robethichor:/opt/ros/humble /usr/bin/cmake --install /home/gianluca/ros2_ws/src/build/robethichor_interfaces
[1.491s] Level 1:colcon.colcon_core.environment:create_environment_scripts_only(robethichor_interfaces)
[1.495s] DEBUG:colcon.colcon_core.event_handler.log_command:Invoked command in '/home/gianluca/ros2_ws/src/build/robethichor_interfaces' returned '0': CMAKE_PREFIX_PATH=${CMAKE_PREFIX_PATH}:/home/gianluca/ros2_ws/src/install/robethichor:/home/gianluca/ros2_ws/install/robethichor:/opt/ros/humble /usr/bin/cmake --install /home/gianluca/ros2_ws/src/build/robethichor_interfaces
[1.497s] Level 1:colcon.colcon_core.environment:checking '/home/gianluca/ros2_ws/src/install/robethichor_interfaces' for CMake module files
[1.498s] Level 1:colcon.colcon_core.environment:checking '/home/gianluca/ros2_ws/src/install/robethichor_interfaces' for CMake config files
[1.498s] Level 1:colcon.colcon_core.shell:create_environment_hook('robethichor_interfaces', 'cmake_prefix_path')
[1.499s] INFO:colcon.colcon_core.shell:Creating environment hook '/home/gianluca/ros2_ws/src/install/robethichor_interfaces/share/robethichor_interfaces/hook/cmake_prefix_path.ps1'
[1.499s] INFO:colcon.colcon_core.shell:Creating environment descriptor '/home/gianluca/ros2_ws/src/install/robethichor_interfaces/share/robethichor_interfaces/hook/cmake_prefix_path.dsv'
[1.501s] INFO:colcon.colcon_core.shell:Creating environment hook '/home/gianluca/ros2_ws/src/install/robethichor_interfaces/share/robethichor_interfaces/hook/cmake_prefix_path.sh'
[1.503s] Level 1:colcon.colcon_core.environment:checking '/home/gianluca/ros2_ws/src/install/robethichor_interfaces/lib'
[1.503s] Level 1:colcon.colcon_core.shell:create_environment_hook('robethichor_interfaces', 'ld_library_path_lib')
[1.503s] INFO:colcon.colcon_core.shell:Creating environment hook '/home/gianluca/ros2_ws/src/install/robethichor_interfaces/share/robethichor_interfaces/hook/ld_library_path_lib.ps1'
[1.504s] INFO:colcon.colcon_core.shell:Creating environment descriptor '/home/gianluca/ros2_ws/src/install/robethichor_interfaces/share/robethichor_interfaces/hook/ld_library_path_lib.dsv'
[1.504s] INFO:colcon.colcon_core.shell:Creating environment hook '/home/gianluca/ros2_ws/src/install/robethichor_interfaces/share/robethichor_interfaces/hook/ld_library_path_lib.sh'
[1.507s] Level 1:colcon.colcon_core.environment:checking '/home/gianluca/ros2_ws/src/install/robethichor_interfaces/bin'
[1.507s] Level 1:colcon.colcon_core.environment:checking '/home/gianluca/ros2_ws/src/install/robethichor_interfaces/lib/pkgconfig/robethichor_interfaces.pc'
[1.507s] Level 1:colcon.colcon_core.environment:checking '/home/gianluca/ros2_ws/src/install/robethichor_interfaces/lib/python3.10/site-packages'
[1.507s] Level 1:colcon.colcon_core.environment:checking '/home/gianluca/ros2_ws/src/install/robethichor_interfaces/bin'
[1.508s] INFO:colcon.colcon_core.shell:Creating package script '/home/gianluca/ros2_ws/src/install/robethichor_interfaces/share/robethichor_interfaces/package.ps1'
[1.509s] INFO:colcon.colcon_core.shell:Creating package descriptor '/home/gianluca/ros2_ws/src/install/robethichor_interfaces/share/robethichor_interfaces/package.dsv'
[1.509s] INFO:colcon.colcon_core.shell:Creating package script '/home/gianluca/ros2_ws/src/install/robethichor_interfaces/share/robethichor_interfaces/package.sh'
[1.510s] INFO:colcon.colcon_core.shell:Creating package script '/home/gianluca/ros2_ws/src/install/robethichor_interfaces/share/robethichor_interfaces/package.bash'
[1.512s] INFO:colcon.colcon_core.shell:Creating package script '/home/gianluca/ros2_ws/src/install/robethichor_interfaces/share/robethichor_interfaces/package.zsh'
[1.513s] Level 1:colcon.colcon_core.environment:create_file_with_runtime_dependencies(/home/gianluca/ros2_ws/src/install/robethichor_interfaces/share/colcon-core/packages/robethichor_interfaces)
[1.689s] Level 1:colcon.colcon_core.environment:create_environment_scripts_only(robethichor_interfaces)
[1.689s] Level 1:colcon.colcon_core.environment:checking '/home/gianluca/ros2_ws/src/install/robethichor_interfaces' for CMake module files
[1.690s] Level 1:colcon.colcon_core.environment:checking '/home/gianluca/ros2_ws/src/install/robethichor_interfaces' for CMake config files
[1.690s] Level 1:colcon.colcon_core.shell:create_environment_hook('robethichor_interfaces', 'cmake_prefix_path')
[1.691s] INFO:colcon.colcon_core.shell:Creating environment hook '/home/gianluca/ros2_ws/src/install/robethichor_interfaces/share/robethichor_interfaces/hook/cmake_prefix_path.ps1'
[1.692s] INFO:colcon.colcon_core.shell:Creating environment descriptor '/home/gianluca/ros2_ws/src/install/robethichor_interfaces/share/robethichor_interfaces/hook/cmake_prefix_path.dsv'
[1.692s] INFO:colcon.colcon_core.shell:Creating environment hook '/home/gianluca/ros2_ws/src/install/robethichor_interfaces/share/robethichor_interfaces/hook/cmake_prefix_path.sh'
[1.693s] Level 1:colcon.colcon_core.environment:checking '/home/gianluca/ros2_ws/src/install/robethichor_interfaces/lib'
[1.693s] Level 1:colcon.colcon_core.shell:create_environment_hook('robethichor_interfaces', 'ld_library_path_lib')
[1.693s] INFO:colcon.colcon_core.shell:Creating environment hook '/home/gianluca/ros2_ws/src/install/robethichor_interfaces/share/robethichor_interfaces/hook/ld_library_path_lib.ps1'
[1.694s] INFO:colcon.colcon_core.shell:Creating environment descriptor '/home/gianluca/ros2_ws/src/install/robethichor_interfaces/share/robethichor_interfaces/hook/ld_library_path_lib.dsv'
[1.694s] INFO:colcon.colcon_core.shell:Creating environment hook '/home/gianluca/ros2_ws/src/install/robethichor_interfaces/share/robethichor_interfaces/hook/ld_library_path_lib.sh'
[1.695s] Level 1:colcon.colcon_core.environment:checking '/home/gianluca/ros2_ws/src/install/robethichor_interfaces/bin'
[1.695s] Level 1:colcon.colcon_core.environment:checking '/home/gianluca/ros2_ws/src/install/robethichor_interfaces/lib/pkgconfig/robethichor_interfaces.pc'
[1.695s] Level 1:colcon.colcon_core.environment:checking '/home/gianluca/ros2_ws/src/install/robethichor_interfaces/lib/python3.10/site-packages'
[1.695s] Level 1:colcon.colcon_core.environment:checking '/home/gianluca/ros2_ws/src/install/robethichor_interfaces/bin'
[1.696s] INFO:colcon.colcon_core.shell:Creating package script '/home/gianluca/ros2_ws/src/install/robethichor_interfaces/share/robethichor_interfaces/package.ps1'
[1.696s] INFO:colcon.colcon_core.shell:Creating package descriptor '/home/gianluca/ros2_ws/src/install/robethichor_interfaces/share/robethichor_interfaces/package.dsv'
[1.697s] INFO:colcon.colcon_core.shell:Creating package script '/home/gianluca/ros2_ws/src/install/robethichor_interfaces/share/robethichor_interfaces/package.sh'
[1.698s] INFO:colcon.colcon_core.shell:Creating package script '/home/gianluca/ros2_ws/src/install/robethichor_interfaces/share/robethichor_interfaces/package.bash'
[1.698s] INFO:colcon.colcon_core.shell:Creating package script '/home/gianluca/ros2_ws/src/install/robethichor_interfaces/share/robethichor_interfaces/package.zsh'
[1.700s] Level 1:colcon.colcon_core.environment:create_file_with_runtime_dependencies(/home/gianluca/ros2_ws/src/install/robethichor_interfaces/share/colcon-core/packages/robethichor_interfaces)
[1.702s] INFO:colcon.colcon_ros.task.ament_python.build:Building ROS package in '/home/gianluca/ros2_ws/src/robethichor' with build type 'ament_python'
[1.702s] Level 1:colcon.colcon_core.shell:create_environment_hook('robethichor', 'ament_prefix_path')
[1.702s] INFO:colcon.colcon_core.shell:Creating environment hook '/home/gianluca/ros2_ws/src/install/robethichor/share/robethichor/hook/ament_prefix_path.ps1'
[1.702s] INFO:colcon.colcon_core.shell:Creating environment descriptor '/home/gianluca/ros2_ws/src/install/robethichor/share/robethichor/hook/ament_prefix_path.dsv'
[1.704s] INFO:colcon.colcon_core.shell:Creating environment hook '/home/gianluca/ros2_ws/src/install/robethichor/share/robethichor/hook/ament_prefix_path.sh'
[1.706s] INFO:colcon.colcon_core.shell:Skip shell extension 'powershell' for command environment: Not usable outside of PowerShell
[1.706s] DEBUG:colcon.colcon_core.shell:Skip shell extension 'dsv' for command environment
[2.032s] INFO:colcon.colcon_core.task.python.build:Building Python package in '/home/gianluca/ros2_ws/src/robethichor'
[2.032s] INFO:colcon.colcon_core.shell:Skip shell extension 'powershell' for command environment: Not usable outside of PowerShell
[2.032s] DEBUG:colcon.colcon_core.shell:Skip shell extension 'dsv' for command environment
[2.421s] DEBUG:colcon.colcon_core.event_handler.log_command:Invoking command in '/home/gianluca/ros2_ws/src/robethichor': PYTHONPATH=/home/gianluca/ros2_ws/src/build/robethichor/prefix_override:/usr/lib/python3/dist-packages/colcon_core/task/python/colcon_distutils_commands:/home/gianluca/ros2_ws/src/install/robethichor/lib/python3.10/site-packages:${PYTHONPATH} /usr/bin/python3 -W ignore:setup.py install is deprecated setup.py egg_info --egg-base ../build/robethichor build --build-base /home/gianluca/ros2_ws/src/build/robethichor/build install --record /home/gianluca/ros2_ws/src/build/robethichor/install.log --single-version-externally-managed install_data
[2.746s] Level 1:colcon.colcon_core.environment:checking '/home/gianluca/ros2_ws/src/install/robethichor' for CMake module files
[2.747s] Level 1:colcon.colcon_core.environment:checking '/home/gianluca/ros2_ws/src/install/robethichor' for CMake config files
[2.748s] DEBUG:colcon.colcon_core.event_handler.log_command:Invoked command in '/home/gianluca/ros2_ws/src/robethichor' returned '0': PYTHONPATH=/home/gianluca/ros2_ws/src/build/robethichor/prefix_override:/usr/lib/python3/dist-packages/colcon_core/task/python/colcon_distutils_commands:/home/gianluca/ros2_ws/src/install/robethichor/lib/python3.10/site-packages:${PYTHONPATH} /usr/bin/python3 -W ignore:setup.py install is deprecated setup.py egg_info --egg-base ../build/robethichor build --build-base /home/gianluca/ros2_ws/src/build/robethichor/build install --record /home/gianluca/ros2_ws/src/build/robethichor/install.log --single-version-externally-managed install_data
[2.749s] Level 1:colcon.colcon_core.environment:checking '/home/gianluca/ros2_ws/src/install/robethichor/lib'
[2.749s] Level 1:colcon.colcon_core.environment:checking '/home/gianluca/ros2_ws/src/install/robethichor/bin'
[2.749s] Level 1:colcon.colcon_core.environment:checking '/home/gianluca/ros2_ws/src/install/robethichor/lib/pkgconfig/robethichor.pc'
[2.749s] Level 1:colcon.colcon_core.environment:checking '/home/gianluca/ros2_ws/src/install/robethichor/lib/python3.10/site-packages'
[2.749s] Level 1:colcon.colcon_core.shell:create_environment_hook('robethichor', 'pythonpath')
[2.750s] INFO:colcon.colcon_core.shell:Creating environment hook '/home/gianluca/ros2_ws/src/install/robethichor/share/robethichor/hook/pythonpath.ps1'
[2.750s] INFO:colcon.colcon_core.shell:Creating environment descriptor '/home/gianluca/ros2_ws/src/install/robethichor/share/robethichor/hook/pythonpath.dsv'
[2.751s] INFO:colcon.colcon_core.shell:Creating environment hook '/home/gianluca/ros2_ws/src/install/robethichor/share/robethichor/hook/pythonpath.sh'
[2.751s] Level 1:colcon.colcon_core.environment:checking '/home/gianluca/ros2_ws/src/install/robethichor/bin'
[2.751s] Level 1:colcon.colcon_core.environment:create_environment_scripts_only(robethichor)
[2.752s] INFO:colcon.colcon_core.shell:Creating package script '/home/gianluca/ros2_ws/src/install/robethichor/share/robethichor/package.ps1'
[2.752s] INFO:colcon.colcon_core.shell:Creating package descriptor '/home/gianluca/ros2_ws/src/install/robethichor/share/robethichor/package.dsv'
[2.753s] INFO:colcon.colcon_core.shell:Creating package script '/home/gianluca/ros2_ws/src/install/robethichor/share/robethichor/package.sh'
[2.753s] INFO:colcon.colcon_core.shell:Creating package script '/home/gianluca/ros2_ws/src/install/robethichor/share/robethichor/package.bash'
[2.754s] INFO:colcon.colcon_core.shell:Creating package script '/home/gianluca/ros2_ws/src/install/robethichor/share/robethichor/package.zsh'
[2.754s] Level 1:colcon.colcon_core.environment:create_file_with_runtime_dependencies(/home/gianluca/ros2_ws/src/install/robethichor/share/colcon-core/packages/robethichor)
[2.755s] DEBUG:colcon.colcon_parallel_executor.executor.parallel:closing loop
[2.755s] DEBUG:colcon.colcon_parallel_executor.executor.parallel:loop closed
[2.755s] DEBUG:colcon.colcon_parallel_executor.executor.parallel:run_until_complete finished with '0'
[2.755s] DEBUG:colcon.colcon_core.event_reactor:joining thread
[2.761s] INFO:colcon.colcon_core.plugin_system:Skipping extension 'colcon_notification.desktop_notification.terminal_notifier': Not used on non-Darwin systems
[2.762s] INFO:colcon.colcon_core.plugin_system:Skipping extension 'colcon_notification.desktop_notification.win32': Not used on non-Windows systems
[2.762s] INFO:colcon.colcon_notification.desktop_notification:Sending desktop notification using 'notify2'
[2.787s] DEBUG:colcon.colcon_core.event_reactor:joined thread
[2.788s] INFO:colcon.colcon_core.shell:Creating prefix script '/home/gianluca/ros2_ws/src/install/local_setup.ps1'
[2.789s] INFO:colcon.colcon_core.shell:Creating prefix util module '/home/gianluca/ros2_ws/src/install/_local_setup_util_ps1.py'
[2.793s] INFO:colcon.colcon_core.shell:Creating prefix chain script '/home/gianluca/ros2_ws/src/install/setup.ps1'
[2.795s] INFO:colcon.colcon_core.shell:Creating prefix script '/home/gianluca/ros2_ws/src/install/local_setup.sh'
[2.796s] INFO:colcon.colcon_core.shell:Creating prefix util module '/home/gianluca/ros2_ws/src/install/_local_setup_util_sh.py'
[2.797s] INFO:colcon.colcon_core.shell:Creating prefix chain script '/home/gianluca/ros2_ws/src/install/setup.sh'
[2.798s] INFO:colcon.colcon_core.shell:Creating prefix script '/home/gianluca/ros2_ws/src/install/local_setup.bash'
[2.799s] INFO:colcon.colcon_core.shell:Creating prefix chain script '/home/gianluca/ros2_ws/src/install/setup.bash'
[2.801s] INFO:colcon.colcon_core.shell:Creating prefix script '/home/gianluca/ros2_ws/src/install/local_setup.zsh'
[2.801s] INFO:colcon.colcon_core.shell:Creating prefix chain script '/home/gianluca/ros2_ws/src/install/setup.zsh'
