Users: ABC. Multi-lateral: True. Gazebo: False. Negotiation rounds: 4. Preparation time: 2.010 seconds. Negotiation time: 0.067 seconds. Result: no-agreement
Users: ABD. Multi-lateral: True. Gazebo: False. Negotiation rounds: 4. Preparation time: 2.008 seconds. Negotiation time: 0.047 seconds. Result: current
Users: ABE. Multi-lateral: True. Gazebo: False. Negotiation rounds: 4. Preparation time: 2.010 seconds. Negotiation time: 0.048 seconds. Result: current
Users: ACB. Multi-lateral: True. Gazebo: False. Negotiation rounds: 5. Preparation time: 2.015 seconds. Negotiation time: 0.067 seconds. Result: no-agreement
Users: ACD. Multi-lateral: True. Gazebo: False. Negotiation rounds: 5. Preparation time: 2.009 seconds. Negotiation time: 0.042 seconds. Result: interrupting_1
Users: ACE. Multi-lateral: True. Gazebo: False. Negotiation rounds: 5. Preparation time: 2.009 seconds. Negotiation time: 0.046 seconds. Result: interrupting_1
Users: ADB. Multi-lateral: True. Gazebo: False. Negotiation rounds: 6. Preparation time: 2.007 seconds. Negotiation time: 0.041 seconds. Result: current
Users: ADC. Multi-lateral: True. Gazebo: False. Negotiation rounds: 6. Preparation time: 2.011 seconds. Negotiation time: 0.052 seconds. Result: interrupting_2
Users: ADE. Multi-lateral: True. Gazebo: False. Negotiation rounds: 6. Preparation time: 2.010 seconds. Negotiation time: 0.046 seconds. Result: no-agreement
Users: AEB. Multi-lateral: True. Gazebo: False. Negotiation rounds: 6. Preparation time: 2.008 seconds. Negotiation time: 0.040 seconds. Result: current
Users: AEC. Multi-lateral: True. Gazebo: False. Negotiation rounds: 6. Preparation time: 2.022 seconds. Negotiation time: 0.043 seconds. Result: interrupting_2
Users: AED. Multi-lateral: True. Gazebo: False. Negotiation rounds: 6. Preparation time: 2.008 seconds. Negotiation time: 0.048 seconds. Result: no-agreement
Users: BAC. Multi-lateral: True. Gazebo: False. Negotiation rounds: 3. Preparation time: 2.014 seconds. Negotiation time: 0.052 seconds. Result: interrupting_1
Users: BAD. Multi-lateral: True. Gazebo: False. Negotiation rounds: 3. Preparation time: 2.007 seconds. Negotiation time: 0.059 seconds. Result: no-agreement
Users: BAE. Multi-lateral: True. Gazebo: False. Negotiation rounds: 3. Preparation time: 2.009 seconds. Negotiation time: 0.056 seconds. Result: no-agreement
Users: BCA. Multi-lateral: True. Gazebo: False. Negotiation rounds: 7. Preparation time: 2.007 seconds. Negotiation time: 0.045 seconds. Result: interrupting_2
Users: BCD. Multi-lateral: True. Gazebo: False. Negotiation rounds: 7. Preparation time: 2.009 seconds. Negotiation time: 0.045 seconds. Result: interrupting_2
Users: BCE. Multi-lateral: True. Gazebo: False. Negotiation rounds: 7. Preparation time: 2.009 seconds. Negotiation time: 0.046 seconds. Result: current
Users: BDA. Multi-lateral: True. Gazebo: False. Negotiation rounds: 3. Preparation time: 2.008 seconds. Negotiation time: 0.059 seconds. Result: no-agreement
Users: BDC. Multi-lateral: True. Gazebo: False. Negotiation rounds: 3. Preparation time: 2.007 seconds. Negotiation time: 0.046 seconds. Result: interrupting_1
Users: BDE. Multi-lateral: True. Gazebo: False. Negotiation rounds: 3. Preparation time: 2.007 seconds. Negotiation time: 0.062 seconds. Result: no-agreement
Users: BEA. Multi-lateral: True. Gazebo: False. Negotiation rounds: 4. Preparation time: 2.013 seconds. Negotiation time: 0.064 seconds. Result: no-agreement
Users: BEC. Multi-lateral: True. Gazebo: False. Negotiation rounds: 4. Preparation time: 2.009 seconds. Negotiation time: 0.046 seconds. Result: current
Users: BED. Multi-lateral: True. Gazebo: False. Negotiation rounds: 4. Preparation time: 2.008 seconds. Negotiation time: 0.064 seconds. Result: no-agreement
Users: CAB. Multi-lateral: True. Gazebo: False. Negotiation rounds: 6. Preparation time: 2.008 seconds. Negotiation time: 0.049 seconds. Result: current
Users: CAD. Multi-lateral: True. Gazebo: False. Negotiation rounds: 6. Preparation time: 2.008 seconds. Negotiation time: 0.051 seconds. Result: current
Users: CAE. Multi-lateral: True. Gazebo: False. Negotiation rounds: 6. Preparation time: 2.009 seconds. Negotiation time: 0.046 seconds. Result: current
Users: CBA. Multi-lateral: True. Gazebo: False. Negotiation rounds: 7. Preparation time: 2.009 seconds. Negotiation time: 0.050 seconds. Result: current
Users: CBD. Multi-lateral: True. Gazebo: False. Negotiation rounds: 7. Preparation time: 2.007 seconds. Negotiation time: 0.048 seconds. Result: current
Users: CBE. Multi-lateral: True. Gazebo: False. Negotiation rounds: 7. Preparation time: 2.010 seconds. Negotiation time: 0.045 seconds. Result: current
Users: CDA. Multi-lateral: True. Gazebo: False. Negotiation rounds: 4. Preparation time: 2.016 seconds. Negotiation time: 0.043 seconds. Result: current
Users: CDB. Multi-lateral: True. Gazebo: False. Negotiation rounds: 4. Preparation time: 2.008 seconds. Negotiation time: 0.050 seconds. Result: current
Users: CDE. Multi-lateral: True. Gazebo: False. Negotiation rounds: 4. Preparation time: 2.008 seconds. Negotiation time: 0.039 seconds. Result: current
Users: CEA. Multi-lateral: True. Gazebo: False. Negotiation rounds: 6. Preparation time: 2.008 seconds. Negotiation time: 0.049 seconds. Result: current
Users: CEB. Multi-lateral: True. Gazebo: False. Negotiation rounds: 6. Preparation time: 2.009 seconds. Negotiation time: 0.046 seconds. Result: current
Users: CED. Multi-lateral: True. Gazebo: False. Negotiation rounds: 6. Preparation time: 2.008 seconds. Negotiation time: 0.043 seconds. Result: current
Users: DAB. Multi-lateral: True. Gazebo: False. Negotiation rounds: 6. Preparation time: 2.009 seconds. Negotiation time: 0.043 seconds. Result: current
Users: DAC. Multi-lateral: True. Gazebo: False. Negotiation rounds: 6. Preparation time: 2.009 seconds. Negotiation time: 0.038 seconds. Result: interrupting_2
Users: DAE. Multi-lateral: True. Gazebo: False. Negotiation rounds: 6. Preparation time: 2.010 seconds. Negotiation time: 0.040 seconds. Result: no-agreement
Users: DBA. Multi-lateral: True. Gazebo: False. Negotiation rounds: 4. Preparation time: 2.009 seconds. Negotiation time: 0.043 seconds. Result: current
Users: DBC. Multi-lateral: True. Gazebo: False. Negotiation rounds: 4. Preparation time: 2.009 seconds. Negotiation time: 0.067 seconds. Result: no-agreement
Users: DBE. Multi-lateral: True. Gazebo: False. Negotiation rounds: 4. Preparation time: 2.008 seconds. Negotiation time: 0.045 seconds. Result: current
Users: DCA. Multi-lateral: True. Gazebo: False. Negotiation rounds: 3. Preparation time: 2.008 seconds. Negotiation time: 0.045 seconds. Result: interrupting_1
Users: DCB. Multi-lateral: True. Gazebo: False. Negotiation rounds: 3. Preparation time: 2.008 seconds. Negotiation time: 0.059 seconds. Result: no-agreement
Users: DCE. Multi-lateral: True. Gazebo: False. Negotiation rounds: 3. Preparation time: 2.008 seconds. Negotiation time: 0.040 seconds. Result: interrupting_1
Users: DEA. Multi-lateral: True. Gazebo: False. Negotiation rounds: 6. Preparation time: 2.010 seconds. Negotiation time: 0.042 seconds. Result: no-agreement
Users: DEB. Multi-lateral: True. Gazebo: False. Negotiation rounds: 6. Preparation time: 2.009 seconds. Negotiation time: 0.041 seconds. Result: current
Users: DEC. Multi-lateral: True. Gazebo: False. Negotiation rounds: 6. Preparation time: 2.010 seconds. Negotiation time: 0.043 seconds. Result: interrupting_2
Users: EAB. Multi-lateral: True. Gazebo: False. Negotiation rounds: 6. Preparation time: 2.007 seconds. Negotiation time: 0.044 seconds. Result: interrupting_2
Users: EAC. Multi-lateral: True. Gazebo: False. Negotiation rounds: 6. Preparation time: 2.010 seconds. Negotiation time: 0.050 seconds. Result: interrupting_2
Users: EAD. Multi-lateral: True. Gazebo: False. Negotiation rounds: 6. Preparation time: 2.008 seconds. Negotiation time: 0.044 seconds. Result: no-agreement
Users: EBA. Multi-lateral: True. Gazebo: False. Negotiation rounds: 3. Preparation time: 2.009 seconds. Negotiation time: 0.038 seconds. Result: interrupting_1
Users: EBC. Multi-lateral: True. Gazebo: False. Negotiation rounds: 3. Preparation time: 2.009 seconds. Negotiation time: 0.059 seconds. Result: no-agreement
Users: EBD. Multi-lateral: True. Gazebo: False. Negotiation rounds: 3. Preparation time: 2.007 seconds. Negotiation time: 0.043 seconds. Result: interrupting_1
Users: ECA. Multi-lateral: True. Gazebo: False. Negotiation rounds: 5. Preparation time: 2.012 seconds. Negotiation time: 0.048 seconds. Result: interrupting_1
Users: ECB. Multi-lateral: True. Gazebo: False. Negotiation rounds: 5. Preparation time: 2.007 seconds. Negotiation time: 0.062 seconds. Result: no-agreement
Users: ECD. Multi-lateral: True. Gazebo: False. Negotiation rounds: 5. Preparation time: 2.008 seconds. Negotiation time: 0.048 seconds. Result: interrupting_1
Users: EDA. Multi-lateral: True. Gazebo: False. Negotiation rounds: 6. Preparation time: 2.007 seconds. Negotiation time: 0.041 seconds. Result: no-agreement
Users: EDB. Multi-lateral: True. Gazebo: False. Negotiation rounds: 6. Preparation time: 2.014 seconds. Negotiation time: 0.040 seconds. Result: interrupting_2
Users: EDC. Multi-lateral: True. Gazebo: False. Negotiation rounds: 6. Preparation time: 2.009 seconds. Negotiation time: 0.049 seconds. Result: interrupting_2
