Users: AB. Gazebo: True. Negotiation rounds: 4. Preparation time: 3.016 seconds. Negotiation time: 0.052 seconds. Result: current
Users: AC. Gazebo: True. Negotiation rounds: 5. Preparation time: 3.022 seconds. Negotiation time: 0.033 seconds. Result: interrupting
Users: AD. Gazebo: True. Negotiation rounds: 6. Preparation time: 3.025 seconds. Negotiation time: 0.048 seconds. Result: no-agreement
Users: AE. Gazebo: True. Negotiation rounds: 6. Preparation time: 3.013 seconds. Negotiation time: 0.025 seconds. Result: no-agreement
Users: AF. Gazebo: True. Negotiation rounds: 5. Preparation time: 3.008 seconds. Negotiation time: 0.032 seconds. Result: interrupting
Users: AG. Gazebo: True. Negotiation rounds: 7. Preparation time: 3.020 seconds. Negotiation time: 0.038 seconds. Result: interrupting
Users: AH. Gazebo: True. Negotiation rounds: 6. Preparation time: 3.013 seconds. Negotiation time: 0.032 seconds. Result: no-agreement
Users: AI. Gazebo: True. Negotiation rounds: 6. Preparation time: 3.010 seconds. Negotiation time: 0.037 seconds. Result: no-agreement
Users: AJ. Gazebo: True. Negotiation rounds: 3. Preparation time: 3.007 seconds. Negotiation time: 0.030 seconds. Result: interrupting
Users: BA. Gazebo: True. Negotiation rounds: 3. Preparation time: 3.021 seconds. Negotiation time: 0.028 seconds. Result: interrupting
Users: BC. Gazebo: True. Negotiation rounds: 7. Preparation time: 3.010 seconds. Negotiation time: 0.030 seconds. Result: no-agreement
Users: BD. Gazebo: True. Negotiation rounds: 3. Preparation time: 3.009 seconds. Negotiation time: 0.019 seconds. Result: interrupting
Users: BE. Gazebo: True. Negotiation rounds: 4. Preparation time: 3.011 seconds. Negotiation time: 0.025 seconds. Result: current
Users: BF. Gazebo: True. Negotiation rounds: 3. Preparation time: 3.016 seconds. Negotiation time: 0.022 seconds. Result: interrupting
Users: BG. Gazebo: True. Negotiation rounds: 5. Preparation time: 3.009 seconds. Negotiation time: 0.028 seconds. Result: interrupting
Users: BH. Gazebo: True. Negotiation rounds: 4. Preparation time: 3.007 seconds. Negotiation time: 0.024 seconds. Result: current
Users: BI. Gazebo: True. Negotiation rounds: 4. Preparation time: 3.013 seconds. Negotiation time: 0.023 seconds. Result: current
Users: BJ. Gazebo: True. Negotiation rounds: 7. Preparation time: 3.011 seconds. Negotiation time: 0.023 seconds. Result: no-agreement
Users: CA. Gazebo: True. Negotiation rounds: 6. Preparation time: 3.009 seconds. Negotiation time: 0.019 seconds. Result: current
Users: CB. Gazebo: True. Negotiation rounds: 7. Preparation time: 3.010 seconds. Negotiation time: 0.025 seconds. Result: no-agreement
Users: CD. Gazebo: True. Negotiation rounds: 4. Preparation time: 3.008 seconds. Negotiation time: 0.029 seconds. Result: current
Users: CE. Gazebo: True. Negotiation rounds: 6. Preparation time: 3.011 seconds. Negotiation time: 0.031 seconds. Result: current
Users: CF. Gazebo: True. Negotiation rounds: 4. Preparation time: 3.008 seconds. Negotiation time: 0.022 seconds. Result: current
Users: CG. Gazebo: True. Negotiation rounds: 7. Preparation time: 3.032 seconds. Negotiation time: 0.035 seconds. Result: interrupting
Users: CH. Gazebo: True. Negotiation rounds: 4. Preparation time: 3.010 seconds. Negotiation time: 0.031 seconds. Result: current
Users: CI. Gazebo: True. Negotiation rounds: 4. Preparation time: 3.011 seconds. Negotiation time: 0.023 seconds. Result: current
Users: CJ. Gazebo: True. Negotiation rounds: 8. Preparation time: 3.011 seconds. Negotiation time: 0.030 seconds. Result: no-agreement
Users: DA. Gazebo: True. Negotiation rounds: 6. Preparation time: 3.029 seconds. Negotiation time: 0.056 seconds. Result: no-agreement
Users: DB. Gazebo: True. Negotiation rounds: 4. Preparation time: 3.009 seconds. Negotiation time: 0.025 seconds. Result: current
Users: DC. Gazebo: True. Negotiation rounds: 3. Preparation time: 3.030 seconds. Negotiation time: 0.025 seconds. Result: interrupting
Users: DE. Gazebo: True. Negotiation rounds: 6. Preparation time: 3.013 seconds. Negotiation time: 0.026 seconds. Result: no-agreement
Users: DF. Gazebo: True. Negotiation rounds: 3. Preparation time: 3.013 seconds. Negotiation time: 0.020 seconds. Result: interrupting
Users: DG. Gazebo: True. Negotiation rounds: 5. Preparation time: 3.016 seconds. Negotiation time: 0.026 seconds. Result: interrupting
Users: DH. Gazebo: True. Negotiation rounds: 4. Preparation time: 3.008 seconds. Negotiation time: 0.042 seconds. Result: current
Users: DI. Gazebo: True. Negotiation rounds: 6. Preparation time: 3.009 seconds. Negotiation time: 0.023 seconds. Result: no-agreement
Users: DJ. Gazebo: True. Negotiation rounds: 5. Preparation time: 3.017 seconds. Negotiation time: 0.030 seconds. Result: interrupting
Users: EA. Gazebo: True. Negotiation rounds: 6. Preparation time: 3.009 seconds. Negotiation time: 0.025 seconds. Result: no-agreement
Users: EB. Gazebo: True. Negotiation rounds: 3. Preparation time: 3.010 seconds. Negotiation time: 0.023 seconds. Result: interrupting
Users: EC. Gazebo: True. Negotiation rounds: 5. Preparation time: 3.015 seconds. Negotiation time: 0.024 seconds. Result: interrupting
Users: ED. Gazebo: True. Negotiation rounds: 6. Preparation time: 3.012 seconds. Negotiation time: 0.028 seconds. Result: no-agreement
Users: EF. Gazebo: True. Negotiation rounds: 4. Preparation time: 3.011 seconds. Negotiation time: 0.027 seconds. Result: current
Users: EG. Gazebo: True. Negotiation rounds: 3. Preparation time: 3.007 seconds. Negotiation time: 0.020 seconds. Result: interrupting
Users: EH. Gazebo: True. Negotiation rounds: 6. Preparation time: 3.017 seconds. Negotiation time: 0.027 seconds. Result: no-agreement
Users: EI. Gazebo: True. Negotiation rounds: 6. Preparation time: 3.014 seconds. Negotiation time: 0.025 seconds. Result: no-agreement
Users: EJ. Gazebo: True. Negotiation rounds: 5. Preparation time: 3.032 seconds. Negotiation time: 0.028 seconds. Result: interrupting
