[0.750s] Invoking command in '/home/gianluca/ros2_ws/src/robethichor': PYTHONPATH=/home/gianluca/ros2_ws/src/build/robethichor/prefix_override:/usr/lib/python3/dist-packages/colcon_core/task/python/colcon_distutils_commands:/home/gianluca/ros2_ws/src/install/robethichor/lib/python3.10/site-packages:${PYTHONPATH} /usr/bin/python3 -W ignore:setup.py install is deprecated setup.py egg_info --egg-base ../build/robethichor build --build-base /home/gianluca/ros2_ws/src/build/robethichor/build install --record /home/gianluca/ros2_ws/src/build/robethichor/install.log --single-version-externally-managed install_data
[0.997s] running egg_info
[0.998s] writing ../build/robethichor/robethichor.egg-info/PKG-INFO
[0.998s] writing dependency_links to ../build/robethichor/robethichor.egg-info/dependency_links.txt
[0.999s] writing entry points to ../build/robethichor/robethichor.egg-info/entry_points.txt
[1.000s] writing requirements to ../build/robethichor/robethichor.egg-info/requires.txt
[1.000s] writing top-level names to ../build/robethichor/robethichor.egg-info/top_level.txt
[1.002s] reading manifest file '../build/robethichor/robethichor.egg-info/SOURCES.txt'
[1.002s] adding license file 'LICENSE'
[1.003s] writing manifest file '../build/robethichor/robethichor.egg-info/SOURCES.txt'
[1.003s] running build
[1.003s] running build_py
[1.004s] copying robethichor/nodes/ethics_manager/planner.py -> /home/gianluca/ros2_ws/src/build/robethichor/build/lib/robethichor/nodes/ethics_manager
[1.005s] running install
[1.005s] running install_lib
[1.006s] copying /home/gianluca/ros2_ws/src/build/robethichor/build/lib/robethichor/nodes/ethics_manager/planner.py -> /home/gianluca/ros2_ws/src/install/robethichor/lib/python3.10/site-packages/robethichor/nodes/ethics_manager
[1.007s] byte-compiling /home/gianluca/ros2_ws/src/install/robethichor/lib/python3.10/site-packages/robethichor/nodes/ethics_manager/planner.py to planner.cpython-310.pyc
[1.008s] running install_data
[1.008s] running install_egg_info
[1.010s] removing '/home/gianluca/ros2_ws/src/install/robethichor/lib/python3.10/site-packages/robethichor-0.0.1-py3.10.egg-info' (and everything under it)
[1.010s] Copying ../build/robethichor/robethichor.egg-info to /home/gianluca/ros2_ws/src/install/robethichor/lib/python3.10/site-packages/robethichor-0.0.1-py3.10.egg-info
[1.011s] running install_scripts
[1.038s] Installing connector_node script to /home/gianluca/ros2_ws/src/install/robethichor/lib/robethichor
[1.038s] Installing context_manager_node script to /home/gianluca/ros2_ws/src/install/robethichor/lib/robethichor
[1.038s] Installing ethics_manager_node script to /home/gianluca/ros2_ws/src/install/robethichor/lib/robethichor
[1.038s] Installing mission_controller_node script to /home/gianluca/ros2_ws/src/install/robethichor/lib/robethichor
[1.038s] Installing negotiation_manager_node script to /home/gianluca/ros2_ws/src/install/robethichor/lib/robethichor
[1.038s] writing list of installed files to '/home/gianluca/ros2_ws/src/build/robethichor/install.log'
[1.071s] Invoked command in '/home/gianluca/ros2_ws/src/robethichor' returned '0': PYTHONPATH=/home/gianluca/ros2_ws/src/build/robethichor/prefix_override:/usr/lib/python3/dist-packages/colcon_core/task/python/colcon_distutils_commands:/home/gianluca/ros2_ws/src/install/robethichor/lib/python3.10/site-packages:${PYTHONPATH} /usr/bin/python3 -W ignore:setup.py install is deprecated setup.py egg_info --egg-base ../build/robethichor build --build-base /home/gianluca/ros2_ws/src/build/robethichor/build install --record /home/gianluca/ros2_ws/src/build/robethichor/install.log --single-version-externally-managed install_data
