[0.027s] Invoking command in '/home/gianluca/ros2_ws/src/build/robethichor_interfaces': CMAKE_PREFIX_PATH=${CMAKE_PREFIX_PATH}:/home/gianluca/ros2_ws/src/install/robethichor:/home/gianluca/ros2_ws/install/robethichor:/opt/ros/humble /usr/bin/cmake --build /home/gianluca/ros2_ws/src/build/robethichor_interfaces -- -j2 -l2
[0.102s] [  2%] Built target robethichor_interfaces__cpp
[0.103s] [ 12%] Built target robethichor_interfaces__rosidl_generator_c
[0.163s] [ 23%] Built target robethichor_interfaces__rosidl_typesupport_cpp
[0.165s] [ 23%] Built target ament_cmake_python_copy_robethichor_interfaces
[0.196s] [ 33%] Built target robethichor_interfaces__rosidl_typesupport_introspection_c
[0.196s] [ 43%] Built target robethichor_interfaces__rosidl_typesupport_fastrtps_c
[0.241s] [ 53%] Built target robethichor_interfaces__rosidl_typesupport_fastrtps_cpp
[0.250s] [ 64%] Built target robethichor_interfaces__rosidl_typesupport_c
[0.281s] [ 74%] Built target robethichor_interfaces__rosidl_typesupport_introspection_cpp
[0.310s] [ 74%] Built target robethichor_interfaces
[0.369s] [ 76%] Built target robethichor_interfaces__py
[0.416s] [ 84%] Built target robethichor_interfaces__rosidl_generator_py
[0.449s] [ 89%] Built target robethichor_interfaces__rosidl_typesupport_fastrtps_c__pyext
[0.524s] [ 94%] Built target robethichor_interfaces__rosidl_typesupport_introspection_c__pyext
[0.595s] [100%] Built target robethichor_interfaces__rosidl_typesupport_c__pyext
[0.752s] running egg_info
[0.754s] writing robethichor_interfaces.egg-info/PKG-INFO
[0.755s] writing dependency_links to robethichor_interfaces.egg-info/dependency_links.txt
[0.755s] writing top-level names to robethichor_interfaces.egg-info/top_level.txt
[0.757s] reading manifest file 'robethichor_interfaces.egg-info/SOURCES.txt'
[0.758s] writing manifest file 'robethichor_interfaces.egg-info/SOURCES.txt'
[0.791s] [100%] Built target ament_cmake_python_build_robethichor_interfaces_egg
[0.807s] Invoked command in '/home/gianluca/ros2_ws/src/build/robethichor_interfaces' returned '0': CMAKE_PREFIX_PATH=${CMAKE_PREFIX_PATH}:/home/gianluca/ros2_ws/src/install/robethichor:/home/gianluca/ros2_ws/install/robethichor:/opt/ros/humble /usr/bin/cmake --build /home/gianluca/ros2_ws/src/build/robethichor_interfaces -- -j2 -l2
[1.005s] Invoking command in '/home/gianluca/ros2_ws/src/build/robethichor_interfaces': CMAKE_PREFIX_PATH=${CMAKE_PREFIX_PATH}:/home/gianluca/ros2_ws/src/install/robethichor:/home/gianluca/ros2_ws/install/robethichor:/opt/ros/humble /usr/bin/cmake --install /home/gianluca/ros2_ws/src/build/robethichor_interfaces
[1.022s] -- Install configuration: ""
[1.022s] -- Up-to-date: /home/gianluca/ros2_ws/src/install/robethichor_interfaces/share/ament_index/resource_index/rosidl_interfaces/robethichor_interfaces
[1.022s] -- Up-to-date: /home/gianluca/ros2_ws/src/install/robethichor_interfaces/include/robethichor_interfaces/robethichor_interfaces
[1.022s] -- Up-to-date: /home/gianluca/ros2_ws/src/install/robethichor_interfaces/include/robethichor_interfaces/robethichor_interfaces/msg
[1.022s] -- Up-to-date: /home/gianluca/ros2_ws/src/install/robethichor_interfaces/include/robethichor_interfaces/robethichor_interfaces/msg/rosidl_generator_c__visibility_control.h
[1.022s] -- Up-to-date: /home/gianluca/ros2_ws/src/install/robethichor_interfaces/include/robethichor_interfaces/robethichor_interfaces/srv
[1.022s] -- Up-to-date: /home/gianluca/ros2_ws/src/install/robethichor_interfaces/include/robethichor_interfaces/robethichor_interfaces/srv/detail
[1.022s] -- Up-to-date: /home/gianluca/ros2_ws/src/install/robethichor_interfaces/include/robethichor_interfaces/robethichor_interfaces/srv/detail/negotiation_service__type_support.h
[1.022s] -- Up-to-date: /home/gianluca/ros2_ws/src/install/robethichor_interfaces/include/robethichor_interfaces/robethichor_interfaces/srv/detail/negotiation_service__functions.c
[1.023s] -- Up-to-date: /home/gianluca/ros2_ws/src/install/robethichor_interfaces/include/robethichor_interfaces/robethichor_interfaces/srv/detail/user_status_service__struct.h
[1.023s] -- Up-to-date: /home/gianluca/ros2_ws/src/install/robethichor_interfaces/include/robethichor_interfaces/robethichor_interfaces/srv/detail/user_status_service__functions.h
[1.023s] -- Up-to-date: /home/gianluca/ros2_ws/src/install/robethichor_interfaces/include/robethichor_interfaces/robethichor_interfaces/srv/detail/user_status_service__type_support.h
[1.023s] -- Up-to-date: /home/gianluca/ros2_ws/src/install/robethichor_interfaces/include/robethichor_interfaces/robethichor_interfaces/srv/detail/negotiation_service__functions.h
[1.023s] -- Up-to-date: /home/gianluca/ros2_ws/src/install/robethichor_interfaces/include/robethichor_interfaces/robethichor_interfaces/srv/detail/negotiation_service__struct.h
[1.024s] -- Up-to-date: /home/gianluca/ros2_ws/src/install/robethichor_interfaces/include/robethichor_interfaces/robethichor_interfaces/srv/detail/user_status_service__functions.c
[1.024s] -- Up-to-date: /home/gianluca/ros2_ws/src/install/robethichor_interfaces/include/robethichor_interfaces/robethichor_interfaces/srv/user_status_service.h
[1.024s] -- Up-to-date: /home/gianluca/ros2_ws/src/install/robethichor_interfaces/include/robethichor_interfaces/robethichor_interfaces/srv/negotiation_service.h
[1.024s] -- Up-to-date: /home/gianluca/ros2_ws/src/install/robethichor_interfaces/share/robethichor_interfaces/environment/library_path.sh
[1.025s] -- Up-to-date: /home/gianluca/ros2_ws/src/install/robethichor_interfaces/share/robethichor_interfaces/environment/library_path.dsv
[1.026s] -- Up-to-date: /home/gianluca/ros2_ws/src/install/robethichor_interfaces/lib/librobethichor_interfaces__rosidl_generator_c.so
[1.026s] -- Up-to-date: /home/gianluca/ros2_ws/src/install/robethichor_interfaces/include/robethichor_interfaces/robethichor_interfaces
[1.028s] -- Up-to-date: /home/gianluca/ros2_ws/src/install/robethichor_interfaces/include/robethichor_interfaces/robethichor_interfaces/msg
[1.028s] -- Up-to-date: /home/gianluca/ros2_ws/src/install/robethichor_interfaces/include/robethichor_interfaces/robethichor_interfaces/msg/rosidl_typesupport_fastrtps_c__visibility_control.h
[1.028s] -- Up-to-date: /home/gianluca/ros2_ws/src/install/robethichor_interfaces/include/robethichor_interfaces/robethichor_interfaces/srv
[1.028s] -- Up-to-date: /home/gianluca/ros2_ws/src/install/robethichor_interfaces/include/robethichor_interfaces/robethichor_interfaces/srv/detail
[1.028s] -- Up-to-date: /home/gianluca/ros2_ws/src/install/robethichor_interfaces/include/robethichor_interfaces/robethichor_interfaces/srv/detail/user_status_service__rosidl_typesupport_fastrtps_c.h
[1.028s] -- Up-to-date: /home/gianluca/ros2_ws/src/install/robethichor_interfaces/include/robethichor_interfaces/robethichor_interfaces/srv/detail/negotiation_service__rosidl_typesupport_fastrtps_c.h
[1.029s] -- Up-to-date: /home/gianluca/ros2_ws/src/install/robethichor_interfaces/lib/librobethichor_interfaces__rosidl_typesupport_fastrtps_c.so
[1.029s] -- Up-to-date: /home/gianluca/ros2_ws/src/install/robethichor_interfaces/include/robethichor_interfaces/robethichor_interfaces
[1.029s] -- Up-to-date: /home/gianluca/ros2_ws/src/install/robethichor_interfaces/include/robethichor_interfaces/robethichor_interfaces/msg
[1.029s] -- Up-to-date: /home/gianluca/ros2_ws/src/install/robethichor_interfaces/include/robethichor_interfaces/robethichor_interfaces/msg/rosidl_typesupport_introspection_c__visibility_control.h
[1.032s] -- Up-to-date: /home/gianluca/ros2_ws/src/install/robethichor_interfaces/include/robethichor_interfaces/robethichor_interfaces/srv
[1.032s] -- Up-to-date: /home/gianluca/ros2_ws/src/install/robethichor_interfaces/include/robethichor_interfaces/robethichor_interfaces/srv/detail
[1.032s] -- Up-to-date: /home/gianluca/ros2_ws/src/install/robethichor_interfaces/include/robethichor_interfaces/robethichor_interfaces/srv/detail/negotiation_service__type_support.c
[1.033s] -- Up-to-date: /home/gianluca/ros2_ws/src/install/robethichor_interfaces/include/robethichor_interfaces/robethichor_interfaces/srv/detail/negotiation_service__rosidl_typesupport_introspection_c.h
[1.033s] -- Up-to-date: /home/gianluca/ros2_ws/src/install/robethichor_interfaces/include/robethichor_interfaces/robethichor_interfaces/srv/detail/user_status_service__rosidl_typesupport_introspection_c.h
[1.033s] -- Up-to-date: /home/gianluca/ros2_ws/src/install/robethichor_interfaces/include/robethichor_interfaces/robethichor_interfaces/srv/detail/user_status_service__type_support.c
[1.033s] -- Up-to-date: /home/gianluca/ros2_ws/src/install/robethichor_interfaces/lib/librobethichor_interfaces__rosidl_typesupport_introspection_c.so
[1.033s] -- Up-to-date: /home/gianluca/ros2_ws/src/install/robethichor_interfaces/lib/librobethichor_interfaces__rosidl_typesupport_c.so
[1.034s] -- Up-to-date: /home/gianluca/ros2_ws/src/install/robethichor_interfaces/include/robethichor_interfaces/robethichor_interfaces
[1.034s] -- Up-to-date: /home/gianluca/ros2_ws/src/install/robethichor_interfaces/include/robethichor_interfaces/robethichor_interfaces/srv
[1.034s] -- Up-to-date: /home/gianluca/ros2_ws/src/install/robethichor_interfaces/include/robethichor_interfaces/robethichor_interfaces/srv/detail
[1.034s] -- Up-to-date: /home/gianluca/ros2_ws/src/install/robethichor_interfaces/include/robethichor_interfaces/robethichor_interfaces/srv/detail/negotiation_service__struct.hpp
[1.034s] -- Up-to-date: /home/gianluca/ros2_ws/src/install/robethichor_interfaces/include/robethichor_interfaces/robethichor_interfaces/srv/detail/negotiation_service__traits.hpp
[1.034s] -- Up-to-date: /home/gianluca/ros2_ws/src/install/robethichor_interfaces/include/robethichor_interfaces/robethichor_interfaces/srv/detail/negotiation_service__builder.hpp
[1.034s] -- Up-to-date: /home/gianluca/ros2_ws/src/install/robethichor_interfaces/include/robethichor_interfaces/robethichor_interfaces/srv/detail/user_status_service__struct.hpp
[1.034s] -- Up-to-date: /home/gianluca/ros2_ws/src/install/robethichor_interfaces/include/robethichor_interfaces/robethichor_interfaces/srv/detail/user_status_service__builder.hpp
[1.034s] -- Up-to-date: /home/gianluca/ros2_ws/src/install/robethichor_interfaces/include/robethichor_interfaces/robethichor_interfaces/srv/detail/user_status_service__traits.hpp
[1.034s] -- Up-to-date: /home/gianluca/ros2_ws/src/install/robethichor_interfaces/include/robethichor_interfaces/robethichor_interfaces/srv/user_status_service.hpp
[1.034s] -- Up-to-date: /home/gianluca/ros2_ws/src/install/robethichor_interfaces/include/robethichor_interfaces/robethichor_interfaces/srv/negotiation_service.hpp
[1.038s] -- Up-to-date: /home/gianluca/ros2_ws/src/install/robethichor_interfaces/include/robethichor_interfaces/robethichor_interfaces
[1.038s] -- Up-to-date: /home/gianluca/ros2_ws/src/install/robethichor_interfaces/include/robethichor_interfaces/robethichor_interfaces/msg
[1.039s] -- Up-to-date: /home/gianluca/ros2_ws/src/install/robethichor_interfaces/include/robethichor_interfaces/robethichor_interfaces/msg/rosidl_typesupport_fastrtps_cpp__visibility_control.h
[1.039s] -- Up-to-date: /home/gianluca/ros2_ws/src/install/robethichor_interfaces/include/robethichor_interfaces/robethichor_interfaces/srv
[1.039s] -- Up-to-date: /home/gianluca/ros2_ws/src/install/robethichor_interfaces/include/robethichor_interfaces/robethichor_interfaces/srv/detail
[1.039s] -- Up-to-date: /home/gianluca/ros2_ws/src/install/robethichor_interfaces/include/robethichor_interfaces/robethichor_interfaces/srv/detail/dds_fastrtps
[1.039s] -- Up-to-date: /home/gianluca/ros2_ws/src/install/robethichor_interfaces/include/robethichor_interfaces/robethichor_interfaces/srv/detail/user_status_service__rosidl_typesupport_fastrtps_cpp.hpp
[1.039s] -- Up-to-date: /home/gianluca/ros2_ws/src/install/robethichor_interfaces/include/robethichor_interfaces/robethichor_interfaces/srv/detail/negotiation_service__rosidl_typesupport_fastrtps_cpp.hpp
[1.039s] -- Up-to-date: /home/gianluca/ros2_ws/src/install/robethichor_interfaces/lib/librobethichor_interfaces__rosidl_typesupport_fastrtps_cpp.so
[1.039s] -- Up-to-date: /home/gianluca/ros2_ws/src/install/robethichor_interfaces/include/robethichor_interfaces/robethichor_interfaces
[1.039s] -- Up-to-date: /home/gianluca/ros2_ws/src/install/robethichor_interfaces/include/robethichor_interfaces/robethichor_interfaces/srv
[1.039s] -- Up-to-date: /home/gianluca/ros2_ws/src/install/robethichor_interfaces/include/robethichor_interfaces/robethichor_interfaces/srv/detail
[1.039s] -- Up-to-date: /home/gianluca/ros2_ws/src/install/robethichor_interfaces/include/robethichor_interfaces/robethichor_interfaces/srv/detail/negotiation_service__rosidl_typesupport_introspection_cpp.hpp
[1.039s] -- Up-to-date: /home/gianluca/ros2_ws/src/install/robethichor_interfaces/include/robethichor_interfaces/robethichor_interfaces/srv/detail/user_status_service__type_support.cpp
[1.039s] -- Up-to-date: /home/gianluca/ros2_ws/src/install/robethichor_interfaces/include/robethichor_interfaces/robethichor_interfaces/srv/detail/negotiation_service__type_support.cpp
[1.039s] -- Up-to-date: /home/gianluca/ros2_ws/src/install/robethichor_interfaces/include/robethichor_interfaces/robethichor_interfaces/srv/detail/user_status_service__rosidl_typesupport_introspection_cpp.hpp
[1.041s] -- Up-to-date: /home/gianluca/ros2_ws/src/install/robethichor_interfaces/lib/librobethichor_interfaces__rosidl_typesupport_introspection_cpp.so
[1.041s] -- Up-to-date: /home/gianluca/ros2_ws/src/install/robethichor_interfaces/lib/librobethichor_interfaces__rosidl_typesupport_cpp.so
[1.041s] -- Up-to-date: /home/gianluca/ros2_ws/src/install/robethichor_interfaces/share/robethichor_interfaces/environment/pythonpath.sh
[1.042s] -- Up-to-date: /home/gianluca/ros2_ws/src/install/robethichor_interfaces/share/robethichor_interfaces/environment/pythonpath.dsv
[1.042s] -- Up-to-date: /home/gianluca/ros2_ws/src/install/robethichor_interfaces/local/lib/python3.10/dist-packages/robethichor_interfaces-0.0.1-py3.10.egg-info
[1.042s] -- Installing: /home/gianluca/ros2_ws/src/install/robethichor_interfaces/local/lib/python3.10/dist-packages/robethichor_interfaces-0.0.1-py3.10.egg-info/SOURCES.txt
[1.042s] -- Installing: /home/gianluca/ros2_ws/src/install/robethichor_interfaces/local/lib/python3.10/dist-packages/robethichor_interfaces-0.0.1-py3.10.egg-info/PKG-INFO
[1.042s] -- Installing: /home/gianluca/ros2_ws/src/install/robethichor_interfaces/local/lib/python3.10/dist-packages/robethichor_interfaces-0.0.1-py3.10.egg-info/top_level.txt
[1.042s] -- Installing: /home/gianluca/ros2_ws/src/install/robethichor_interfaces/local/lib/python3.10/dist-packages/robethichor_interfaces-0.0.1-py3.10.egg-info/dependency_links.txt
[1.043s] -- Up-to-date: /home/gianluca/ros2_ws/src/install/robethichor_interfaces/local/lib/python3.10/dist-packages/robethichor_interfaces
[1.043s] -- Up-to-date: /home/gianluca/ros2_ws/src/install/robethichor_interfaces/local/lib/python3.10/dist-packages/robethichor_interfaces/librobethichor_interfaces__rosidl_generator_py.so
[1.043s] -- Up-to-date: /home/gianluca/ros2_ws/src/install/robethichor_interfaces/local/lib/python3.10/dist-packages/robethichor_interfaces/robethichor_interfaces_s__rosidl_typesupport_fastrtps_c.cpython-310-x86_64-linux-gnu.so
[1.045s] -- Up-to-date: /home/gianluca/ros2_ws/src/install/robethichor_interfaces/local/lib/python3.10/dist-packages/robethichor_interfaces/robethichor_interfaces_s__rosidl_typesupport_introspection_c.cpython-310-x86_64-linux-gnu.so
[1.045s] -- Up-to-date: /home/gianluca/ros2_ws/src/install/robethichor_interfaces/local/lib/python3.10/dist-packages/robethichor_interfaces/_robethichor_interfaces_s.ep.rosidl_typesupport_c.c
[1.048s] -- Up-to-date: /home/gianluca/ros2_ws/src/install/robethichor_interfaces/local/lib/python3.10/dist-packages/robethichor_interfaces/_robethichor_interfaces_s.ep.rosidl_typesupport_fastrtps_c.c
[1.048s] -- Up-to-date: /home/gianluca/ros2_ws/src/install/robethichor_interfaces/local/lib/python3.10/dist-packages/robethichor_interfaces/_robethichor_interfaces_s.ep.rosidl_typesupport_introspection_c.c
[1.049s] -- Up-to-date: /home/gianluca/ros2_ws/src/install/robethichor_interfaces/local/lib/python3.10/dist-packages/robethichor_interfaces/__init__.py
[1.049s] -- Up-to-date: /home/gianluca/ros2_ws/src/install/robethichor_interfaces/local/lib/python3.10/dist-packages/robethichor_interfaces/srv
[1.049s] -- Up-to-date: /home/gianluca/ros2_ws/src/install/robethichor_interfaces/local/lib/python3.10/dist-packages/robethichor_interfaces/srv/_negotiation_service.py
[1.049s] -- Up-to-date: /home/gianluca/ros2_ws/src/install/robethichor_interfaces/local/lib/python3.10/dist-packages/robethichor_interfaces/srv/_user_status_service.py
[1.049s] -- Up-to-date: /home/gianluca/ros2_ws/src/install/robethichor_interfaces/local/lib/python3.10/dist-packages/robethichor_interfaces/srv/__init__.py
[1.049s] -- Up-to-date: /home/gianluca/ros2_ws/src/install/robethichor_interfaces/local/lib/python3.10/dist-packages/robethichor_interfaces/srv/_negotiation_service_s.c
[1.049s] -- Up-to-date: /home/gianluca/ros2_ws/src/install/robethichor_interfaces/local/lib/python3.10/dist-packages/robethichor_interfaces/srv/_user_status_service_s.c
[1.049s] -- Up-to-date: /home/gianluca/ros2_ws/src/install/robethichor_interfaces/local/lib/python3.10/dist-packages/robethichor_interfaces/robethichor_interfaces_s__rosidl_typesupport_c.cpython-310-x86_64-linux-gnu.so
[1.120s] Listing '/home/gianluca/ros2_ws/src/install/robethichor_interfaces/local/lib/python3.10/dist-packages/robethichor_interfaces'...
[1.123s] Listing '/home/gianluca/ros2_ws/src/install/robethichor_interfaces/local/lib/python3.10/dist-packages/robethichor_interfaces/srv'...
[1.129s] -- Up-to-date: /home/gianluca/ros2_ws/src/install/robethichor_interfaces/local/lib/python3.10/dist-packages/robethichor_interfaces/robethichor_interfaces_s__rosidl_typesupport_fastrtps_c.cpython-310-x86_64-linux-gnu.so
[1.129s] -- Up-to-date: /home/gianluca/ros2_ws/src/install/robethichor_interfaces/local/lib/python3.10/dist-packages/robethichor_interfaces/robethichor_interfaces_s__rosidl_typesupport_introspection_c.cpython-310-x86_64-linux-gnu.so
[1.129s] -- Up-to-date: /home/gianluca/ros2_ws/src/install/robethichor_interfaces/local/lib/python3.10/dist-packages/robethichor_interfaces/robethichor_interfaces_s__rosidl_typesupport_c.cpython-310-x86_64-linux-gnu.so
[1.132s] -- Up-to-date: /home/gianluca/ros2_ws/src/install/robethichor_interfaces/lib/librobethichor_interfaces__rosidl_generator_py.so
[1.133s] -- Up-to-date: /home/gianluca/ros2_ws/src/install/robethichor_interfaces/share/robethichor_interfaces/srv/UserStatusService.idl
[1.134s] -- Up-to-date: /home/gianluca/ros2_ws/src/install/robethichor_interfaces/share/robethichor_interfaces/srv/NegotiationService.idl
[1.134s] -- Up-to-date: /home/gianluca/ros2_ws/src/install/robethichor_interfaces/share/robethichor_interfaces/srv/UserStatusService.srv
[1.134s] -- Up-to-date: /home/gianluca/ros2_ws/src/install/robethichor_interfaces/share/robethichor_interfaces/srv/UserStatusService_Request.msg
[1.134s] -- Up-to-date: /home/gianluca/ros2_ws/src/install/robethichor_interfaces/share/robethichor_interfaces/srv/UserStatusService_Response.msg
[1.134s] -- Up-to-date: /home/gianluca/ros2_ws/src/install/robethichor_interfaces/share/robethichor_interfaces/srv/NegotiationService.srv
[1.134s] -- Up-to-date: /home/gianluca/ros2_ws/src/install/robethichor_interfaces/share/robethichor_interfaces/srv/NegotiationService_Request.msg
[1.135s] -- Up-to-date: /home/gianluca/ros2_ws/src/install/robethichor_interfaces/share/robethichor_interfaces/srv/NegotiationService_Response.msg
[1.135s] -- Up-to-date: /home/gianluca/ros2_ws/src/install/robethichor_interfaces/share/ament_index/resource_index/package_run_dependencies/robethichor_interfaces
[1.135s] -- Up-to-date: /home/gianluca/ros2_ws/src/install/robethichor_interfaces/share/ament_index/resource_index/parent_prefix_path/robethichor_interfaces
[1.135s] -- Up-to-date: /home/gianluca/ros2_ws/src/install/robethichor_interfaces/share/robethichor_interfaces/environment/ament_prefix_path.sh
[1.135s] -- Up-to-date: /home/gianluca/ros2_ws/src/install/robethichor_interfaces/share/robethichor_interfaces/environment/ament_prefix_path.dsv
[1.135s] -- Up-to-date: /home/gianluca/ros2_ws/src/install/robethichor_interfaces/share/robethichor_interfaces/environment/path.sh
[1.135s] -- Up-to-date: /home/gianluca/ros2_ws/src/install/robethichor_interfaces/share/robethichor_interfaces/environment/path.dsv
[1.135s] -- Up-to-date: /home/gianluca/ros2_ws/src/install/robethichor_interfaces/share/robethichor_interfaces/local_setup.bash
[1.140s] -- Up-to-date: /home/gianluca/ros2_ws/src/install/robethichor_interfaces/share/robethichor_interfaces/local_setup.sh
[1.140s] -- Up-to-date: /home/gianluca/ros2_ws/src/install/robethichor_interfaces/share/robethichor_interfaces/local_setup.zsh
[1.140s] -- Up-to-date: /home/gianluca/ros2_ws/src/install/robethichor_interfaces/share/robethichor_interfaces/local_setup.dsv
[1.140s] -- Installing: /home/gianluca/ros2_ws/src/install/robethichor_interfaces/share/robethichor_interfaces/package.dsv
[1.140s] -- Up-to-date: /home/gianluca/ros2_ws/src/install/robethichor_interfaces/share/ament_index/resource_index/packages/robethichor_interfaces
[1.140s] -- Up-to-date: /home/gianluca/ros2_ws/src/install/robethichor_interfaces/share/robethichor_interfaces/cmake/export_robethichor_interfaces__rosidl_generator_cExport.cmake
[1.140s] -- Up-to-date: /home/gianluca/ros2_ws/src/install/robethichor_interfaces/share/robethichor_interfaces/cmake/export_robethichor_interfaces__rosidl_generator_cExport-noconfig.cmake
[1.140s] -- Up-to-date: /home/gianluca/ros2_ws/src/install/robethichor_interfaces/share/robethichor_interfaces/cmake/export_robethichor_interfaces__rosidl_typesupport_fastrtps_cExport.cmake
[1.140s] -- Up-to-date: /home/gianluca/ros2_ws/src/install/robethichor_interfaces/share/robethichor_interfaces/cmake/export_robethichor_interfaces__rosidl_typesupport_fastrtps_cExport-noconfig.cmake
[1.140s] -- Up-to-date: /home/gianluca/ros2_ws/src/install/robethichor_interfaces/share/robethichor_interfaces/cmake/robethichor_interfaces__rosidl_typesupport_introspection_cExport.cmake
[1.140s] -- Up-to-date: /home/gianluca/ros2_ws/src/install/robethichor_interfaces/share/robethichor_interfaces/cmake/robethichor_interfaces__rosidl_typesupport_introspection_cExport-noconfig.cmake
[1.141s] -- Up-to-date: /home/gianluca/ros2_ws/src/install/robethichor_interfaces/share/robethichor_interfaces/cmake/robethichor_interfaces__rosidl_typesupport_cExport.cmake
[1.141s] -- Up-to-date: /home/gianluca/ros2_ws/src/install/robethichor_interfaces/share/robethichor_interfaces/cmake/robethichor_interfaces__rosidl_typesupport_cExport-noconfig.cmake
[1.141s] -- Up-to-date: /home/gianluca/ros2_ws/src/install/robethichor_interfaces/share/robethichor_interfaces/cmake/export_robethichor_interfaces__rosidl_generator_cppExport.cmake
[1.141s] -- Up-to-date: /home/gianluca/ros2_ws/src/install/robethichor_interfaces/share/robethichor_interfaces/cmake/export_robethichor_interfaces__rosidl_typesupport_fastrtps_cppExport.cmake
[1.141s] -- Up-to-date: /home/gianluca/ros2_ws/src/install/robethichor_interfaces/share/robethichor_interfaces/cmake/export_robethichor_interfaces__rosidl_typesupport_fastrtps_cppExport-noconfig.cmake
[1.141s] -- Up-to-date: /home/gianluca/ros2_ws/src/install/robethichor_interfaces/share/robethichor_interfaces/cmake/robethichor_interfaces__rosidl_typesupport_introspection_cppExport.cmake
[1.141s] -- Up-to-date: /home/gianluca/ros2_ws/src/install/robethichor_interfaces/share/robethichor_interfaces/cmake/robethichor_interfaces__rosidl_typesupport_introspection_cppExport-noconfig.cmake
[1.141s] -- Up-to-date: /home/gianluca/ros2_ws/src/install/robethichor_interfaces/share/robethichor_interfaces/cmake/robethichor_interfaces__rosidl_typesupport_cppExport.cmake
[1.141s] -- Up-to-date: /home/gianluca/ros2_ws/src/install/robethichor_interfaces/share/robethichor_interfaces/cmake/robethichor_interfaces__rosidl_typesupport_cppExport-noconfig.cmake
[1.141s] -- Up-to-date: /home/gianluca/ros2_ws/src/install/robethichor_interfaces/share/robethichor_interfaces/cmake/export_robethichor_interfaces__rosidl_generator_pyExport.cmake
[1.141s] -- Up-to-date: /home/gianluca/ros2_ws/src/install/robethichor_interfaces/share/robethichor_interfaces/cmake/export_robethichor_interfaces__rosidl_generator_pyExport-noconfig.cmake
[1.146s] -- Up-to-date: /home/gianluca/ros2_ws/src/install/robethichor_interfaces/share/robethichor_interfaces/cmake/rosidl_cmake-extras.cmake
[1.146s] -- Up-to-date: /home/gianluca/ros2_ws/src/install/robethichor_interfaces/share/robethichor_interfaces/cmake/ament_cmake_export_include_directories-extras.cmake
[1.147s] -- Up-to-date: /home/gianluca/ros2_ws/src/install/robethichor_interfaces/share/robethichor_interfaces/cmake/ament_cmake_export_libraries-extras.cmake
[1.147s] -- Up-to-date: /home/gianluca/ros2_ws/src/install/robethichor_interfaces/share/robethichor_interfaces/cmake/ament_cmake_export_targets-extras.cmake
[1.147s] -- Up-to-date: /home/gianluca/ros2_ws/src/install/robethichor_interfaces/share/robethichor_interfaces/cmake/rosidl_cmake_export_typesupport_targets-extras.cmake
[1.147s] -- Up-to-date: /home/gianluca/ros2_ws/src/install/robethichor_interfaces/share/robethichor_interfaces/cmake/ament_cmake_export_dependencies-extras.cmake
[1.147s] -- Up-to-date: /home/gianluca/ros2_ws/src/install/robethichor_interfaces/share/robethichor_interfaces/cmake/rosidl_cmake_export_typesupport_libraries-extras.cmake
[1.147s] -- Up-to-date: /home/gianluca/ros2_ws/src/install/robethichor_interfaces/share/robethichor_interfaces/cmake/robethichor_interfacesConfig.cmake
[1.147s] -- Up-to-date: /home/gianluca/ros2_ws/src/install/robethichor_interfaces/share/robethichor_interfaces/cmake/robethichor_interfacesConfig-version.cmake
[1.147s] -- Up-to-date: /home/gianluca/ros2_ws/src/install/robethichor_interfaces/share/robethichor_interfaces/package.xml
[1.164s] Invoked command in '/home/gianluca/ros2_ws/src/build/robethichor_interfaces' returned '0': CMAKE_PREFIX_PATH=${CMAKE_PREFIX_PATH}:/home/gianluca/ros2_ws/src/install/robethichor:/home/gianluca/ros2_ws/install/robethichor:/opt/ros/humble /usr/bin/cmake --install /home/gianluca/ros2_ws/src/build/robethichor_interfaces
